warn: Microsoft.AspNetCore.DataProtection.Repositories.EphemeralXmlRepository[50]
      Using an in-memory repository. Keys will not be persisted to storage.
warn: Microsoft.AspNetCore.DataProtection.KeyManagement.XmlKeyManager[59]
      Neither user profile nor HKLM registry available. Using an ephemeral key repository. Protected data will be unavailable when application exits.
warn: Microsoft.AspNetCore.StaticFiles.StaticFileMiddleware[16]
      The WebRootPath was not found: C:\Inetpub\vhosts\megatransporte.mx\premios.megatransporte.mx\wwwroot. Static files may be unavailable.
info: Microsoft.AspNetCore.DataProtection.KeyManagement.XmlKeyManager[58]
      Creating key {231f85e4-ccf2-488a-85ef-d2b9c6394f3c} with creation date 2025-11-23 14:17:02Z, activation date 2025-11-23 14:17:02Z, and expiration date 2026-02-21 14:17:02Z.
warn: Microsoft.AspNetCore.DataProtection.KeyManagement.XmlKeyManager[35]
      No XML encryptor configured. Key {231f85e4-ccf2-488a-85ef-d2b9c6394f3c} may be persisted to storage in unencrypted form.
Hosting environment: Production
Content root path: C:\Inetpub\vhosts\megatransporte.mx\premios.megatransporte.mx
Now listening on: http://127.0.0.1:47414
Application started. Press Ctrl+C to shut down.
info: Microsoft.AspNetCore.Hosting.Diagnostics[1]
      Request starting HTTP/1.1 GET http://premios.megatransporte.mx/robots.txt - - -
fail: Microsoft.AspNetCore.Diagnostics.ExceptionHandlerMiddleware[1]
      An unhandled exception has occurred while executing the request.
      GeneXus.HttpHandlerFactory.PageNotFoundException: /robots.txt
         at GeneXus.Application.Startup.<>c.<<Configure>b__26_4>d.MoveNext()
      --- End of stack trace from previous location ---
         at Microsoft.AspNetCore.Builder.RouterMiddleware.Invoke(HttpContext httpContext)
         at Microsoft.AspNetCore.Diagnostics.ExceptionHandlerMiddlewareImpl.<Invoke>g__Awaited|10_0(ExceptionHandlerMiddlewareImpl middleware, HttpContext context, Task task)
info: Microsoft.AspNetCore.Hosting.Diagnostics[2]
      Request finished HTTP/1.1 GET https://premios.megatransporte.mx/robots.txt - 404 0 - 83.2877ms
info: Microsoft.AspNetCore.Hosting.Diagnostics[1]
      Request starting HTTP/1.1 POST http://127.0.0.1:47414/iisintegration - - 0
info: Microsoft.AspNetCore.Hosting.Diagnostics[2]
      Request finished HTTP/1.1 POST http://127.0.0.1:47414/iisintegration - 202 0 - 0.7335ms
