warn: Microsoft.AspNetCore.DataProtection.Repositories.EphemeralXmlRepository[50]
      Using an in-memory repository. Keys will not be persisted to storage.
warn: Microsoft.AspNetCore.DataProtection.KeyManagement.XmlKeyManager[59]
      Neither user profile nor HKLM registry available. Using an ephemeral key repository. Protected data will be unavailable when application exits.
warn: Microsoft.AspNetCore.StaticFiles.StaticFileMiddleware[16]
      The WebRootPath was not found: C:\Inetpub\vhosts\megatransporte.mx\premios.megatransporte.mx\wwwroot. Static files may be unavailable.
info: Microsoft.AspNetCore.DataProtection.KeyManagement.XmlKeyManager[58]
      Creating key {769b9145-a1b8-4c76-ba67-921481d728a5} with creation date 2026-06-19 18:40:15Z, activation date 2026-06-19 18:40:15Z, and expiration date 2026-09-17 18:40:15Z.
warn: Microsoft.AspNetCore.DataProtection.KeyManagement.XmlKeyManager[35]
      No XML encryptor configured. Key {769b9145-a1b8-4c76-ba67-921481d728a5} may be persisted to storage in unencrypted form.
Hosting environment: Production
Content root path: C:\Inetpub\vhosts\megatransporte.mx\premios.megatransporte.mx
Now listening on: http://127.0.0.1:12591
Application started. Press Ctrl+C to shut down.
info: Microsoft.AspNetCore.Hosting.Diagnostics[1]
      Request starting HTTP/1.1 GET http://premios.megatransporte.mx/login.aspx - - -
info: Microsoft.AspNetCore.Session.DistributedSession[3]
      Session started; Key:82ee45e9-4713-9bb9-3586-bcc82cf56ef3, Id:1599285b-b3fe-d421-55e4-ca4ccc1dc47c
info: Microsoft.AspNetCore.Hosting.Diagnostics[2]
      Request finished HTTP/1.1 GET https://premios.megatransporte.mx/login.aspx - 200 - text/html 9281.5248ms
info: Microsoft.AspNetCore.Hosting.Diagnostics[1]
      Request starting HTTP/1.1 GET http://premios.megatransporte.mx/bootstrap/css/bootstrap.min.css?20265111632385 - - -
info: Microsoft.AspNetCore.Hosting.Diagnostics[1]
      Request starting HTTP/1.1 GET http://premios.megatransporte.mx/DVelop/DVMessage/DVMessage.css?20265111632385 - - -
info: Microsoft.AspNetCore.Hosting.Diagnostics[1]
      Request starting HTTP/1.1 GET http://premios.megatransporte.mx/DVelop/Shared/daterangepicker/daterangepicker.css?20265111632385 - - -
info: Microsoft.AspNetCore.Hosting.Diagnostics[1]
      Request starting HTTP/1.1 GET http://premios.megatransporte.mx/jquery.js?1018140 - - -
info: Microsoft.AspNetCore.StaticFiles.StaticFileMiddleware[2]
      Sending file. Request path: '/DVelop/Shared/daterangepicker/daterangepicker.css'. Physical path: 'C:\Inetpub\vhosts\megatransporte.mx\premios.megatransporte.mx\DVelop\Shared\daterangepicker\daterangepicker.css'
info: Microsoft.AspNetCore.Hosting.Diagnostics[2]
      Request finished HTTP/1.1 GET https://premios.megatransporte.mx/DVelop/Shared/daterangepicker/daterangepicker.css?20265111632385 - 200 - text/css 94.9075ms
info: Microsoft.AspNetCore.StaticFiles.StaticFileMiddleware[2]
      Sending file. Request path: '/DVelop/DVMessage/DVMessage.css'. Physical path: 'C:\Inetpub\vhosts\megatransporte.mx\premios.megatransporte.mx\DVelop\DVMessage\DVMessage.css'
info: Microsoft.AspNetCore.Hosting.Diagnostics[2]
      Request finished HTTP/1.1 GET https://premios.megatransporte.mx/DVelop/DVMessage/DVMessage.css?20265111632385 - 200 - text/css 101.8303ms
info: Microsoft.AspNetCore.Hosting.Diagnostics[1]
      Request starting HTTP/1.1 GET http://premios.megatransporte.mx/DVelop/Bootstrap/Shared/DVelopBootstrap.css?20265111632385 - - -
info: Microsoft.AspNetCore.Hosting.Diagnostics[1]
      Request starting HTTP/1.1 GET http://premios.megatransporte.mx/Resources/Spanish/WorkWithPlusDS.css?20265111632385 - - -
info: Microsoft.AspNetCore.StaticFiles.StaticFileMiddleware[2]
      Sending file. Request path: '/bootstrap/css/bootstrap.min.css'. Physical path: 'C:\Inetpub\vhosts\megatransporte.mx\premios.megatransporte.mx\bootstrap\css\bootstrap.min.css'
info: Microsoft.AspNetCore.Hosting.Diagnostics[2]
      Request finished HTTP/1.1 GET https://premios.megatransporte.mx/bootstrap/css/bootstrap.min.css?20265111632385 - 200 - text/css 104.4623ms
info: Microsoft.AspNetCore.Hosting.Diagnostics[1]
      Request starting HTTP/1.1 GET http://premios.megatransporte.mx/calendar-system.css?20265111632385 - - -
info: Microsoft.AspNetCore.Hosting.Diagnostics[1]
      Request starting HTTP/1.1 GET http://premios.megatransporte.mx/DVelop/Bootstrap/Shared/fontawesome_vlatest/css/all.min.css?20265111632385 - - -
info: Microsoft.AspNetCore.StaticFiles.StaticFileMiddleware[2]
      Sending file. Request path: '/Spanish/WorkWithPlusDS.css'. Physical path: 'C:\Inetpub\vhosts\megatransporte.mx\premios.megatransporte.mx\Resources\Spanish\WorkWithPlusDS.css'
info: Microsoft.AspNetCore.Hosting.Diagnostics[2]
      Request finished HTTP/1.1 GET https://premios.megatransporte.mx/Resources/Spanish/WorkWithPlusDS.css?20265111632385 - 200 - text/css 22.0318ms
info: Microsoft.AspNetCore.StaticFiles.StaticFileMiddleware[2]
      Sending file. Request path: '/calendar-system.css'. Physical path: 'C:\Inetpub\vhosts\megatransporte.mx\premios.megatransporte.mx\calendar-system.css'
info: Microsoft.AspNetCore.Hosting.Diagnostics[2]
      Request finished HTTP/1.1 GET https://premios.megatransporte.mx/calendar-system.css?20265111632385 - 200 - text/css 24.3228ms
info: Microsoft.AspNetCore.StaticFiles.StaticFileMiddleware[2]
      Sending file. Request path: '/DVelop/Bootstrap/Shared/DVelopBootstrap.css'. Physical path: 'C:\Inetpub\vhosts\megatransporte.mx\premios.megatransporte.mx\DVelop\Bootstrap\Shared\DVelopBootstrap.css'
info: Microsoft.AspNetCore.Hosting.Diagnostics[2]
      Request finished HTTP/1.1 GET https://premios.megatransporte.mx/DVelop/Bootstrap/Shared/DVelopBootstrap.css?20265111632385 - 200 - text/css 39.6264ms
info: Microsoft.AspNetCore.StaticFiles.StaticFileMiddleware[2]
      Sending file. Request path: '/DVelop/Bootstrap/Shared/fontawesome_vlatest/css/all.min.css'. Physical path: 'C:\Inetpub\vhosts\megatransporte.mx\premios.megatransporte.mx\DVelop\Bootstrap\Shared\fontawesome_vlatest\css\all.min.css'
info: Microsoft.AspNetCore.Hosting.Diagnostics[2]
      Request finished HTTP/1.1 GET https://premios.megatransporte.mx/DVelop/Bootstrap/Shared/fontawesome_vlatest/css/all.min.css?20265111632385 - 200 - text/css 41.7757ms
info: Microsoft.AspNetCore.Hosting.Diagnostics[1]
      Request starting HTTP/1.1 GET http://premios.megatransporte.mx/Resources/ImageLogin.png - - -
info: Microsoft.AspNetCore.StaticFiles.StaticFileMiddleware[2]
      Sending file. Request path: '/ImageLogin.png'. Physical path: 'C:\Inetpub\vhosts\megatransporte.mx\premios.megatransporte.mx\Resources\ImageLogin.png'
info: Microsoft.AspNetCore.Hosting.Diagnostics[2]
      Request finished HTTP/1.1 GET https://premios.megatransporte.mx/Resources/ImageLogin.png - 200 10715 image/png 10.2810ms
info: Microsoft.AspNetCore.Hosting.Diagnostics[1]
      Request starting HTTP/1.1 GET http://premios.megatransporte.mx/gxgral.js?1018140 - - -
info: Microsoft.AspNetCore.Hosting.Diagnostics[1]
      Request starting HTTP/1.1 GET http://premios.megatransporte.mx/Resources/calendar.png - - -
info: Microsoft.AspNetCore.Hosting.Diagnostics[1]
      Request starting HTTP/1.1 GET http://premios.megatransporte.mx/gxcfg.js?20265111632385 - - -
info: Microsoft.AspNetCore.StaticFiles.StaticFileMiddleware[2]
      Sending file. Request path: '/calendar.png'. Physical path: 'C:\Inetpub\vhosts\megatransporte.mx\premios.megatransporte.mx\Resources\calendar.png'
info: Microsoft.AspNetCore.Hosting.Diagnostics[2]
      Request finished HTTP/1.1 GET https://premios.megatransporte.mx/Resources/calendar.png - 200 629 image/png 1.1952ms
info: Microsoft.AspNetCore.StaticFiles.StaticFileMiddleware[2]
      Sending file. Request path: '/gxcfg.js'. Physical path: 'C:\Inetpub\vhosts\megatransporte.mx\premios.megatransporte.mx\gxcfg.js'
info: Microsoft.AspNetCore.Hosting.Diagnostics[2]
      Request finished HTTP/1.1 GET https://premios.megatransporte.mx/gxcfg.js?20265111632385 - 200 667 text/javascript 3.0879ms
info: Microsoft.AspNetCore.Hosting.Diagnostics[1]
      Request starting HTTP/1.1 GET http://premios.megatransporte.mx/bootstrap/js/bootstrap.min.js?20265111632385 - - -
info: Microsoft.AspNetCore.StaticFiles.StaticFileMiddleware[2]
      Sending file. Request path: '/jquery.js'. Physical path: 'C:\Inetpub\vhosts\megatransporte.mx\premios.megatransporte.mx\jquery.js'
info: Microsoft.AspNetCore.Hosting.Diagnostics[2]
      Request finished HTTP/1.1 GET https://premios.megatransporte.mx/jquery.js?1018140 - 200 89664 text/javascript 184.3985ms
info: Microsoft.AspNetCore.StaticFiles.StaticFileMiddleware[2]
      Sending file. Request path: '/bootstrap/js/bootstrap.min.js'. Physical path: 'C:\Inetpub\vhosts\megatransporte.mx\premios.megatransporte.mx\bootstrap\js\bootstrap.min.js'
info: Microsoft.AspNetCore.Hosting.Diagnostics[2]
      Request finished HTTP/1.1 GET https://premios.megatransporte.mx/bootstrap/js/bootstrap.min.js?20265111632385 - 200 39680 text/javascript 114.9183ms
info: Microsoft.AspNetCore.Hosting.Diagnostics[1]
      Request starting HTTP/1.1 GET http://premios.megatransporte.mx/Resources/Spanish/WorkWithPlusDS_Tokens.css - - -
info: Microsoft.AspNetCore.StaticFiles.StaticFileMiddleware[2]
      Sending file. Request path: '/Spanish/WorkWithPlusDS_Tokens.css'. Physical path: 'C:\Inetpub\vhosts\megatransporte.mx\premios.megatransporte.mx\Resources\Spanish\WorkWithPlusDS_Tokens.css'
info: Microsoft.AspNetCore.Hosting.Diagnostics[2]
      Request finished HTTP/1.1 GET https://premios.megatransporte.mx/Resources/Spanish/WorkWithPlusDS_Tokens.css - 200 - text/css 1.2475ms
info: Microsoft.AspNetCore.Hosting.Diagnostics[1]
      Request starting HTTP/1.1 GET http://premios.megatransporte.mx/Resources/Spanish/WWPBaseObjects.WorkWithPlusBaseDS.css - - -
info: Microsoft.AspNetCore.Hosting.Diagnostics[1]
      Request starting HTTP/1.1 GET http://premios.megatransporte.mx/messages.spa.js?20265111632385 - - -
info: Microsoft.AspNetCore.Hosting.Diagnostics[1]
      Request starting HTTP/1.1 GET http://premios.megatransporte.mx/login.js?20265111131283 - - -
info: Microsoft.AspNetCore.StaticFiles.StaticFileMiddleware[2]
      Sending file. Request path: '/login.js'. Physical path: 'C:\Inetpub\vhosts\megatransporte.mx\premios.megatransporte.mx\login.js'
info: Microsoft.AspNetCore.Hosting.Diagnostics[2]
      Request finished HTTP/1.1 GET https://premios.megatransporte.mx/login.js?20265111131283 - 200 6980 text/javascript 13.3289ms
info: Microsoft.AspNetCore.StaticFiles.StaticFileMiddleware[2]
      Sending file. Request path: '/messages.spa.js'. Physical path: 'C:\Inetpub\vhosts\megatransporte.mx\premios.megatransporte.mx\messages.spa.js'
info: Microsoft.AspNetCore.Hosting.Diagnostics[2]
      Request finished HTTP/1.1 GET https://premios.megatransporte.mx/messages.spa.js?20265111632385 - 200 88022 text/javascript 65.3501ms
info: Microsoft.AspNetCore.StaticFiles.StaticFileMiddleware[2]
      Sending file. Request path: '/Spanish/WWPBaseObjects.WorkWithPlusBaseDS.css'. Physical path: 'C:\Inetpub\vhosts\megatransporte.mx\premios.megatransporte.mx\Resources\Spanish\WWPBaseObjects.WorkWithPlusBaseDS.css'
info: Microsoft.AspNetCore.Hosting.Diagnostics[2]
      Request finished HTTP/1.1 GET https://premios.megatransporte.mx/Resources/Spanish/WWPBaseObjects.WorkWithPlusBaseDS.css - 200 - text/css 89.3690ms
info: Microsoft.AspNetCore.Hosting.Diagnostics[1]
      Request starting HTTP/1.1 GET http://premios.megatransporte.mx/calendar.js?1018140 - - -
info: Microsoft.AspNetCore.StaticFiles.StaticFileMiddleware[2]
      Sending file. Request path: '/gxgral.js'. Physical path: 'C:\Inetpub\vhosts\megatransporte.mx\premios.megatransporte.mx\gxgral.js'
info: Microsoft.AspNetCore.Hosting.Diagnostics[2]
      Request finished HTTP/1.1 GET https://premios.megatransporte.mx/gxgral.js?1018140 - 200 661977 text/javascript 351.9795ms
info: Microsoft.AspNetCore.StaticFiles.StaticFileMiddleware[2]
      Sending file. Request path: '/calendar.js'. Physical path: 'C:\Inetpub\vhosts\megatransporte.mx\premios.megatransporte.mx\calendar.js'
info: Microsoft.AspNetCore.Hosting.Diagnostics[2]
      Request finished HTTP/1.1 GET https://premios.megatransporte.mx/calendar.js?1018140 - 200 26338 text/javascript 103.2242ms
info: Microsoft.AspNetCore.Hosting.Diagnostics[1]
      Request starting HTTP/1.1 GET http://premios.megatransporte.mx/Resources/Spanish/WWPBaseObjects.WorkWithPlusBaseDS_Tokens.css - - -
info: Microsoft.AspNetCore.Hosting.Diagnostics[1]
      Request starting HTTP/1.1 GET http://premios.megatransporte.mx/Resources/Spanish/AnyStyles.ImagesTokens.css - - -
info: Microsoft.AspNetCore.Hosting.Diagnostics[1]
      Request starting HTTP/1.1 GET http://premios.megatransporte.mx/calendar-setup.js?1018140 - - -
info: Microsoft.AspNetCore.StaticFiles.StaticFileMiddleware[2]
      Sending file. Request path: '/Spanish/AnyStyles.ImagesTokens.css'. Physical path: 'C:\Inetpub\vhosts\megatransporte.mx\premios.megatransporte.mx\Resources\Spanish\AnyStyles.ImagesTokens.css'
info: Microsoft.AspNetCore.Hosting.Diagnostics[2]
      Request finished HTTP/1.1 GET https://premios.megatransporte.mx/Resources/Spanish/AnyStyles.ImagesTokens.css - 200 - text/css 24.5683ms
info: Microsoft.AspNetCore.StaticFiles.StaticFileMiddleware[2]
      Sending file. Request path: '/Spanish/WWPBaseObjects.WorkWithPlusBaseDS_Tokens.css'. Physical path: 'C:\Inetpub\vhosts\megatransporte.mx\premios.megatransporte.mx\Resources\Spanish\WWPBaseObjects.WorkWithPlusBaseDS_Tokens.css'
info: Microsoft.AspNetCore.Hosting.Diagnostics[2]
      Request finished HTTP/1.1 GET https://premios.megatransporte.mx/Resources/Spanish/WWPBaseObjects.WorkWithPlusBaseDS_Tokens.css - 200 - text/css 30.9397ms
info: Microsoft.AspNetCore.StaticFiles.StaticFileMiddleware[2]
      Sending file. Request path: '/calendar-setup.js'. Physical path: 'C:\Inetpub\vhosts\megatransporte.mx\premios.megatransporte.mx\calendar-setup.js'
info: Microsoft.AspNetCore.Hosting.Diagnostics[2]
      Request finished HTTP/1.1 GET https://premios.megatransporte.mx/calendar-setup.js?1018140 - 200 3066 text/javascript 43.9229ms
info: Microsoft.AspNetCore.Hosting.Diagnostics[1]
      Request starting HTTP/1.1 GET http://premios.megatransporte.mx/calendar-es.js?1018140 - - -
info: Microsoft.AspNetCore.StaticFiles.StaticFileMiddleware[2]
      Sending file. Request path: '/calendar-es.js'. Physical path: 'C:\Inetpub\vhosts\megatransporte.mx\premios.megatransporte.mx\calendar-es.js'
info: Microsoft.AspNetCore.Hosting.Diagnostics[2]
      Request finished HTTP/1.1 GET https://premios.megatransporte.mx/calendar-es.js?1018140 - 200 2004 text/javascript 7.1243ms
info: Microsoft.AspNetCore.Hosting.Diagnostics[1]
      Request starting HTTP/1.1 GET http://premios.megatransporte.mx/DVelop/DVMessage/pnotify.custom.js?20265111632385 - - -
info: Microsoft.AspNetCore.Hosting.Diagnostics[1]
      Request starting HTTP/1.1 GET http://premios.megatransporte.mx/DVelop/Shared/WorkWithPlusCommon.js?20265111632385 - - -
info: Microsoft.AspNetCore.StaticFiles.StaticFileMiddleware[2]
      Sending file. Request path: '/DVelop/DVMessage/pnotify.custom.js'. Physical path: 'C:\Inetpub\vhosts\megatransporte.mx\premios.megatransporte.mx\DVelop\DVMessage\pnotify.custom.js'
info: Microsoft.AspNetCore.Hosting.Diagnostics[2]
      Request finished HTTP/1.1 GET https://premios.megatransporte.mx/DVelop/DVMessage/pnotify.custom.js?20265111632385 - 200 31442 text/javascript 463.2866ms
info: Microsoft.AspNetCore.Hosting.Diagnostics[1]
      Request starting HTTP/1.1 GET http://premios.megatransporte.mx/DVelop/Shared/daterangepicker/locales.js?20265111632385 - - -
info: Microsoft.AspNetCore.Hosting.Diagnostics[1]
      Request starting HTTP/1.1 GET http://premios.megatransporte.mx/DVelop/WorkWithPlusUtilities/WorkWithPlusUtilitiesRender.js?20265111632385 - - -
info: Microsoft.AspNetCore.Hosting.Diagnostics[1]
      Request starting HTTP/1.1 GET http://premios.megatransporte.mx/DVelop/WorkWithPlusUtilities/BootstrapSelect.js?20265111632385 - - -
info: Microsoft.AspNetCore.Hosting.Diagnostics[1]
      Request starting HTTP/1.1 GET http://premios.megatransporte.mx/DVelop/DVMessage/DVMessageRender.js?20265111632385 - - -
info: Microsoft.AspNetCore.Hosting.Diagnostics[1]
      Request starting HTTP/1.1 GET http://premios.megatransporte.mx/DVelop/Shared/daterangepicker/moment.min.js?20265111632385 - - -
info: Microsoft.AspNetCore.Hosting.Diagnostics[1]
      Request starting HTTP/1.1 GET http://premios.megatransporte.mx/DVelop/Mask/jquery.mask.js?20265111632385 - - -
info: Microsoft.AspNetCore.Hosting.Diagnostics[1]
      Request starting HTTP/1.1 GET http://premios.megatransporte.mx/DVelop/Shared/daterangepicker/wwp-daterangepicker.js?20265111632385 - - -
info: Microsoft.AspNetCore.StaticFiles.StaticFileMiddleware[2]
      Sending file. Request path: '/DVelop/DVMessage/DVMessageRender.js'. Physical path: 'C:\Inetpub\vhosts\megatransporte.mx\premios.megatransporte.mx\DVelop\DVMessage\DVMessageRender.js'
info: Microsoft.AspNetCore.Hosting.Diagnostics[2]
      Request finished HTTP/1.1 GET https://premios.megatransporte.mx/DVelop/DVMessage/DVMessageRender.js?20265111632385 - 200 8039 text/javascript 46.0367ms
info: Microsoft.AspNetCore.StaticFiles.StaticFileMiddleware[2]
      Sending file. Request path: '/DVelop/Mask/jquery.mask.js'. Physical path: 'C:\Inetpub\vhosts\megatransporte.mx\premios.megatransporte.mx\DVelop\Mask\jquery.mask.js'
info: Microsoft.AspNetCore.Hosting.Diagnostics[2]
      Request finished HTTP/1.1 GET https://premios.megatransporte.mx/DVelop/Mask/jquery.mask.js?20265111632385 - 200 7444 text/javascript 47.6929ms
info: Microsoft.AspNetCore.StaticFiles.StaticFileMiddleware[2]
      Sending file. Request path: '/DVelop/Shared/daterangepicker/locales.js'. Physical path: 'C:\Inetpub\vhosts\megatransporte.mx\premios.megatransporte.mx\DVelop\Shared\daterangepicker\locales.js'
info: Microsoft.AspNetCore.Hosting.Diagnostics[2]
      Request finished HTTP/1.1 GET https://premios.megatransporte.mx/DVelop/Shared/daterangepicker/locales.js?20265111632385 - 200 3806 text/javascript 88.0486ms
info: Microsoft.AspNetCore.StaticFiles.StaticFileMiddleware[2]
      Sending file. Request path: '/DVelop/Shared/daterangepicker/wwp-daterangepicker.js'. Physical path: 'C:\Inetpub\vhosts\megatransporte.mx\premios.megatransporte.mx\DVelop\Shared\daterangepicker\wwp-daterangepicker.js'
info: Microsoft.AspNetCore.Hosting.Diagnostics[1]
      Request starting HTTP/1.1 GET http://premios.megatransporte.mx/DVelop/Bootstrap/Tooltip/BootstrapTooltipRender.js?20265111632385 - - -
info: Microsoft.AspNetCore.StaticFiles.StaticFileMiddleware[2]
      Sending file. Request path: '/DVelop/Shared/WorkWithPlusCommon.js'. Physical path: 'C:\Inetpub\vhosts\megatransporte.mx\premios.megatransporte.mx\DVelop\Shared\WorkWithPlusCommon.js'
info: Microsoft.AspNetCore.Hosting.Diagnostics[2]
      Request finished HTTP/1.1 GET https://premios.megatransporte.mx/DVelop/Shared/WorkWithPlusCommon.js?20265111632385 - 200 28178 text/javascript 227.7476ms
info: Microsoft.AspNetCore.Hosting.Diagnostics[2]
      Request finished HTTP/1.1 GET https://premios.megatransporte.mx/DVelop/Shared/daterangepicker/wwp-daterangepicker.js?20265111632385 - 200 5914 text/javascript 76.8483ms
info: Microsoft.AspNetCore.StaticFiles.StaticFileMiddleware[2]
      Sending file. Request path: '/DVelop/Bootstrap/Tooltip/BootstrapTooltipRender.js'. Physical path: 'C:\Inetpub\vhosts\megatransporte.mx\premios.megatransporte.mx\DVelop\Bootstrap\Tooltip\BootstrapTooltipRender.js'
info: Microsoft.AspNetCore.Hosting.Diagnostics[2]
      Request finished HTTP/1.1 GET https://premios.megatransporte.mx/DVelop/Bootstrap/Tooltip/BootstrapTooltipRender.js?20265111632385 - 200 5931 text/javascript 11.6008ms
info: Microsoft.AspNetCore.Hosting.Diagnostics[1]
      Request starting HTTP/1.1 GET http://premios.megatransporte.mx/Resources/Spanish/Poppins-Regular.ttf - - -
info: Microsoft.AspNetCore.Hosting.Diagnostics[1]
      Request starting HTTP/1.1 GET http://premios.megatransporte.mx/DVelop/Shared/daterangepicker/daterangepicker.min.js?20265111632385 - - -
info: Microsoft.AspNetCore.Hosting.Diagnostics[1]
      Request starting HTTP/1.1 GET http://premios.megatransporte.mx/DVelop/DatePicker/DatePickerRender.js?20265111632385 - - -
info: Microsoft.AspNetCore.StaticFiles.StaticFileMiddleware[2]
      Sending file. Request path: '/DVelop/WorkWithPlusUtilities/WorkWithPlusUtilitiesRender.js'. Physical path: 'C:\Inetpub\vhosts\megatransporte.mx\premios.megatransporte.mx\DVelop\WorkWithPlusUtilities\WorkWithPlusUtilitiesRender.js'
info: Microsoft.AspNetCore.Hosting.Diagnostics[2]
      Request finished HTTP/1.1 GET https://premios.megatransporte.mx/DVelop/WorkWithPlusUtilities/WorkWithPlusUtilitiesRender.js?20265111632385 - 200 31913 text/javascript 142.4767ms
info: Microsoft.AspNetCore.Hosting.Diagnostics[1]
      Request starting HTTP/1.1 GET http://premios.megatransporte.mx/UserControls/LoaderRender.js?20265111632385 - - -
info: Microsoft.AspNetCore.Hosting.Diagnostics[1]
      Request starting HTTP/1.1 GET http://premios.megatransporte.mx/wwpbaseobjects/workwithplusmasterpageempty.js?2026511113128 - - -
info: Microsoft.AspNetCore.StaticFiles.StaticFileMiddleware[2]
      Sending file. Request path: '/DVelop/DatePicker/DatePickerRender.js'. Physical path: 'C:\Inetpub\vhosts\megatransporte.mx\premios.megatransporte.mx\DVelop\DatePicker\DatePickerRender.js'
info: Microsoft.AspNetCore.Hosting.Diagnostics[2]
      Request finished HTTP/1.1 GET https://premios.megatransporte.mx/DVelop/DatePicker/DatePickerRender.js?20265111632385 - 200 3208 text/javascript 14.8421ms
info: Microsoft.AspNetCore.StaticFiles.StaticFileMiddleware[2]
      Sending file. Request path: '/DVelop/WorkWithPlusUtilities/BootstrapSelect.js'. Physical path: 'C:\Inetpub\vhosts\megatransporte.mx\premios.megatransporte.mx\DVelop\WorkWithPlusUtilities\BootstrapSelect.js'
info: Microsoft.AspNetCore.Hosting.Diagnostics[2]
      Request finished HTTP/1.1 GET https://premios.megatransporte.mx/DVelop/WorkWithPlusUtilities/BootstrapSelect.js?20265111632385 - 200 52902 text/javascript 154.5787ms
info: Microsoft.AspNetCore.StaticFiles.StaticFileMiddleware[2]
      Sending file. Request path: '/Spanish/Poppins-Regular.ttf'. Physical path: 'C:\Inetpub\vhosts\megatransporte.mx\premios.megatransporte.mx\Resources\Spanish\Poppins-Regular.ttf'
info: Microsoft.AspNetCore.Hosting.Diagnostics[2]
      Request finished HTTP/1.1 GET https://premios.megatransporte.mx/Resources/Spanish/Poppins-Regular.ttf - 200 145312 application/x-font-ttf 40.6256ms
info: Microsoft.AspNetCore.StaticFiles.StaticFileMiddleware[2]
      Sending file. Request path: '/DVelop/Shared/daterangepicker/moment.min.js'. Physical path: 'C:\Inetpub\vhosts\megatransporte.mx\premios.megatransporte.mx\DVelop\Shared\daterangepicker\moment.min.js'
info: Microsoft.AspNetCore.Hosting.Diagnostics[2]
      Request finished HTTP/1.1 GET https://premios.megatransporte.mx/DVelop/Shared/daterangepicker/moment.min.js?20265111632385 - 200 59101 text/javascript 187.1529ms
info: Microsoft.AspNetCore.StaticFiles.StaticFileMiddleware[2]
      Sending file. Request path: '/wwpbaseobjects/workwithplusmasterpageempty.js'. Physical path: 'C:\Inetpub\vhosts\megatransporte.mx\premios.megatransporte.mx\wwpbaseobjects\workwithplusmasterpageempty.js'
info: Microsoft.AspNetCore.Hosting.Diagnostics[2]
      Request finished HTTP/1.1 GET https://premios.megatransporte.mx/wwpbaseobjects/workwithplusmasterpageempty.js?2026511113128 - 200 11094 text/javascript 53.6061ms
info: Microsoft.AspNetCore.StaticFiles.StaticFileMiddleware[2]
      Sending file. Request path: '/UserControls/LoaderRender.js'. Physical path: 'C:\Inetpub\vhosts\megatransporte.mx\premios.megatransporte.mx\UserControls\LoaderRender.js'
info: Microsoft.AspNetCore.Hosting.Diagnostics[2]
      Request finished HTTP/1.1 GET https://premios.megatransporte.mx/UserControls/LoaderRender.js?20265111632385 - 200 4616 text/javascript 111.8931ms
info: Microsoft.AspNetCore.StaticFiles.StaticFileMiddleware[2]
      Sending file. Request path: '/DVelop/Shared/daterangepicker/daterangepicker.min.js'. Physical path: 'C:\Inetpub\vhosts\megatransporte.mx\premios.megatransporte.mx\DVelop\Shared\daterangepicker\daterangepicker.min.js'
info: Microsoft.AspNetCore.Hosting.Diagnostics[2]
      Request finished HTTP/1.1 GET https://premios.megatransporte.mx/DVelop/Shared/daterangepicker/daterangepicker.min.js?20265111632385 - 200 63379 text/javascript 119.5160ms
info: Microsoft.AspNetCore.Hosting.Diagnostics[1]
      Request starting HTTP/1.1 GET http://premios.megatransporte.mx/login.aspx - - -
info: Microsoft.AspNetCore.Hosting.Diagnostics[1]
      Request starting HTTP/1.1 GET http://premios.megatransporte.mx/bootstrap/fonts/glyphicons-halflings-regular.woff2 - - -
info: Microsoft.AspNetCore.Hosting.Diagnostics[2]
      Request finished HTTP/1.1 GET https://premios.megatransporte.mx/login.aspx - 200 - text/html 32.7012ms
info: Microsoft.AspNetCore.StaticFiles.StaticFileMiddleware[2]
      Sending file. Request path: '/bootstrap/fonts/glyphicons-halflings-regular.woff2'. Physical path: 'C:\Inetpub\vhosts\megatransporte.mx\premios.megatransporte.mx\bootstrap\fonts\glyphicons-halflings-regular.woff2'
info: Microsoft.AspNetCore.Hosting.Diagnostics[2]
      Request finished HTTP/1.1 GET https://premios.megatransporte.mx/bootstrap/fonts/glyphicons-halflings-regular.woff2 - 200 18028 font/woff2 22.5397ms
info: Microsoft.AspNetCore.Hosting.Diagnostics[1]
      Request starting HTTP/1.1 GET http://premios.megatransporte.mx/bootstrap/fonts/glyphicons-halflings-regular.woff2 - - -
info: Microsoft.AspNetCore.StaticFiles.StaticFileMiddleware[2]
      Sending file. Request path: '/bootstrap/fonts/glyphicons-halflings-regular.woff2'. Physical path: 'C:\Inetpub\vhosts\megatransporte.mx\premios.megatransporte.mx\bootstrap\fonts\glyphicons-halflings-regular.woff2'
info: Microsoft.AspNetCore.Hosting.Diagnostics[2]
      Request finished HTTP/1.1 GET https://premios.megatransporte.mx/bootstrap/fonts/glyphicons-halflings-regular.woff2 - 200 18028 font/woff2 1.7031ms
info: Microsoft.AspNetCore.Hosting.Diagnostics[1]
      Request starting HTTP/1.1 GET http://premios.megatransporte.mx/Resources/Favicon.png - - -
info: Microsoft.AspNetCore.StaticFiles.StaticFileMiddleware[2]
      Sending file. Request path: '/Favicon.png'. Physical path: 'C:\Inetpub\vhosts\megatransporte.mx\premios.megatransporte.mx\Resources\Favicon.png'
info: Microsoft.AspNetCore.Hosting.Diagnostics[2]
      Request finished HTTP/1.1 GET https://premios.megatransporte.mx/Resources/Favicon.png - 200 5579 image/png 64.0598ms
info: Microsoft.AspNetCore.Hosting.Diagnostics[1]
      Request starting HTTP/1.1 POST http://127.0.0.1:12591/iisintegration - - 0
info: Microsoft.AspNetCore.Hosting.Diagnostics[2]
      Request finished HTTP/1.1 POST http://127.0.0.1:12591/iisintegration - 202 0 - 0.4522ms
