warn: Microsoft.AspNetCore.DataProtection.Repositories.EphemeralXmlRepository[50]
      Using an in-memory repository. Keys will not be persisted to storage.
warn: Microsoft.AspNetCore.DataProtection.KeyManagement.XmlKeyManager[59]
      Neither user profile nor HKLM registry available. Using an ephemeral key repository. Protected data will be unavailable when application exits.
warn: Microsoft.AspNetCore.StaticFiles.StaticFileMiddleware[16]
      The WebRootPath was not found: C:\Inetpub\vhosts\megatransporte.mx\premios.megatransporte.mx\wwwroot. Static files may be unavailable.
info: Microsoft.AspNetCore.DataProtection.KeyManagement.XmlKeyManager[58]
      Creating key {9693559b-b13e-4487-b9f8-f7a2cfd7cee5} with creation date 2026-06-10 19:11:27Z, activation date 2026-06-10 19:11:27Z, and expiration date 2026-09-08 19:11:27Z.
warn: Microsoft.AspNetCore.DataProtection.KeyManagement.XmlKeyManager[35]
      No XML encryptor configured. Key {9693559b-b13e-4487-b9f8-f7a2cfd7cee5} may be persisted to storage in unencrypted form.
Hosting environment: Production
Content root path: C:\Inetpub\vhosts\megatransporte.mx\premios.megatransporte.mx
Now listening on: http://127.0.0.1:14032
Application started. Press Ctrl+C to shut down.
info: Microsoft.AspNetCore.Hosting.Diagnostics[1]
      Request starting HTTP/1.1 GET http://premios.megatransporte.mx/home.aspx - - -
info: Microsoft.AspNetCore.Hosting.Diagnostics[1]
      Request starting HTTP/1.1 GET http://premios.megatransporte.mx/home.aspx - - -
info: Microsoft.AspNetCore.Session.DistributedSession[3]
      Session started; Key:25cd5bbd-ca5b-eb68-84bb-b75bb0ce76ca, Id:1c9ed814-7422-8a91-460e-d8003070a915
info: Microsoft.AspNetCore.Session.DistributedSession[3]
      Session started; Key:1d74f992-e5e1-56f9-58a5-7cb734310f7a, Id:b1c309e6-40df-3a17-0b32-86ed85e6f8c3
info: Microsoft.AspNetCore.Hosting.Diagnostics[2]
      Request finished HTTP/1.1 GET https://premios.megatransporte.mx/home.aspx - 200 - text/html 2293.6219ms
info: Microsoft.AspNetCore.Hosting.Diagnostics[2]
      Request finished HTTP/1.1 GET https://premios.megatransporte.mx/home.aspx - 200 - text/html 3474.0242ms
info: Microsoft.AspNetCore.Hosting.Diagnostics[1]
      Request starting HTTP/1.1 GET http://premios.megatransporte.mx/bootstrap/css/bootstrap.min.css?20265111632385 - - -
info: Microsoft.AspNetCore.Hosting.Diagnostics[1]
      Request starting HTTP/1.1 GET http://premios.megatransporte.mx/jquery.js?1018140 - - -
info: Microsoft.AspNetCore.Hosting.Diagnostics[1]
      Request starting HTTP/1.1 GET http://premios.megatransporte.mx/DVelop/Bootstrap/Shared/DVelopBootstrap.js?20265111632385 - - -
info: Microsoft.AspNetCore.Hosting.Diagnostics[1]
      Request starting HTTP/1.1 GET http://premios.megatransporte.mx/Resources/Spanish/WorkWithPlusDS.css?20265111632385 - - -
info: Microsoft.AspNetCore.Hosting.Diagnostics[1]
      Request starting HTTP/1.1 GET http://premios.megatransporte.mx/gxgral.js?1018140 - - -
info: Microsoft.AspNetCore.StaticFiles.StaticFileMiddleware[2]
      Sending file. Request path: '/Spanish/WorkWithPlusDS.css'. Physical path: 'C:\Inetpub\vhosts\megatransporte.mx\premios.megatransporte.mx\Resources\Spanish\WorkWithPlusDS.css'
info: Microsoft.AspNetCore.Hosting.Diagnostics[2]
      Request finished HTTP/1.1 GET https://premios.megatransporte.mx/Resources/Spanish/WorkWithPlusDS.css?20265111632385 - 200 - text/css 106.5951ms
info: Microsoft.AspNetCore.StaticFiles.StaticFileMiddleware[2]
      Sending file. Request path: '/bootstrap/css/bootstrap.min.css'. Physical path: 'C:\Inetpub\vhosts\megatransporte.mx\premios.megatransporte.mx\bootstrap\css\bootstrap.min.css'
info: Microsoft.AspNetCore.Hosting.Diagnostics[2]
      Request finished HTTP/1.1 GET https://premios.megatransporte.mx/bootstrap/css/bootstrap.min.css?20265111632385 - 200 - text/css 199.8505ms
info: Microsoft.AspNetCore.Hosting.Diagnostics[1]
      Request starting HTTP/1.1 GET http://premios.megatransporte.mx/bootstrap/js/bootstrap.min.js?20265111632385 - - -
info: Microsoft.AspNetCore.Hosting.Diagnostics[1]
      Request starting HTTP/1.1 GET http://premios.megatransporte.mx/gxcfg.js?20265111632385 - - -
info: Microsoft.AspNetCore.StaticFiles.StaticFileMiddleware[2]
      Sending file. Request path: '/gxcfg.js'. Physical path: 'C:\Inetpub\vhosts\megatransporte.mx\premios.megatransporte.mx\gxcfg.js'
info: Microsoft.AspNetCore.Hosting.Diagnostics[2]
      Request finished HTTP/1.1 GET https://premios.megatransporte.mx/gxcfg.js?20265111632385 - 200 667 text/javascript 3.1093ms
info: Microsoft.AspNetCore.Hosting.Diagnostics[1]
      Request starting HTTP/1.1 GET http://premios.megatransporte.mx/DVelop/Shared/WorkWithPlusCommon.js?20265111632385 - - -
info: Microsoft.AspNetCore.StaticFiles.StaticFileMiddleware[2]
      Sending file. Request path: '/jquery.js'. Physical path: 'C:\Inetpub\vhosts\megatransporte.mx\premios.megatransporte.mx\jquery.js'
info: Microsoft.AspNetCore.Hosting.Diagnostics[2]
      Request finished HTTP/1.1 GET https://premios.megatransporte.mx/jquery.js?1018140 - 200 89664 text/javascript 187.9899ms
info: Microsoft.AspNetCore.StaticFiles.StaticFileMiddleware[2]
      Sending file. Request path: '/DVelop/Bootstrap/Shared/DVelopBootstrap.js'. Physical path: 'C:\Inetpub\vhosts\megatransporte.mx\premios.megatransporte.mx\DVelop\Bootstrap\Shared\DVelopBootstrap.js'
info: Microsoft.AspNetCore.Hosting.Diagnostics[2]
      Request finished HTTP/1.1 GET https://premios.megatransporte.mx/DVelop/Bootstrap/Shared/DVelopBootstrap.js?20265111632385 - 200 170757 text/javascript 240.5967ms
info: Microsoft.AspNetCore.StaticFiles.StaticFileMiddleware[2]
      Sending file. Request path: '/DVelop/Shared/WorkWithPlusCommon.js'. Physical path: 'C:\Inetpub\vhosts\megatransporte.mx\premios.megatransporte.mx\DVelop\Shared\WorkWithPlusCommon.js'
info: Microsoft.AspNetCore.Hosting.Diagnostics[2]
      Request finished HTTP/1.1 GET https://premios.megatransporte.mx/DVelop/Shared/WorkWithPlusCommon.js?20265111632385 - 200 28178 text/javascript 95.7055ms
info: Microsoft.AspNetCore.StaticFiles.StaticFileMiddleware[2]
      Sending file. Request path: '/bootstrap/js/bootstrap.min.js'. Physical path: 'C:\Inetpub\vhosts\megatransporte.mx\premios.megatransporte.mx\bootstrap\js\bootstrap.min.js'
info: Microsoft.AspNetCore.Hosting.Diagnostics[2]
      Request finished HTTP/1.1 GET https://premios.megatransporte.mx/bootstrap/js/bootstrap.min.js?20265111632385 - 200 39680 text/javascript 104.3140ms
info: Microsoft.AspNetCore.Hosting.Diagnostics[1]
      Request starting HTTP/1.1 GET http://premios.megatransporte.mx/DVelop/Bootstrap/Panel/BootstrapPanelRender.js?20265111632385 - - -
info: Microsoft.AspNetCore.StaticFiles.StaticFileMiddleware[2]
      Sending file. Request path: '/DVelop/Bootstrap/Panel/BootstrapPanelRender.js'. Physical path: 'C:\Inetpub\vhosts\megatransporte.mx\premios.megatransporte.mx\DVelop\Bootstrap\Panel\BootstrapPanelRender.js'
info: Microsoft.AspNetCore.Hosting.Diagnostics[2]
      Request finished HTTP/1.1 GET https://premios.megatransporte.mx/DVelop/Bootstrap/Panel/BootstrapPanelRender.js?20265111632385 - 200 824 text/javascript 12.4139ms
info: Microsoft.AspNetCore.Hosting.Diagnostics[1]
      Request starting HTTP/1.1 GET http://premios.megatransporte.mx/QueryViewer/QueryViewerCommon.js?20265111632385 - - -
info: Microsoft.AspNetCore.Hosting.Diagnostics[1]
      Request starting HTTP/1.1 GET http://premios.megatransporte.mx/messages.spa.js?20265111632385 - - -
info: Microsoft.AspNetCore.Hosting.Diagnostics[1]
      Request starting HTTP/1.1 GET http://premios.megatransporte.mx/home.js?2025102815461882 - - -
info: Microsoft.AspNetCore.Hosting.Diagnostics[1]
      Request starting HTTP/1.1 GET http://premios.megatransporte.mx/QueryViewer/QueryViewerRender.js?20265111632385 - - -
info: Microsoft.AspNetCore.Hosting.Diagnostics[1]
      Request starting HTTP/1.1 GET http://premios.megatransporte.mx/Resources/Spanish/WorkWithPlusDS_Tokens.css - - -
info: Microsoft.AspNetCore.StaticFiles.StaticFileMiddleware[2]
      Sending file. Request path: '/Spanish/WorkWithPlusDS_Tokens.css'. Physical path: 'C:\Inetpub\vhosts\megatransporte.mx\premios.megatransporte.mx\Resources\Spanish\WorkWithPlusDS_Tokens.css'
info: Microsoft.AspNetCore.Hosting.Diagnostics[2]
      Request finished HTTP/1.1 GET https://premios.megatransporte.mx/Resources/Spanish/WorkWithPlusDS_Tokens.css - 200 - text/css 0.9170ms
info: Microsoft.AspNetCore.Hosting.Diagnostics[1]
      Request starting HTTP/1.1 GET http://premios.megatransporte.mx/Resources/Spanish/WWPBaseObjects.WorkWithPlusBaseDS.css - - -
info: Microsoft.AspNetCore.StaticFiles.StaticFileMiddleware[2]
      Sending file. Request path: '/home.js'. Physical path: 'C:\Inetpub\vhosts\megatransporte.mx\premios.megatransporte.mx\home.js'
info: Microsoft.AspNetCore.Hosting.Diagnostics[2]
      Request finished HTTP/1.1 GET https://premios.megatransporte.mx/home.js?2025102815461882 - 200 20692 text/javascript 52.8241ms
info: Microsoft.AspNetCore.StaticFiles.StaticFileMiddleware[2]
      Sending file. Request path: '/QueryViewer/QueryViewerRender.js'. Physical path: 'C:\Inetpub\vhosts\megatransporte.mx\premios.megatransporte.mx\QueryViewer\QueryViewerRender.js'
info: Microsoft.AspNetCore.StaticFiles.StaticFileMiddleware[2]
      Sending file. Request path: '/messages.spa.js'. Physical path: 'C:\Inetpub\vhosts\megatransporte.mx\premios.megatransporte.mx\messages.spa.js'
info: Microsoft.AspNetCore.Hosting.Diagnostics[2]
      Request finished HTTP/1.1 GET https://premios.megatransporte.mx/QueryViewer/QueryViewerRender.js?20265111632385 - 200 10787 text/javascript 72.3905ms
info: Microsoft.AspNetCore.Hosting.Diagnostics[2]
      Request finished HTTP/1.1 GET https://premios.megatransporte.mx/messages.spa.js?20265111632385 - 200 88022 text/javascript 73.2102ms
info: Microsoft.AspNetCore.StaticFiles.StaticFileMiddleware[2]
      Sending file. Request path: '/Spanish/WWPBaseObjects.WorkWithPlusBaseDS.css'. Physical path: 'C:\Inetpub\vhosts\megatransporte.mx\premios.megatransporte.mx\Resources\Spanish\WWPBaseObjects.WorkWithPlusBaseDS.css'
info: Microsoft.AspNetCore.Hosting.Diagnostics[2]
      Request finished HTTP/1.1 GET https://premios.megatransporte.mx/Resources/Spanish/WWPBaseObjects.WorkWithPlusBaseDS.css - 200 - text/css 80.7819ms
info: Microsoft.AspNetCore.StaticFiles.StaticFileMiddleware[2]
      Sending file. Request path: '/gxgral.js'. Physical path: 'C:\Inetpub\vhosts\megatransporte.mx\premios.megatransporte.mx\gxgral.js'
info: Microsoft.AspNetCore.Hosting.Diagnostics[2]
      Request finished HTTP/1.1 GET https://premios.megatransporte.mx/gxgral.js?1018140 - 200 661977 text/javascript 433.9439ms
info: Microsoft.AspNetCore.StaticFiles.StaticFileMiddleware[2]
      Sending file. Request path: '/QueryViewer/QueryViewerCommon.js'. Physical path: 'C:\Inetpub\vhosts\megatransporte.mx\premios.megatransporte.mx\QueryViewer\QueryViewerCommon.js'
info: Microsoft.AspNetCore.Hosting.Diagnostics[2]
      Request finished HTTP/1.1 GET https://premios.megatransporte.mx/QueryViewer/QueryViewerCommon.js?20265111632385 - 200 167854 text/javascript 158.7973ms
info: Microsoft.AspNetCore.Hosting.Diagnostics[1]
      Request starting HTTP/1.1 GET http://premios.megatransporte.mx/Resources/Spanish/WWPBaseObjects.WorkWithPlusBaseDS_Tokens.css - - -
info: Microsoft.AspNetCore.Hosting.Diagnostics[1]
      Request starting HTTP/1.1 GET http://premios.megatransporte.mx/Resources/Spanish/AnyStyles.ImagesTokens.css - - -
info: Microsoft.AspNetCore.StaticFiles.StaticFileMiddleware[2]
      Sending file. Request path: '/Spanish/AnyStyles.ImagesTokens.css'. Physical path: 'C:\Inetpub\vhosts\megatransporte.mx\premios.megatransporte.mx\Resources\Spanish\AnyStyles.ImagesTokens.css'
info: Microsoft.AspNetCore.Hosting.Diagnostics[2]
      Request finished HTTP/1.1 GET https://premios.megatransporte.mx/Resources/Spanish/AnyStyles.ImagesTokens.css - 200 - text/css 37.1602ms
info: Microsoft.AspNetCore.StaticFiles.StaticFileMiddleware[2]
      Sending file. Request path: '/Spanish/WWPBaseObjects.WorkWithPlusBaseDS_Tokens.css'. Physical path: 'C:\Inetpub\vhosts\megatransporte.mx\premios.megatransporte.mx\Resources\Spanish\WWPBaseObjects.WorkWithPlusBaseDS_Tokens.css'
info: Microsoft.AspNetCore.Hosting.Diagnostics[2]
      Request finished HTTP/1.1 GET https://premios.megatransporte.mx/Resources/Spanish/WWPBaseObjects.WorkWithPlusBaseDS_Tokens.css - 200 - text/css 45.6321ms
info: Microsoft.AspNetCore.Hosting.Diagnostics[1]
      Request starting HTTP/1.1 GET http://premios.megatransporte.mx/QueryViewer/highcharts/highcharts.js - - -
info: Microsoft.AspNetCore.Hosting.Diagnostics[1]
      Request starting HTTP/1.1 GET http://premios.megatransporte.mx/QueryViewer/highcharts/css/highcharts.css - - -
info: Microsoft.AspNetCore.Hosting.Diagnostics[1]
      Request starting HTTP/1.1 GET http://premios.megatransporte.mx/Resources/Spanish/Poppins-Regular.ttf - - -
info: Microsoft.AspNetCore.Hosting.Diagnostics[1]
      Request starting HTTP/1.1 GET http://premios.megatransporte.mx/QueryViewer/QueryViewer.css - - -
info: Microsoft.AspNetCore.StaticFiles.StaticFileMiddleware[2]
      Sending file. Request path: '/QueryViewer/QueryViewer.css'. Physical path: 'C:\Inetpub\vhosts\megatransporte.mx\premios.megatransporte.mx\QueryViewer\QueryViewer.css'
info: Microsoft.AspNetCore.Hosting.Diagnostics[2]
      Request finished HTTP/1.1 GET https://premios.megatransporte.mx/QueryViewer/QueryViewer.css - 200 - text/css 33.3975ms
info: Microsoft.AspNetCore.StaticFiles.StaticFileMiddleware[2]
      Sending file. Request path: '/QueryViewer/highcharts/css/highcharts.css'. Physical path: 'C:\Inetpub\vhosts\megatransporte.mx\premios.megatransporte.mx\QueryViewer\highcharts\css\highcharts.css'
info: Microsoft.AspNetCore.Hosting.Diagnostics[2]
      Request finished HTTP/1.1 GET https://premios.megatransporte.mx/QueryViewer/highcharts/css/highcharts.css - 200 - text/css 79.6719ms
info: Microsoft.AspNetCore.StaticFiles.StaticFileMiddleware[2]
      Sending file. Request path: '/Spanish/Poppins-Regular.ttf'. Physical path: 'C:\Inetpub\vhosts\megatransporte.mx\premios.megatransporte.mx\Resources\Spanish\Poppins-Regular.ttf'
info: Microsoft.AspNetCore.Hosting.Diagnostics[2]
      Request finished HTTP/1.1 GET https://premios.megatransporte.mx/Resources/Spanish/Poppins-Regular.ttf - 200 145312 application/x-font-ttf 80.8680ms
info: Microsoft.AspNetCore.Hosting.Diagnostics[1]
      Request starting HTTP/1.1 GET http://premios.megatransporte.mx/Resources/Spanish/Poppins-SemiBold.ttf - - -
info: Microsoft.AspNetCore.StaticFiles.StaticFileMiddleware[2]
      Sending file. Request path: '/Spanish/Poppins-SemiBold.ttf'. Physical path: 'C:\Inetpub\vhosts\megatransporte.mx\premios.megatransporte.mx\Resources\Spanish\Poppins-SemiBold.ttf'
info: Microsoft.AspNetCore.Hosting.Diagnostics[2]
      Request finished HTTP/1.1 GET https://premios.megatransporte.mx/Resources/Spanish/Poppins-SemiBold.ttf - 200 155232 application/x-font-ttf 43.1785ms
info: Microsoft.AspNetCore.StaticFiles.StaticFileMiddleware[2]
      Sending file. Request path: '/QueryViewer/highcharts/highcharts.js'. Physical path: 'C:\Inetpub\vhosts\megatransporte.mx\premios.megatransporte.mx\QueryViewer\highcharts\highcharts.js'
info: Microsoft.AspNetCore.Hosting.Diagnostics[2]
      Request finished HTTP/1.1 GET https://premios.megatransporte.mx/QueryViewer/highcharts/highcharts.js - 200 289539 text/javascript 310.6944ms
info: Microsoft.AspNetCore.Hosting.Diagnostics[1]
      Request starting HTTP/1.1 GET http://premios.megatransporte.mx/QueryViewer/indicator.gif - - -
info: Microsoft.AspNetCore.StaticFiles.StaticFileMiddleware[2]
      Sending file. Request path: '/QueryViewer/indicator.gif'. Physical path: 'C:\Inetpub\vhosts\megatransporte.mx\premios.megatransporte.mx\QueryViewer\indicator.gif'
info: Microsoft.AspNetCore.Hosting.Diagnostics[2]
      Request finished HTTP/1.1 GET https://premios.megatransporte.mx/QueryViewer/indicator.gif - 200 8581 image/gif 8.7551ms
info: Microsoft.AspNetCore.Hosting.Diagnostics[1]
      Request starting HTTP/1.1 GET http://premios.megatransporte.mx/QueryViewer/highcharts/highcharts-3d.js - - -
info: Microsoft.AspNetCore.StaticFiles.StaticFileMiddleware[2]
      Sending file. Request path: '/QueryViewer/highcharts/highcharts-3d.js'. Physical path: 'C:\Inetpub\vhosts\megatransporte.mx\premios.megatransporte.mx\QueryViewer\highcharts\highcharts-3d.js'
info: Microsoft.AspNetCore.Hosting.Diagnostics[2]
      Request finished HTTP/1.1 GET https://premios.megatransporte.mx/QueryViewer/highcharts/highcharts-3d.js - 200 48778 text/javascript 106.0660ms
info: Microsoft.AspNetCore.Hosting.Diagnostics[1]
      Request starting HTTP/1.1 GET http://premios.megatransporte.mx/QueryViewer/highcharts/highcharts-more.js - - -
info: Microsoft.AspNetCore.StaticFiles.StaticFileMiddleware[2]
      Sending file. Request path: '/QueryViewer/highcharts/highcharts-more.js'. Physical path: 'C:\Inetpub\vhosts\megatransporte.mx\premios.megatransporte.mx\QueryViewer\highcharts\highcharts-more.js'
info: Microsoft.AspNetCore.Hosting.Diagnostics[2]
      Request finished HTTP/1.1 GET https://premios.megatransporte.mx/QueryViewer/highcharts/highcharts-more.js - 200 97119 text/javascript 152.3241ms
info: Microsoft.AspNetCore.Hosting.Diagnostics[1]
      Request starting HTTP/1.1 GET http://premios.megatransporte.mx/QueryViewer/highcharts/modules/funnel.js - - -
info: Microsoft.AspNetCore.StaticFiles.StaticFileMiddleware[2]
      Sending file. Request path: '/QueryViewer/highcharts/modules/funnel.js'. Physical path: 'C:\Inetpub\vhosts\megatransporte.mx\premios.megatransporte.mx\QueryViewer\highcharts\modules\funnel.js'
info: Microsoft.AspNetCore.Hosting.Diagnostics[2]
      Request finished HTTP/1.1 GET https://premios.megatransporte.mx/QueryViewer/highcharts/modules/funnel.js - 200 5503 text/javascript 10.0425ms
info: Microsoft.AspNetCore.Hosting.Diagnostics[1]
      Request starting HTTP/1.1 GET http://premios.megatransporte.mx/QueryViewer/highcharts/modules/solid-gauge.js - - -
info: Microsoft.AspNetCore.StaticFiles.StaticFileMiddleware[2]
      Sending file. Request path: '/QueryViewer/highcharts/modules/solid-gauge.js'. Physical path: 'C:\Inetpub\vhosts\megatransporte.mx\premios.megatransporte.mx\QueryViewer\highcharts\modules\solid-gauge.js'
info: Microsoft.AspNetCore.Hosting.Diagnostics[2]
      Request finished HTTP/1.1 GET https://premios.megatransporte.mx/QueryViewer/highcharts/modules/solid-gauge.js - 200 4635 text/javascript 76.7794ms
info: Microsoft.AspNetCore.Hosting.Diagnostics[1]
      Request starting HTTP/1.1 GET http://premios.megatransporte.mx/favicon.ico - - -
fail: Microsoft.AspNetCore.Diagnostics.ExceptionHandlerMiddleware[1]
      An unhandled exception has occurred while executing the request.
      GeneXus.HttpHandlerFactory.PageNotFoundException: /favicon.ico
         at GeneXus.Application.Startup.<>c.<<Configure>b__26_4>d.MoveNext()
      --- End of stack trace from previous location ---
         at Microsoft.AspNetCore.Builder.RouterMiddleware.Invoke(HttpContext httpContext)
         at Microsoft.AspNetCore.Diagnostics.ExceptionHandlerMiddlewareImpl.<Invoke>g__Awaited|10_0(ExceptionHandlerMiddlewareImpl middleware, HttpContext context, Task task)
info: Microsoft.AspNetCore.Hosting.Diagnostics[2]
      Request finished HTTP/1.1 GET https://premios.megatransporte.mx/favicon.ico - 404 0 - 25.8763ms
info: Microsoft.AspNetCore.Hosting.Diagnostics[1]
      Request starting HTTP/1.1 POST http://premios.megatransporte.mx/agxpl_get.aspx?recordsetcachekey,1781118692019 - application/x-www-form-urlencoded 212
info: Microsoft.AspNetCore.Hosting.Diagnostics[1]
      Request starting HTTP/1.1 POST http://premios.megatransporte.mx/agxpl_get.aspx?recordsetcachekey,1781118692020 - application/x-www-form-urlencoded 211
info: Microsoft.AspNetCore.Hosting.Diagnostics[1]
      Request starting HTTP/1.1 POST http://premios.megatransporte.mx/agxpl_get.aspx?recordsetcachekey,1781118692019 - application/x-www-form-urlencoded 205
info: Microsoft.AspNetCore.Hosting.Diagnostics[1]
      Request starting HTTP/1.1 POST http://premios.megatransporte.mx/agxpl_get.aspx?recordsetcachekey,1781118692018 - application/x-www-form-urlencoded 205
info: Microsoft.AspNetCore.Hosting.Diagnostics[1]
      Request starting HTTP/1.1 POST http://premios.megatransporte.mx/agxpl_get.aspx?recordsetcachekey,1781118692019 - application/x-www-form-urlencoded 211
info: Microsoft.AspNetCore.Hosting.Diagnostics[1]
      Request starting HTTP/1.1 POST http://premios.megatransporte.mx/agxpl_get.aspx?recordsetcachekey,1781118692018 - application/x-www-form-urlencoded 212
info: Microsoft.AspNetCore.Hosting.Diagnostics[2]
      Request finished HTTP/1.1 POST https://premios.megatransporte.mx/agxpl_get.aspx?recordsetcachekey,1781118692020 - 200 - text/plain;+charset=utf-8 544.5222ms
info: Microsoft.AspNetCore.Hosting.Diagnostics[2]
      Request finished HTTP/1.1 POST https://premios.megatransporte.mx/agxpl_get.aspx?recordsetcachekey,1781118692018 - 200 - text/plain;+charset=utf-8 532.7834ms
info: Microsoft.AspNetCore.Hosting.Diagnostics[2]
      Request finished HTTP/1.1 POST https://premios.megatransporte.mx/agxpl_get.aspx?recordsetcachekey,1781118692019 - 200 - text/plain;+charset=utf-8 532.7765ms
info: Microsoft.AspNetCore.Hosting.Diagnostics[2]
      Request finished HTTP/1.1 POST https://premios.megatransporte.mx/agxpl_get.aspx?recordsetcachekey,1781118692019 - 200 - text/plain;+charset=utf-8 547.5246ms
info: Microsoft.AspNetCore.Hosting.Diagnostics[2]
      Request finished HTTP/1.1 POST https://premios.megatransporte.mx/agxpl_get.aspx?recordsetcachekey,1781118692019 - 200 - text/plain;+charset=utf-8 542.5242ms
info: Microsoft.AspNetCore.Hosting.Diagnostics[2]
      Request finished HTTP/1.1 POST https://premios.megatransporte.mx/agxpl_get.aspx?recordsetcachekey,1781118692018 - 200 - text/plain;+charset=utf-8 546.9088ms
info: Microsoft.AspNetCore.Hosting.Diagnostics[1]
      Request starting HTTP/1.1 POST http://premios.megatransporte.mx/agxpl_get.aspx?metadata,1781118693185 - application/x-www-form-urlencoded 624
info: Microsoft.AspNetCore.Hosting.Diagnostics[1]
      Request starting HTTP/1.1 POST http://premios.megatransporte.mx/agxpl_get.aspx?metadata,1781118693186 - application/x-www-form-urlencoded 630
info: Microsoft.AspNetCore.Hosting.Diagnostics[1]
      Request starting HTTP/1.1 POST http://premios.megatransporte.mx/agxpl_get.aspx?metadata,1781118693184 - application/x-www-form-urlencoded 594
info: Microsoft.AspNetCore.Hosting.Diagnostics[1]
      Request starting HTTP/1.1 POST http://premios.megatransporte.mx/agxpl_get.aspx?metadata,1781118693196 - application/x-www-form-urlencoded 631
info: Microsoft.AspNetCore.Hosting.Diagnostics[1]
      Request starting HTTP/1.1 POST http://premios.megatransporte.mx/agxpl_get.aspx?metadata,1781118693185 - application/x-www-form-urlencoded 588
info: Microsoft.AspNetCore.Hosting.Diagnostics[1]
      Request starting HTTP/1.1 POST http://premios.megatransporte.mx/agxpl_get.aspx?metadata,1781118693183 - application/x-www-form-urlencoded 595
info: Microsoft.AspNetCore.Hosting.Diagnostics[2]
      Request finished HTTP/1.1 POST https://premios.megatransporte.mx/agxpl_get.aspx?metadata,1781118693184 - 200 - text/xml;+charset=utf-8 254.6894ms
info: Microsoft.AspNetCore.Hosting.Diagnostics[2]
      Request finished HTTP/1.1 POST https://premios.megatransporte.mx/agxpl_get.aspx?metadata,1781118693186 - 200 - text/xml;+charset=utf-8 290.2367ms
info: Microsoft.AspNetCore.Hosting.Diagnostics[2]
      Request finished HTTP/1.1 POST https://premios.megatransporte.mx/agxpl_get.aspx?metadata,1781118693185 - 200 - text/xml;+charset=utf-8 250.2146ms
info: Microsoft.AspNetCore.Hosting.Diagnostics[2]
      Request finished HTTP/1.1 POST https://premios.megatransporte.mx/agxpl_get.aspx?metadata,1781118693185 - 200 - text/xml;+charset=utf-8 296.5711ms
info: Microsoft.AspNetCore.Hosting.Diagnostics[2]
      Request finished HTTP/1.1 POST https://premios.megatransporte.mx/agxpl_get.aspx?metadata,1781118693196 - 200 - text/xml;+charset=utf-8 252.5931ms
info: Microsoft.AspNetCore.Hosting.Diagnostics[2]
      Request finished HTTP/1.1 POST https://premios.megatransporte.mx/agxpl_get.aspx?metadata,1781118693183 - 200 - text/xml;+charset=utf-8 250.0050ms
info: Microsoft.AspNetCore.Hosting.Diagnostics[1]
      Request starting HTTP/1.1 POST http://premios.megatransporte.mx/agxpl_get.aspx?data,1781118693885 - application/x-www-form-urlencoded 602
info: Microsoft.AspNetCore.Hosting.Diagnostics[1]
      Request starting HTTP/1.1 POST http://premios.megatransporte.mx/agxpl_get.aspx?data,1781118693884 - application/x-www-form-urlencoded 603
info: Microsoft.AspNetCore.Hosting.Diagnostics[1]
      Request starting HTTP/1.1 POST http://premios.megatransporte.mx/agxpl_get.aspx?data,1781118693885 - application/x-www-form-urlencoded 596
info: Microsoft.AspNetCore.Hosting.Diagnostics[1]
      Request starting HTTP/1.1 POST http://premios.megatransporte.mx/agxpl_get.aspx?data,1781118693882 - application/x-www-form-urlencoded 602
info: Microsoft.AspNetCore.Hosting.Diagnostics[1]
      Request starting HTTP/1.1 POST http://premios.megatransporte.mx/agxpl_get.aspx?data,1781118693886 - application/x-www-form-urlencoded 603
info: Microsoft.AspNetCore.Hosting.Diagnostics[1]
      Request starting HTTP/1.1 POST http://premios.megatransporte.mx/agxpl_get.aspx?data,1781118693886 - application/x-www-form-urlencoded 596
info: Microsoft.AspNetCore.Hosting.Diagnostics[2]
      Request finished HTTP/1.1 POST https://premios.megatransporte.mx/agxpl_get.aspx?data,1781118693886 - 200 - text/xml;+charset=utf-8 691.3170ms
info: Microsoft.AspNetCore.Hosting.Diagnostics[2]
      Request finished HTTP/1.1 POST https://premios.megatransporte.mx/agxpl_get.aspx?data,1781118693884 - 200 - text/xml;+charset=utf-8 795.2254ms
info: Microsoft.AspNetCore.Hosting.Diagnostics[2]
      Request finished HTTP/1.1 POST https://premios.megatransporte.mx/agxpl_get.aspx?data,1781118693885 - 200 - text/xml;+charset=utf-8 806.6665ms
info: Microsoft.AspNetCore.Hosting.Diagnostics[2]
      Request finished HTTP/1.1 POST https://premios.megatransporte.mx/agxpl_get.aspx?data,1781118693885 - 200 - text/xml;+charset=utf-8 720.8920ms
info: Microsoft.AspNetCore.Hosting.Diagnostics[2]
      Request finished HTTP/1.1 POST https://premios.megatransporte.mx/agxpl_get.aspx?data,1781118693882 - 200 - text/xml;+charset=utf-8 691.5873ms
info: Microsoft.AspNetCore.Hosting.Diagnostics[2]
      Request finished HTTP/1.1 POST https://premios.megatransporte.mx/agxpl_get.aspx?data,1781118693886 - 200 - text/xml;+charset=utf-8 691.1489ms
info: Microsoft.AspNetCore.Hosting.Diagnostics[1]
      Request starting HTTP/1.1 GET http://premios.megatransporte.mx/inicio.aspx - - -
info: Microsoft.AspNetCore.Hosting.Diagnostics[2]
      Request finished HTTP/1.1 GET https://premios.megatransporte.mx/inicio.aspx - 301 - - 2888.5510ms
info: Microsoft.AspNetCore.Hosting.Diagnostics[1]
      Request starting HTTP/1.1 GET http://premios.megatransporte.mx/login.aspx - - -
info: Microsoft.AspNetCore.Hosting.Diagnostics[2]
      Request finished HTTP/1.1 GET https://premios.megatransporte.mx/login.aspx - 200 - text/html 7305.3249ms
info: Microsoft.AspNetCore.Hosting.Diagnostics[1]
      Request starting HTTP/1.1 GET http://premios.megatransporte.mx/Resources/ImageLogin.png - - -
info: Microsoft.AspNetCore.Hosting.Diagnostics[1]
      Request starting HTTP/1.1 GET http://premios.megatransporte.mx/Resources/calendar.png - - -
info: Microsoft.AspNetCore.Hosting.Diagnostics[1]
      Request starting HTTP/1.1 GET http://premios.megatransporte.mx/DVelop/Shared/daterangepicker/daterangepicker.css?20265111632385 - - -
info: Microsoft.AspNetCore.StaticFiles.StaticFileMiddleware[2]
      Sending file. Request path: '/calendar.png'. Physical path: 'C:\Inetpub\vhosts\megatransporte.mx\premios.megatransporte.mx\Resources\calendar.png'
info: Microsoft.AspNetCore.Hosting.Diagnostics[2]
      Request finished HTTP/1.1 GET https://premios.megatransporte.mx/Resources/calendar.png - 200 629 image/png 1.1993ms
info: Microsoft.AspNetCore.Hosting.Diagnostics[1]
      Request starting HTTP/1.1 GET http://premios.megatransporte.mx/DVelop/Bootstrap/Shared/fontawesome_vlatest/css/all.min.css?20265111632385 - - -
info: Microsoft.AspNetCore.StaticFiles.StaticFileMiddleware[2]
      Sending file. Request path: '/ImageLogin.png'. Physical path: 'C:\Inetpub\vhosts\megatransporte.mx\premios.megatransporte.mx\Resources\ImageLogin.png'
info: Microsoft.AspNetCore.Hosting.Diagnostics[2]
      Request finished HTTP/1.1 GET https://premios.megatransporte.mx/Resources/ImageLogin.png - 200 10715 image/png 8.7924ms
info: Microsoft.AspNetCore.Hosting.Diagnostics[1]
      Request starting HTTP/1.1 GET http://premios.megatransporte.mx/DVelop/Bootstrap/Shared/DVelopBootstrap.css?20265111632385 - - -
info: Microsoft.AspNetCore.Hosting.Diagnostics[1]
      Request starting HTTP/1.1 GET http://premios.megatransporte.mx/DVelop/DVMessage/DVMessage.css?20265111632385 - - -
info: Microsoft.AspNetCore.Hosting.Diagnostics[1]
      Request starting HTTP/1.1 GET http://premios.megatransporte.mx/calendar-system.css?20265111632385 - - -
info: Microsoft.AspNetCore.StaticFiles.StaticFileMiddleware[2]
      Sending file. Request path: '/DVelop/DVMessage/DVMessage.css'. Physical path: 'C:\Inetpub\vhosts\megatransporte.mx\premios.megatransporte.mx\DVelop\DVMessage\DVMessage.css'
info: Microsoft.AspNetCore.Hosting.Diagnostics[2]
      Request finished HTTP/1.1 GET https://premios.megatransporte.mx/DVelop/DVMessage/DVMessage.css?20265111632385 - 200 - text/css 6.8010ms
info: Microsoft.AspNetCore.StaticFiles.StaticFileMiddleware[2]
      Sending file. Request path: '/calendar-system.css'. Physical path: 'C:\Inetpub\vhosts\megatransporte.mx\premios.megatransporte.mx\calendar-system.css'
info: Microsoft.AspNetCore.Hosting.Diagnostics[2]
      Request finished HTTP/1.1 GET https://premios.megatransporte.mx/calendar-system.css?20265111632385 - 200 - text/css 9.0551ms
info: Microsoft.AspNetCore.StaticFiles.StaticFileMiddleware[2]
      Sending file. Request path: '/DVelop/Bootstrap/Shared/fontawesome_vlatest/css/all.min.css'. Physical path: 'C:\Inetpub\vhosts\megatransporte.mx\premios.megatransporte.mx\DVelop\Bootstrap\Shared\fontawesome_vlatest\css\all.min.css'
info: Microsoft.AspNetCore.Hosting.Diagnostics[2]
      Request finished HTTP/1.1 GET https://premios.megatransporte.mx/DVelop/Bootstrap/Shared/fontawesome_vlatest/css/all.min.css?20265111632385 - 200 - text/css 28.8839ms
info: Microsoft.AspNetCore.StaticFiles.StaticFileMiddleware[2]
      Sending file. Request path: '/DVelop/Shared/daterangepicker/daterangepicker.css'. Physical path: 'C:\Inetpub\vhosts\megatransporte.mx\premios.megatransporte.mx\DVelop\Shared\daterangepicker\daterangepicker.css'
info: Microsoft.AspNetCore.Hosting.Diagnostics[2]
      Request finished HTTP/1.1 GET https://premios.megatransporte.mx/DVelop/Shared/daterangepicker/daterangepicker.css?20265111632385 - 200 - text/css 38.5446ms
info: Microsoft.AspNetCore.StaticFiles.StaticFileMiddleware[2]
      Sending file. Request path: '/DVelop/Bootstrap/Shared/DVelopBootstrap.css'. Physical path: 'C:\Inetpub\vhosts\megatransporte.mx\premios.megatransporte.mx\DVelop\Bootstrap\Shared\DVelopBootstrap.css'
info: Microsoft.AspNetCore.Hosting.Diagnostics[2]
      Request finished HTTP/1.1 GET https://premios.megatransporte.mx/DVelop/Bootstrap/Shared/DVelopBootstrap.css?20265111632385 - 200 - text/css 33.7096ms
info: Microsoft.AspNetCore.Hosting.Diagnostics[1]
      Request starting HTTP/1.1 GET http://premios.megatransporte.mx/login.js?20265111131283 - - -
info: Microsoft.AspNetCore.StaticFiles.StaticFileMiddleware[2]
      Sending file. Request path: '/login.js'. Physical path: 'C:\Inetpub\vhosts\megatransporte.mx\premios.megatransporte.mx\login.js'
info: Microsoft.AspNetCore.Hosting.Diagnostics[2]
      Request finished HTTP/1.1 GET https://premios.megatransporte.mx/login.js?20265111131283 - 200 6980 text/javascript 328.8246ms
info: Microsoft.AspNetCore.Hosting.Diagnostics[1]
      Request starting HTTP/1.1 GET http://premios.megatransporte.mx/calendar.js?1018140 - - -
info: Microsoft.AspNetCore.Hosting.Diagnostics[1]
      Request starting HTTP/1.1 GET http://premios.megatransporte.mx/DVelop/DVMessage/DVMessageRender.js?20265111632385 - - -
info: Microsoft.AspNetCore.Hosting.Diagnostics[1]
      Request starting HTTP/1.1 GET http://premios.megatransporte.mx/calendar-setup.js?1018140 - - -
info: Microsoft.AspNetCore.Hosting.Diagnostics[1]
      Request starting HTTP/1.1 GET http://premios.megatransporte.mx/DVelop/DVMessage/pnotify.custom.js?20265111632385 - - -
info: Microsoft.AspNetCore.StaticFiles.StaticFileMiddleware[2]
      Sending file. Request path: '/calendar-setup.js'. Physical path: 'C:\Inetpub\vhosts\megatransporte.mx\premios.megatransporte.mx\calendar-setup.js'
info: Microsoft.AspNetCore.Hosting.Diagnostics[2]
      Request finished HTTP/1.1 GET https://premios.megatransporte.mx/calendar-setup.js?1018140 - 200 3066 text/javascript 182.7982ms
info: Microsoft.AspNetCore.StaticFiles.StaticFileMiddleware[2]
      Sending file. Request path: '/calendar.js'. Physical path: 'C:\Inetpub\vhosts\megatransporte.mx\premios.megatransporte.mx\calendar.js'
info: Microsoft.AspNetCore.Hosting.Diagnostics[2]
      Request finished HTTP/1.1 GET https://premios.megatransporte.mx/calendar.js?1018140 - 200 26338 text/javascript 364.5594ms
info: Microsoft.AspNetCore.StaticFiles.StaticFileMiddleware[2]
      Sending file. Request path: '/DVelop/DVMessage/DVMessageRender.js'. Physical path: 'C:\Inetpub\vhosts\megatransporte.mx\premios.megatransporte.mx\DVelop\DVMessage\DVMessageRender.js'
info: Microsoft.AspNetCore.Hosting.Diagnostics[2]
      Request finished HTTP/1.1 GET https://premios.megatransporte.mx/DVelop/DVMessage/DVMessageRender.js?20265111632385 - 200 8039 text/javascript 388.7728ms
info: Microsoft.AspNetCore.StaticFiles.StaticFileMiddleware[2]
      Sending file. Request path: '/DVelop/DVMessage/pnotify.custom.js'. Physical path: 'C:\Inetpub\vhosts\megatransporte.mx\premios.megatransporte.mx\DVelop\DVMessage\pnotify.custom.js'
info: Microsoft.AspNetCore.Hosting.Diagnostics[2]
      Request finished HTTP/1.1 GET https://premios.megatransporte.mx/DVelop/DVMessage/pnotify.custom.js?20265111632385 - 200 31442 text/javascript 402.3652ms
info: Microsoft.AspNetCore.Hosting.Diagnostics[1]
      Request starting HTTP/1.1 GET http://premios.megatransporte.mx/DVelop/WorkWithPlusUtilities/WorkWithPlusUtilitiesRender.js?20265111632385 - - -
info: Microsoft.AspNetCore.Hosting.Diagnostics[1]
      Request starting HTTP/1.1 GET http://premios.megatransporte.mx/calendar-es.js?1018140 - - -
info: Microsoft.AspNetCore.StaticFiles.StaticFileMiddleware[2]
      Sending file. Request path: '/calendar-es.js'. Physical path: 'C:\Inetpub\vhosts\megatransporte.mx\premios.megatransporte.mx\calendar-es.js'
info: Microsoft.AspNetCore.Hosting.Diagnostics[2]
      Request finished HTTP/1.1 GET https://premios.megatransporte.mx/calendar-es.js?1018140 - 200 2004 text/javascript 37.1594ms
info: Microsoft.AspNetCore.Hosting.Diagnostics[1]
      Request starting HTTP/1.1 GET http://premios.megatransporte.mx/DVelop/Bootstrap/Tooltip/BootstrapTooltipRender.js?20265111632385 - - -
info: Microsoft.AspNetCore.Hosting.Diagnostics[1]
      Request starting HTTP/1.1 GET http://premios.megatransporte.mx/DVelop/WorkWithPlusUtilities/BootstrapSelect.js?20265111632385 - - -
info: Microsoft.AspNetCore.Hosting.Diagnostics[1]
      Request starting HTTP/1.1 GET http://premios.megatransporte.mx/DVelop/Shared/daterangepicker/locales.js?20265111632385 - - -
info: Microsoft.AspNetCore.Hosting.Diagnostics[1]
      Request starting HTTP/1.1 GET http://premios.megatransporte.mx/DVelop/Mask/jquery.mask.js?20265111632385 - - -
info: Microsoft.AspNetCore.Hosting.Diagnostics[1]
      Request starting HTTP/1.1 GET http://premios.megatransporte.mx/DVelop/Shared/daterangepicker/wwp-daterangepicker.js?20265111632385 - - -
info: Microsoft.AspNetCore.StaticFiles.StaticFileMiddleware[2]
      Sending file. Request path: '/DVelop/Bootstrap/Tooltip/BootstrapTooltipRender.js'. Physical path: 'C:\Inetpub\vhosts\megatransporte.mx\premios.megatransporte.mx\DVelop\Bootstrap\Tooltip\BootstrapTooltipRender.js'
info: Microsoft.AspNetCore.Hosting.Diagnostics[2]
      Request finished HTTP/1.1 GET https://premios.megatransporte.mx/DVelop/Bootstrap/Tooltip/BootstrapTooltipRender.js?20265111632385 - 200 5931 text/javascript 14.2922ms
info: Microsoft.AspNetCore.Hosting.Diagnostics[1]
      Request starting HTTP/1.1 GET http://premios.megatransporte.mx/DVelop/Shared/daterangepicker/moment.min.js?20265111632385 - - -
info: Microsoft.AspNetCore.StaticFiles.StaticFileMiddleware[2]
      Sending file. Request path: '/DVelop/Mask/jquery.mask.js'. Physical path: 'C:\Inetpub\vhosts\megatransporte.mx\premios.megatransporte.mx\DVelop\Mask\jquery.mask.js'
info: Microsoft.AspNetCore.Hosting.Diagnostics[2]
      Request finished HTTP/1.1 GET https://premios.megatransporte.mx/DVelop/Mask/jquery.mask.js?20265111632385 - 200 7444 text/javascript 13.9628ms
info: Microsoft.AspNetCore.StaticFiles.StaticFileMiddleware[2]
      Sending file. Request path: '/DVelop/WorkWithPlusUtilities/WorkWithPlusUtilitiesRender.js'. Physical path: 'C:\Inetpub\vhosts\megatransporte.mx\premios.megatransporte.mx\DVelop\WorkWithPlusUtilities\WorkWithPlusUtilitiesRender.js'
info: Microsoft.AspNetCore.Hosting.Diagnostics[2]
      Request finished HTTP/1.1 GET https://premios.megatransporte.mx/DVelop/WorkWithPlusUtilities/WorkWithPlusUtilitiesRender.js?20265111632385 - 200 31913 text/javascript 104.7092ms
info: Microsoft.AspNetCore.StaticFiles.StaticFileMiddleware[2]
      Sending file. Request path: '/DVelop/Shared/daterangepicker/locales.js'. Physical path: 'C:\Inetpub\vhosts\megatransporte.mx\premios.megatransporte.mx\DVelop\Shared\daterangepicker\locales.js'
info: Microsoft.AspNetCore.Hosting.Diagnostics[2]
      Request finished HTTP/1.1 GET https://premios.megatransporte.mx/DVelop/Shared/daterangepicker/locales.js?20265111632385 - 200 3806 text/javascript 54.0751ms
info: Microsoft.AspNetCore.Hosting.Diagnostics[1]
      Request starting HTTP/1.1 GET http://premios.megatransporte.mx/DVelop/DatePicker/DatePickerRender.js?20265111632385 - - -
info: Microsoft.AspNetCore.Hosting.Diagnostics[1]
      Request starting HTTP/1.1 GET http://premios.megatransporte.mx/DVelop/Shared/daterangepicker/daterangepicker.min.js?20265111632385 - - -
info: Microsoft.AspNetCore.StaticFiles.StaticFileMiddleware[2]
      Sending file. Request path: '/DVelop/DatePicker/DatePickerRender.js'. Physical path: 'C:\Inetpub\vhosts\megatransporte.mx\premios.megatransporte.mx\DVelop\DatePicker\DatePickerRender.js'
info: Microsoft.AspNetCore.Hosting.Diagnostics[2]
      Request finished HTTP/1.1 GET https://premios.megatransporte.mx/DVelop/DatePicker/DatePickerRender.js?20265111632385 - 200 3208 text/javascript 12.6983ms
info: Microsoft.AspNetCore.StaticFiles.StaticFileMiddleware[2]
      Sending file. Request path: '/DVelop/Shared/daterangepicker/wwp-daterangepicker.js'. Physical path: 'C:\Inetpub\vhosts\megatransporte.mx\premios.megatransporte.mx\DVelop\Shared\daterangepicker\wwp-daterangepicker.js'
info: Microsoft.AspNetCore.Hosting.Diagnostics[2]
      Request finished HTTP/1.1 GET https://premios.megatransporte.mx/DVelop/Shared/daterangepicker/wwp-daterangepicker.js?20265111632385 - 200 5914 text/javascript 107.4608ms
info: Microsoft.AspNetCore.Hosting.Diagnostics[1]
      Request starting HTTP/1.1 GET http://premios.megatransporte.mx/wwpbaseobjects/workwithplusmasterpageempty.js?2026511113128 - - -
info: Microsoft.AspNetCore.Hosting.Diagnostics[1]
      Request starting HTTP/1.1 GET http://premios.megatransporte.mx/UserControls/LoaderRender.js?20265111632385 - - -
info: Microsoft.AspNetCore.StaticFiles.StaticFileMiddleware[2]
      Sending file. Request path: '/DVelop/WorkWithPlusUtilities/BootstrapSelect.js'. Physical path: 'C:\Inetpub\vhosts\megatransporte.mx\premios.megatransporte.mx\DVelop\WorkWithPlusUtilities\BootstrapSelect.js'
info: Microsoft.AspNetCore.Hosting.Diagnostics[2]
      Request finished HTTP/1.1 GET https://premios.megatransporte.mx/DVelop/WorkWithPlusUtilities/BootstrapSelect.js?20265111632385 - 200 52902 text/javascript 138.4622ms
info: Microsoft.AspNetCore.StaticFiles.StaticFileMiddleware[2]
      Sending file. Request path: '/wwpbaseobjects/workwithplusmasterpageempty.js'. Physical path: 'C:\Inetpub\vhosts\megatransporte.mx\premios.megatransporte.mx\wwpbaseobjects\workwithplusmasterpageempty.js'
info: Microsoft.AspNetCore.Hosting.Diagnostics[2]
      Request finished HTTP/1.1 GET https://premios.megatransporte.mx/wwpbaseobjects/workwithplusmasterpageempty.js?2026511113128 - 200 11094 text/javascript 44.6895ms
info: Microsoft.AspNetCore.StaticFiles.StaticFileMiddleware[2]
      Sending file. Request path: '/DVelop/Shared/daterangepicker/moment.min.js'. Physical path: 'C:\Inetpub\vhosts\megatransporte.mx\premios.megatransporte.mx\DVelop\Shared\daterangepicker\moment.min.js'
info: Microsoft.AspNetCore.Hosting.Diagnostics[2]
      Request finished HTTP/1.1 GET https://premios.megatransporte.mx/DVelop/Shared/daterangepicker/moment.min.js?20265111632385 - 200 59101 text/javascript 153.5008ms
info: Microsoft.AspNetCore.StaticFiles.StaticFileMiddleware[2]
      Sending file. Request path: '/DVelop/Shared/daterangepicker/daterangepicker.min.js'. Physical path: 'C:\Inetpub\vhosts\megatransporte.mx\premios.megatransporte.mx\DVelop\Shared\daterangepicker\daterangepicker.min.js'
info: Microsoft.AspNetCore.Hosting.Diagnostics[2]
      Request finished HTTP/1.1 GET https://premios.megatransporte.mx/DVelop/Shared/daterangepicker/daterangepicker.min.js?20265111632385 - 200 63379 text/javascript 100.7423ms
info: Microsoft.AspNetCore.StaticFiles.StaticFileMiddleware[2]
      Sending file. Request path: '/UserControls/LoaderRender.js'. Physical path: 'C:\Inetpub\vhosts\megatransporte.mx\premios.megatransporte.mx\UserControls\LoaderRender.js'
info: Microsoft.AspNetCore.Hosting.Diagnostics[2]
      Request finished HTTP/1.1 GET https://premios.megatransporte.mx/UserControls/LoaderRender.js?20265111632385 - 200 4616 text/javascript 102.3142ms
info: Microsoft.AspNetCore.Hosting.Diagnostics[1]
      Request starting HTTP/1.1 GET http://premios.megatransporte.mx/bootstrap/fonts/glyphicons-halflings-regular.woff2 - - -
info: Microsoft.AspNetCore.StaticFiles.StaticFileMiddleware[2]
      Sending file. Request path: '/bootstrap/fonts/glyphicons-halflings-regular.woff2'. Physical path: 'C:\Inetpub\vhosts\megatransporte.mx\premios.megatransporte.mx\bootstrap\fonts\glyphicons-halflings-regular.woff2'
info: Microsoft.AspNetCore.Hosting.Diagnostics[2]
      Request finished HTTP/1.1 GET https://premios.megatransporte.mx/bootstrap/fonts/glyphicons-halflings-regular.woff2 - 200 18028 font/woff2 24.0240ms
info: Microsoft.AspNetCore.Hosting.Diagnostics[1]
      Request starting HTTP/1.1 GET http://premios.megatransporte.mx/Resources/Favicon.png - - -
info: Microsoft.AspNetCore.StaticFiles.StaticFileMiddleware[2]
      Sending file. Request path: '/Favicon.png'. Physical path: 'C:\Inetpub\vhosts\megatransporte.mx\premios.megatransporte.mx\Resources\Favicon.png'
info: Microsoft.AspNetCore.Hosting.Diagnostics[2]
      Request finished HTTP/1.1 GET https://premios.megatransporte.mx/Resources/Favicon.png - 200 5579 image/png 16.5468ms
info: Microsoft.AspNetCore.Hosting.Diagnostics[1]
      Request starting HTTP/1.1 GET http://premios.megatransporte.mx/login.aspx - - -
info: Microsoft.AspNetCore.Session.DistributedSession[3]
      Session started; Key:ca2002e7-f370-f724-3d98-45ae1fee87e0, Id:a2a708bb-199d-41da-59d3-918206d25890
info: Microsoft.AspNetCore.Hosting.Diagnostics[2]
      Request finished HTTP/1.1 GET https://premios.megatransporte.mx/login.aspx - 200 - text/html 14.3442ms
info: Microsoft.AspNetCore.Hosting.Diagnostics[1]
      Request starting HTTP/1.1 GET http://premios.megatransporte.mx/Resources/Favicon.png - - -
info: Microsoft.AspNetCore.Hosting.Diagnostics[1]
      Request starting HTTP/1.1 GET http://premios.megatransporte.mx/favicon.ico - - -
fail: Microsoft.AspNetCore.Diagnostics.ExceptionHandlerMiddleware[1]
      An unhandled exception has occurred while executing the request.
      GeneXus.HttpHandlerFactory.PageNotFoundException: /favicon.ico
         at GeneXus.Application.Startup.<>c.<<Configure>b__26_4>d.MoveNext()
      --- End of stack trace from previous location ---
         at Microsoft.AspNetCore.Builder.RouterMiddleware.Invoke(HttpContext httpContext)
         at Microsoft.AspNetCore.Diagnostics.ExceptionHandlerMiddlewareImpl.<Invoke>g__Awaited|10_0(ExceptionHandlerMiddlewareImpl middleware, HttpContext context, Task task)
info: Microsoft.AspNetCore.Hosting.Diagnostics[2]
      Request finished HTTP/1.1 GET https://premios.megatransporte.mx/favicon.ico - 404 0 - 1.8656ms
info: Microsoft.AspNetCore.StaticFiles.StaticFileMiddleware[10]
      Sending bytes 0-5578/5579 of file C:\Inetpub\vhosts\megatransporte.mx\premios.megatransporte.mx\Resources\Favicon.png
info: Microsoft.AspNetCore.Hosting.Diagnostics[2]
      Request finished HTTP/1.1 GET https://premios.megatransporte.mx/Resources/Favicon.png - 206 5579 image/png 20.2332ms
info: Microsoft.AspNetCore.Hosting.Diagnostics[1]
      Request starting HTTP/1.1 GET http://premios.megatransporte.mx/Resources/Favicon.png - - -
info: Microsoft.AspNetCore.StaticFiles.StaticFileMiddleware[10]
      Sending bytes 0-5578/5579 of file C:\Inetpub\vhosts\megatransporte.mx\premios.megatransporte.mx\Resources\Favicon.png
info: Microsoft.AspNetCore.Hosting.Diagnostics[2]
      Request finished HTTP/1.1 GET https://premios.megatransporte.mx/Resources/Favicon.png - 206 5579 image/png 1.4083ms
info: Microsoft.AspNetCore.Hosting.Diagnostics[1]
      Request starting HTTP/1.1 POST http://premios.megatransporte.mx/login.aspx?c01d04b1610243d2a2af23e7952e8b1874da93055de1e6798782e5feb6087cc4,gx-no-cache=1781118792790 - application/json 157
info: Microsoft.AspNetCore.Hosting.Diagnostics[2]
      Request finished HTTP/1.1 POST https://premios.megatransporte.mx/login.aspx?c01d04b1610243d2a2af23e7952e8b1874da93055de1e6798782e5feb6087cc4,gx-no-cache=1781118792790 - 200 - application/json 385.5324ms
info: Microsoft.AspNetCore.Hosting.Diagnostics[1]
      Request starting HTTP/1.1 GET http://premios.megatransporte.mx/DVelop/Bootstrap/Shared/fontawesome_vlatest/webfonts/fa-solid-900.woff2 - - -
info: Microsoft.AspNetCore.StaticFiles.StaticFileMiddleware[2]
      Sending file. Request path: '/DVelop/Bootstrap/Shared/fontawesome_vlatest/webfonts/fa-solid-900.woff2'. Physical path: 'C:\Inetpub\vhosts\megatransporte.mx\premios.megatransporte.mx\DVelop\Bootstrap\Shared\fontawesome_vlatest\webfonts\fa-solid-900.woff2'
info: Microsoft.AspNetCore.Hosting.Diagnostics[2]
      Request finished HTTP/1.1 GET https://premios.megatransporte.mx/DVelop/Bootstrap/Shared/fontawesome_vlatest/webfonts/fa-solid-900.woff2 - 200 113108 font/woff2 33.2781ms
info: Microsoft.AspNetCore.Hosting.Diagnostics[1]
      Request starting HTTP/1.1 POST http://premios.megatransporte.mx/login.aspx?c01d04b1610243d2a2af23e7952e8b1874da93055de1e6798782e5feb6087cc4,gx-no-cache=1781118794226 - application/json 171
info: Microsoft.AspNetCore.Hosting.Diagnostics[2]
      Request finished HTTP/1.1 POST https://premios.megatransporte.mx/login.aspx?c01d04b1610243d2a2af23e7952e8b1874da93055de1e6798782e5feb6087cc4,gx-no-cache=1781118794226 - 200 - application/json 271.5794ms
info: Microsoft.AspNetCore.Hosting.Diagnostics[1]
      Request starting HTTP/1.1 GET http://premios.megatransporte.mx/wpvideo.aspx - - -
info: Microsoft.AspNetCore.Hosting.Diagnostics[2]
      Request finished HTTP/1.1 GET https://premios.megatransporte.mx/wpvideo.aspx - 200 - text/html 2509.2644ms
info: Microsoft.AspNetCore.Hosting.Diagnostics[1]
      Request starting HTTP/1.1 GET http://premios.megatransporte.mx/GXMediaPlayer/lib/video-js.css?20265111632385 - - -
info: Microsoft.AspNetCore.Hosting.Diagnostics[1]
      Request starting HTTP/1.1 GET http://premios.megatransporte.mx/GXMediaPlayer/lib/video.min.js?20265111632385 - - -
info: Microsoft.AspNetCore.Hosting.Diagnostics[1]
      Request starting HTTP/1.1 GET http://premios.megatransporte.mx/GXMediaPlayer/GXMediaPlayerRender.js?20265111632385 - - -
info: Microsoft.AspNetCore.StaticFiles.StaticFileMiddleware[2]
      Sending file. Request path: '/GXMediaPlayer/lib/video-js.css'. Physical path: 'C:\Inetpub\vhosts\megatransporte.mx\premios.megatransporte.mx\GXMediaPlayer\lib\video-js.css'
info: Microsoft.AspNetCore.Hosting.Diagnostics[2]
      Request finished HTTP/1.1 GET https://premios.megatransporte.mx/GXMediaPlayer/lib/video-js.css?20265111632385 - 200 - text/css 78.5202ms
info: Microsoft.AspNetCore.StaticFiles.StaticFileMiddleware[2]
      Sending file. Request path: '/GXMediaPlayer/GXMediaPlayerRender.js'. Physical path: 'C:\Inetpub\vhosts\megatransporte.mx\premios.megatransporte.mx\GXMediaPlayer\GXMediaPlayerRender.js'
info: Microsoft.AspNetCore.Hosting.Diagnostics[2]
      Request finished HTTP/1.1 GET https://premios.megatransporte.mx/GXMediaPlayer/GXMediaPlayerRender.js?20265111632385 - 200 2829 text/javascript 7.9921ms
info: Microsoft.AspNetCore.Hosting.Diagnostics[1]
      Request starting HTTP/1.1 GET http://premios.megatransporte.mx/Resources/ImageMasterLight.png - - -
info: Microsoft.AspNetCore.Hosting.Diagnostics[1]
      Request starting HTTP/1.1 GET http://premios.megatransporte.mx/wpvideo.js?20265111131599 - - -
info: Microsoft.AspNetCore.Hosting.Diagnostics[1]
      Request starting HTTP/1.1 GET http://premios.megatransporte.mx/UserControls/CustomJSLoaderRender.js?20265111632385 - - -
info: Microsoft.AspNetCore.StaticFiles.StaticFileMiddleware[2]
      Sending file. Request path: '/ImageMasterLight.png'. Physical path: 'C:\Inetpub\vhosts\megatransporte.mx\premios.megatransporte.mx\Resources\ImageMasterLight.png'
info: Microsoft.AspNetCore.Hosting.Diagnostics[2]
      Request finished HTTP/1.1 GET https://premios.megatransporte.mx/Resources/ImageMasterLight.png - 200 2420 image/png 13.3070ms
info: Microsoft.AspNetCore.StaticFiles.StaticFileMiddleware[2]
      Sending file. Request path: '/wpvideo.js'. Physical path: 'C:\Inetpub\vhosts\megatransporte.mx\premios.megatransporte.mx\wpvideo.js'
info: Microsoft.AspNetCore.Hosting.Diagnostics[2]
      Request finished HTTP/1.1 GET https://premios.megatransporte.mx/wpvideo.js?20265111131599 - 200 2855 text/javascript 41.3072ms
info: Microsoft.AspNetCore.StaticFiles.StaticFileMiddleware[2]
      Sending file. Request path: '/UserControls/CustomJSLoaderRender.js'. Physical path: 'C:\Inetpub\vhosts\megatransporte.mx\premios.megatransporte.mx\UserControls\CustomJSLoaderRender.js'
info: Microsoft.AspNetCore.Hosting.Diagnostics[2]
      Request finished HTTP/1.1 GET https://premios.megatransporte.mx/UserControls/CustomJSLoaderRender.js?20265111632385 - 200 3974 text/javascript 107.0526ms
info: Microsoft.AspNetCore.StaticFiles.StaticFileMiddleware[2]
      Sending file. Request path: '/GXMediaPlayer/lib/video.min.js'. Physical path: 'C:\Inetpub\vhosts\megatransporte.mx\premios.megatransporte.mx\GXMediaPlayer\lib\video.min.js'
info: Microsoft.AspNetCore.Hosting.Diagnostics[2]
      Request finished HTTP/1.1 GET https://premios.megatransporte.mx/GXMediaPlayer/lib/video.min.js?20265111632385 - 200 249898 text/javascript 262.6052ms
info: Microsoft.AspNetCore.Hosting.Diagnostics[1]
      Request starting HTTP/1.1 GET http://premios.megatransporte.mx/DVelop/Bootstrap/DropDownOptions/BootstrapDropDownOptionsRender.js?20265111632385 - - -
info: Microsoft.AspNetCore.Hosting.Diagnostics[1]
      Request starting HTTP/1.1 GET http://premios.megatransporte.mx/wwpbaseobjects/workwithplusmasterpagesinmenu.js?20265111131873 - - -
info: Microsoft.AspNetCore.StaticFiles.StaticFileMiddleware[2]
      Sending file. Request path: '/wwpbaseobjects/workwithplusmasterpagesinmenu.js'. Physical path: 'C:\Inetpub\vhosts\megatransporte.mx\premios.megatransporte.mx\wwpbaseobjects\workwithplusmasterpagesinmenu.js'
info: Microsoft.AspNetCore.Hosting.Diagnostics[2]
      Request finished HTTP/1.1 GET https://premios.megatransporte.mx/wwpbaseobjects/workwithplusmasterpagesinmenu.js?20265111131873 - 200 17455 text/javascript 54.8988ms
info: Microsoft.AspNetCore.StaticFiles.StaticFileMiddleware[2]
      Sending file. Request path: '/DVelop/Bootstrap/DropDownOptions/BootstrapDropDownOptionsRender.js'. Physical path: 'C:\Inetpub\vhosts\megatransporte.mx\premios.megatransporte.mx\DVelop\Bootstrap\DropDownOptions\BootstrapDropDownOptionsRender.js'
info: Microsoft.AspNetCore.Hosting.Diagnostics[2]
      Request finished HTTP/1.1 GET https://premios.megatransporte.mx/DVelop/Bootstrap/DropDownOptions/BootstrapDropDownOptionsRender.js?20265111632385 - 200 30334 text/javascript 80.0361ms
info: Microsoft.AspNetCore.Hosting.Diagnostics[1]
      Request starting HTTP/1.1 GET http://premios.megatransporte.mx/Resources/UserInfoSmall.png - - -
info: Microsoft.AspNetCore.StaticFiles.StaticFileMiddleware[2]
      Sending file. Request path: '/UserInfoSmall.png'. Physical path: 'C:\Inetpub\vhosts\megatransporte.mx\premios.megatransporte.mx\Resources\UserInfoSmall.png'
info: Microsoft.AspNetCore.Hosting.Diagnostics[2]
      Request finished HTTP/1.1 GET https://premios.megatransporte.mx/Resources/UserInfoSmall.png - 200 477 image/png 1.2803ms
info: Microsoft.AspNetCore.Hosting.Diagnostics[1]
      Request starting HTTP/1.1 GET http://premios.megatransporte.mx/Resources/EnglishIcon.png - - -
info: Microsoft.AspNetCore.Hosting.Diagnostics[1]
      Request starting HTTP/1.1 GET http://premios.megatransporte.mx/Resources/SpanishIcon.png - - -
info: Microsoft.AspNetCore.StaticFiles.StaticFileMiddleware[2]
      Sending file. Request path: '/EnglishIcon.png'. Physical path: 'C:\Inetpub\vhosts\megatransporte.mx\premios.megatransporte.mx\Resources\EnglishIcon.png'
info: Microsoft.AspNetCore.Hosting.Diagnostics[2]
      Request finished HTTP/1.1 GET https://premios.megatransporte.mx/Resources/EnglishIcon.png - 200 706 image/png 9.7506ms
info: Microsoft.AspNetCore.StaticFiles.StaticFileMiddleware[2]
      Sending file. Request path: '/SpanishIcon.png'. Physical path: 'C:\Inetpub\vhosts\megatransporte.mx\premios.megatransporte.mx\Resources\SpanishIcon.png'
info: Microsoft.AspNetCore.Hosting.Diagnostics[2]
      Request finished HTTP/1.1 GET https://premios.megatransporte.mx/Resources/SpanishIcon.png - 200 603 image/png 8.6160ms
info: Microsoft.AspNetCore.Hosting.Diagnostics[1]
      Request starting HTTP/1.1 POST http://premios.megatransporte.mx/wpvideo.aspx?c01d04b1610243d2a2af23e7952e8b1874da93055de1e6798782e5feb6087cc4,gx-no-cache=1781118800186 - application/json 197
info: Microsoft.AspNetCore.Hosting.Diagnostics[2]
      Request finished HTTP/1.1 POST https://premios.megatransporte.mx/wpvideo.aspx?c01d04b1610243d2a2af23e7952e8b1874da93055de1e6798782e5feb6087cc4,gx-no-cache=1781118800186 - 200 - application/json 885.0657ms
info: Microsoft.AspNetCore.Hosting.Diagnostics[1]
      Request starting HTTP/1.1 GET http://premios.megatransporte.mx/UserControls/WWP_IconButtonRender.js?20265111632385 - - -
info: Microsoft.AspNetCore.StaticFiles.StaticFileMiddleware[2]
      Sending file. Request path: '/UserControls/WWP_IconButtonRender.js'. Physical path: 'C:\Inetpub\vhosts\megatransporte.mx\premios.megatransporte.mx\UserControls\WWP_IconButtonRender.js'
info: Microsoft.AspNetCore.Hosting.Diagnostics[2]
      Request finished HTTP/1.1 GET https://premios.megatransporte.mx/UserControls/WWP_IconButtonRender.js?20265111632385 - 200 1330 text/javascript 53.2748ms
info: Microsoft.AspNetCore.Hosting.Diagnostics[1]
      Request starting HTTP/1.1 GET http://premios.megatransporte.mx/wwpbaseobjects/wwp_masterpagetopactionswc.js?202651111304987 - - -
info: Microsoft.AspNetCore.StaticFiles.StaticFileMiddleware[2]
      Sending file. Request path: '/wwpbaseobjects/wwp_masterpagetopactionswc.js'. Physical path: 'C:\Inetpub\vhosts\megatransporte.mx\premios.megatransporte.mx\wwpbaseobjects\wwp_masterpagetopactionswc.js'
info: Microsoft.AspNetCore.Hosting.Diagnostics[2]
      Request finished HTTP/1.1 GET https://premios.megatransporte.mx/wwpbaseobjects/wwp_masterpagetopactionswc.js?202651111304987 - 200 6294 text/javascript 16.8554ms
info: Microsoft.AspNetCore.Hosting.Diagnostics[1]
      Request starting HTTP/1.1 POST http://premios.megatransporte.mx/wpvideo.aspx?c01d04b1610243d2a2af23e7952e8b1874da93055de1e6798782e5feb6087cc4,gx-no-cache=1781118802876 - application/json 173
info: Microsoft.AspNetCore.Hosting.Diagnostics[2]
      Request finished HTTP/1.1 POST https://premios.megatransporte.mx/wpvideo.aspx?c01d04b1610243d2a2af23e7952e8b1874da93055de1e6798782e5feb6087cc4,gx-no-cache=1781118802876 - 200 - application/json 9.5491ms
info: Microsoft.AspNetCore.Hosting.Diagnostics[1]
      Request starting HTTP/1.1 GET http://premios.megatransporte.mx/login.aspx - - -
info: Microsoft.AspNetCore.Hosting.Diagnostics[2]
      Request finished HTTP/1.1 GET https://premios.megatransporte.mx/login.aspx - 200 - text/html 8.1086ms
info: Microsoft.AspNetCore.Hosting.Diagnostics[1]
      Request starting HTTP/1.1 POST http://premios.megatransporte.mx/login.aspx?c01d04b1610243d2a2af23e7952e8b185d651f1d8b4eceac2d8f348bb134d843,gx-no-cache=1781118805972 - application/json 171
info: Microsoft.AspNetCore.Hosting.Diagnostics[2]
      Request finished HTTP/1.1 POST https://premios.megatransporte.mx/login.aspx?c01d04b1610243d2a2af23e7952e8b185d651f1d8b4eceac2d8f348bb134d843,gx-no-cache=1781118805972 - 200 - application/json 215.8415ms
info: Microsoft.AspNetCore.Hosting.Diagnostics[1]
      Request starting HTTP/1.1 GET http://premios.megatransporte.mx/wpvideo.aspx - - -
info: Microsoft.AspNetCore.Hosting.Diagnostics[2]
      Request finished HTTP/1.1 GET https://premios.megatransporte.mx/wpvideo.aspx - 200 - text/html 18.4288ms
info: Microsoft.AspNetCore.Hosting.Diagnostics[1]
      Request starting HTTP/1.1 POST http://127.0.0.1:14032/iisintegration - - 0
info: Microsoft.AspNetCore.Hosting.Diagnostics[2]
      Request finished HTTP/1.1 POST http://127.0.0.1:14032/iisintegration - 202 0 - 0.2245ms
