warn: Microsoft.AspNetCore.DataProtection.Repositories.EphemeralXmlRepository[50]
      Using an in-memory repository. Keys will not be persisted to storage.
warn: Microsoft.AspNetCore.DataProtection.KeyManagement.XmlKeyManager[59]
      Neither user profile nor HKLM registry available. Using an ephemeral key repository. Protected data will be unavailable when application exits.
warn: Microsoft.AspNetCore.StaticFiles.StaticFileMiddleware[16]
      The WebRootPath was not found: C:\Inetpub\vhosts\megatransporte.mx\premios.megatransporte.mx\wwwroot. Static files may be unavailable.
info: Microsoft.AspNetCore.DataProtection.KeyManagement.XmlKeyManager[58]
      Creating key {5ac3692d-d7ca-4bd1-8fc3-2c0552070930} with creation date 2026-05-03 15:00:48Z, activation date 2026-05-03 15:00:48Z, and expiration date 2026-08-01 15:00:48Z.
warn: Microsoft.AspNetCore.DataProtection.KeyManagement.XmlKeyManager[35]
      No XML encryptor configured. Key {5ac3692d-d7ca-4bd1-8fc3-2c0552070930} may be persisted to storage in unencrypted form.
Hosting environment: Production
Content root path: C:\Inetpub\vhosts\megatransporte.mx\premios.megatransporte.mx
Now listening on: http://127.0.0.1:44342
Application started. Press Ctrl+C to shut down.
info: Microsoft.AspNetCore.Hosting.Diagnostics[1]
      Request starting HTTP/1.1 GET http://premios.megatransporte.mx/style.php - - -
fail: Microsoft.AspNetCore.Diagnostics.ExceptionHandlerMiddleware[1]
      An unhandled exception has occurred while executing the request.
      GeneXus.HttpHandlerFactory.PageNotFoundException: /style.php
         at GeneXus.Application.Startup.<>c.<<Configure>b__26_4>d.MoveNext()
      --- End of stack trace from previous location ---
         at Microsoft.AspNetCore.Builder.RouterMiddleware.Invoke(HttpContext httpContext)
         at Microsoft.AspNetCore.Diagnostics.ExceptionHandlerMiddlewareImpl.<Invoke>g__Awaited|10_0(ExceptionHandlerMiddlewareImpl middleware, HttpContext context, Task task)
info: Microsoft.AspNetCore.Hosting.Diagnostics[2]
      Request finished HTTP/1.1 GET https://premios.megatransporte.mx/style.php - 404 0 - 84.7587ms
info: Microsoft.AspNetCore.Hosting.Diagnostics[1]
      Request starting HTTP/1.1 GET http://premios.megatransporte.mx/wp-content/style.php - - -
fail: Microsoft.AspNetCore.Diagnostics.ExceptionHandlerMiddleware[1]
      An unhandled exception has occurred while executing the request.
      GeneXus.HttpHandlerFactory.PageNotFoundException: /wp-content/style.php
         at GeneXus.Application.Startup.<>c.<<Configure>b__26_4>d.MoveNext()
      --- End of stack trace from previous location ---
         at Microsoft.AspNetCore.Builder.RouterMiddleware.Invoke(HttpContext httpContext)
         at Microsoft.AspNetCore.Diagnostics.ExceptionHandlerMiddlewareImpl.<Invoke>g__Awaited|10_0(ExceptionHandlerMiddlewareImpl middleware, HttpContext context, Task task)
info: Microsoft.AspNetCore.Hosting.Diagnostics[2]
      Request finished HTTP/1.1 GET https://premios.megatransporte.mx/wp-content/style.php - 404 0 - 4.9145ms
info: Microsoft.AspNetCore.Hosting.Diagnostics[1]
      Request starting HTTP/1.1 GET http://premios.megatransporte.mx/wp-content/themes/style.php - - -
fail: Microsoft.AspNetCore.Diagnostics.ExceptionHandlerMiddleware[1]
      An unhandled exception has occurred while executing the request.
      GeneXus.HttpHandlerFactory.PageNotFoundException: /wp-content/themes/style.php
         at GeneXus.Application.Startup.<>c.<<Configure>b__26_4>d.MoveNext()
      --- End of stack trace from previous location ---
         at Microsoft.AspNetCore.Builder.RouterMiddleware.Invoke(HttpContext httpContext)
         at Microsoft.AspNetCore.Diagnostics.ExceptionHandlerMiddlewareImpl.<Invoke>g__Awaited|10_0(ExceptionHandlerMiddlewareImpl middleware, HttpContext context, Task task)
info: Microsoft.AspNetCore.Hosting.Diagnostics[2]
      Request finished HTTP/1.1 GET https://premios.megatransporte.mx/wp-content/themes/style.php - 404 0 - 1.8857ms
info: Microsoft.AspNetCore.Hosting.Diagnostics[1]
      Request starting HTTP/1.1 GET http://premios.megatransporte.mx/wp-admin/style.php - - -
fail: Microsoft.AspNetCore.Diagnostics.ExceptionHandlerMiddleware[1]
      An unhandled exception has occurred while executing the request.
      GeneXus.HttpHandlerFactory.PageNotFoundException: /wp-admin/style.php
         at GeneXus.Application.Startup.<>c.<<Configure>b__26_4>d.MoveNext()
      --- End of stack trace from previous location ---
         at Microsoft.AspNetCore.Builder.RouterMiddleware.Invoke(HttpContext httpContext)
         at Microsoft.AspNetCore.Diagnostics.ExceptionHandlerMiddlewareImpl.<Invoke>g__Awaited|10_0(ExceptionHandlerMiddlewareImpl middleware, HttpContext context, Task task)
info: Microsoft.AspNetCore.Hosting.Diagnostics[2]
      Request finished HTTP/1.1 GET https://premios.megatransporte.mx/wp-admin/style.php - 404 0 - 1.5149ms
info: Microsoft.AspNetCore.Hosting.Diagnostics[1]
      Request starting HTTP/1.1 GET http://premios.megatransporte.mx/wp-includes/style.php - - -
fail: Microsoft.AspNetCore.Diagnostics.ExceptionHandlerMiddleware[1]
      An unhandled exception has occurred while executing the request.
      GeneXus.HttpHandlerFactory.PageNotFoundException: /wp-includes/style.php
         at GeneXus.Application.Startup.<>c.<<Configure>b__26_4>d.MoveNext()
      --- End of stack trace from previous location ---
         at Microsoft.AspNetCore.Builder.RouterMiddleware.Invoke(HttpContext httpContext)
         at Microsoft.AspNetCore.Diagnostics.ExceptionHandlerMiddlewareImpl.<Invoke>g__Awaited|10_0(ExceptionHandlerMiddlewareImpl middleware, HttpContext context, Task task)
info: Microsoft.AspNetCore.Hosting.Diagnostics[2]
      Request finished HTTP/1.1 GET https://premios.megatransporte.mx/wp-includes/style.php - 404 0 - 1.3078ms
info: Microsoft.AspNetCore.Hosting.Diagnostics[1]
      Request starting HTTP/1.1 GET http://premios.megatransporte.mx/chosen.php?p= - - -
fail: Microsoft.AspNetCore.Diagnostics.ExceptionHandlerMiddleware[1]
      An unhandled exception has occurred while executing the request.
      GeneXus.HttpHandlerFactory.PageNotFoundException: /chosen.php
         at GeneXus.Application.Startup.<>c.<<Configure>b__26_4>d.MoveNext()
      --- End of stack trace from previous location ---
         at Microsoft.AspNetCore.Builder.RouterMiddleware.Invoke(HttpContext httpContext)
         at Microsoft.AspNetCore.Diagnostics.ExceptionHandlerMiddlewareImpl.<Invoke>g__Awaited|10_0(ExceptionHandlerMiddlewareImpl middleware, HttpContext context, Task task)
info: Microsoft.AspNetCore.Hosting.Diagnostics[2]
      Request finished HTTP/1.1 GET https://premios.megatransporte.mx/chosen.php?p= - 404 0 - 1.3520ms
info: Microsoft.AspNetCore.Hosting.Diagnostics[1]
      Request starting HTTP/1.1 GET http://premios.megatransporte.mx/file.php - - -
fail: Microsoft.AspNetCore.Diagnostics.ExceptionHandlerMiddleware[1]
      An unhandled exception has occurred while executing the request.
      GeneXus.HttpHandlerFactory.PageNotFoundException: /file.php
         at GeneXus.Application.Startup.<>c.<<Configure>b__26_4>d.MoveNext()
      --- End of stack trace from previous location ---
         at Microsoft.AspNetCore.Builder.RouterMiddleware.Invoke(HttpContext httpContext)
         at Microsoft.AspNetCore.Diagnostics.ExceptionHandlerMiddlewareImpl.<Invoke>g__Awaited|10_0(ExceptionHandlerMiddlewareImpl middleware, HttpContext context, Task task)
info: Microsoft.AspNetCore.Hosting.Diagnostics[2]
      Request finished HTTP/1.1 GET https://premios.megatransporte.mx/file.php - 404 0 - 1.4860ms
info: Microsoft.AspNetCore.Hosting.Diagnostics[1]
      Request starting HTTP/1.1 GET http://premios.megatransporte.mx/flower.php - - -
fail: Microsoft.AspNetCore.Diagnostics.ExceptionHandlerMiddleware[1]
      An unhandled exception has occurred while executing the request.
      GeneXus.HttpHandlerFactory.PageNotFoundException: /flower.php
         at GeneXus.Application.Startup.<>c.<<Configure>b__26_4>d.MoveNext()
      --- End of stack trace from previous location ---
         at Microsoft.AspNetCore.Builder.RouterMiddleware.Invoke(HttpContext httpContext)
         at Microsoft.AspNetCore.Diagnostics.ExceptionHandlerMiddlewareImpl.<Invoke>g__Awaited|10_0(ExceptionHandlerMiddlewareImpl middleware, HttpContext context, Task task)
info: Microsoft.AspNetCore.Hosting.Diagnostics[2]
      Request finished HTTP/1.1 GET https://premios.megatransporte.mx/flower.php - 404 0 - 1.1571ms
info: Microsoft.AspNetCore.Hosting.Diagnostics[1]
      Request starting HTTP/1.1 GET http://premios.megatransporte.mx/gifclass.php - - -
fail: Microsoft.AspNetCore.Diagnostics.ExceptionHandlerMiddleware[1]
      An unhandled exception has occurred while executing the request.
      GeneXus.HttpHandlerFactory.PageNotFoundException: /gifclass.php
         at GeneXus.Application.Startup.<>c.<<Configure>b__26_4>d.MoveNext()
      --- End of stack trace from previous location ---
         at Microsoft.AspNetCore.Builder.RouterMiddleware.Invoke(HttpContext httpContext)
         at Microsoft.AspNetCore.Diagnostics.ExceptionHandlerMiddlewareImpl.<Invoke>g__Awaited|10_0(ExceptionHandlerMiddlewareImpl middleware, HttpContext context, Task task)
info: Microsoft.AspNetCore.Hosting.Diagnostics[2]
      Request finished HTTP/1.1 GET https://premios.megatransporte.mx/gifclass.php - 404 0 - 1.2918ms
info: Microsoft.AspNetCore.Hosting.Diagnostics[1]
      Request starting HTTP/1.1 GET http://premios.megatransporte.mx/bless.php - - -
fail: Microsoft.AspNetCore.Diagnostics.ExceptionHandlerMiddleware[1]
      An unhandled exception has occurred while executing the request.
      GeneXus.HttpHandlerFactory.PageNotFoundException: /bless.php
         at GeneXus.Application.Startup.<>c.<<Configure>b__26_4>d.MoveNext()
      --- End of stack trace from previous location ---
         at Microsoft.AspNetCore.Builder.RouterMiddleware.Invoke(HttpContext httpContext)
         at Microsoft.AspNetCore.Diagnostics.ExceptionHandlerMiddlewareImpl.<Invoke>g__Awaited|10_0(ExceptionHandlerMiddlewareImpl middleware, HttpContext context, Task task)
info: Microsoft.AspNetCore.Hosting.Diagnostics[2]
      Request finished HTTP/1.1 GET https://premios.megatransporte.mx/bless.php - 404 0 - 1.1988ms
info: Microsoft.AspNetCore.Hosting.Diagnostics[1]
      Request starting HTTP/1.1 GET http://premios.megatransporte.mx/class-t.api.php - - -
fail: Microsoft.AspNetCore.Diagnostics.ExceptionHandlerMiddleware[1]
      An unhandled exception has occurred while executing the request.
      GeneXus.HttpHandlerFactory.PageNotFoundException: /class-t.api.php
         at GeneXus.Application.Startup.<>c.<<Configure>b__26_4>d.MoveNext()
      --- End of stack trace from previous location ---
         at Microsoft.AspNetCore.Builder.RouterMiddleware.Invoke(HttpContext httpContext)
         at Microsoft.AspNetCore.Diagnostics.ExceptionHandlerMiddlewareImpl.<Invoke>g__Awaited|10_0(ExceptionHandlerMiddlewareImpl middleware, HttpContext context, Task task)
info: Microsoft.AspNetCore.Hosting.Diagnostics[2]
      Request finished HTTP/1.1 GET https://premios.megatransporte.mx/class-t.api.php - 404 0 - 1.3062ms
info: Microsoft.AspNetCore.Hosting.Diagnostics[1]
      Request starting HTTP/1.1 GET http://premios.megatransporte.mx/blurbs.php - - -
fail: Microsoft.AspNetCore.Diagnostics.ExceptionHandlerMiddleware[1]
      An unhandled exception has occurred while executing the request.
      GeneXus.HttpHandlerFactory.PageNotFoundException: /blurbs.php
         at GeneXus.Application.Startup.<>c.<<Configure>b__26_4>d.MoveNext()
      --- End of stack trace from previous location ---
         at Microsoft.AspNetCore.Builder.RouterMiddleware.Invoke(HttpContext httpContext)
         at Microsoft.AspNetCore.Diagnostics.ExceptionHandlerMiddlewareImpl.<Invoke>g__Awaited|10_0(ExceptionHandlerMiddlewareImpl middleware, HttpContext context, Task task)
info: Microsoft.AspNetCore.Hosting.Diagnostics[2]
      Request finished HTTP/1.1 GET https://premios.megatransporte.mx/blurbs.php - 404 0 - 1.3144ms
info: Microsoft.AspNetCore.Hosting.Diagnostics[1]
      Request starting HTTP/1.1 GET http://premios.megatransporte.mx/akcc.php - - -
fail: Microsoft.AspNetCore.Diagnostics.ExceptionHandlerMiddleware[1]
      An unhandled exception has occurred while executing the request.
      GeneXus.HttpHandlerFactory.PageNotFoundException: /akcc.php
         at GeneXus.Application.Startup.<>c.<<Configure>b__26_4>d.MoveNext()
      --- End of stack trace from previous location ---
         at Microsoft.AspNetCore.Builder.RouterMiddleware.Invoke(HttpContext httpContext)
         at Microsoft.AspNetCore.Diagnostics.ExceptionHandlerMiddlewareImpl.<Invoke>g__Awaited|10_0(ExceptionHandlerMiddlewareImpl middleware, HttpContext context, Task task)
info: Microsoft.AspNetCore.Hosting.Diagnostics[2]
      Request finished HTTP/1.1 GET https://premios.megatransporte.mx/akcc.php - 404 0 - 1.2518ms
info: Microsoft.AspNetCore.Hosting.Diagnostics[1]
      Request starting HTTP/1.1 GET http://premios.megatransporte.mx/abcd.php - - -
fail: Microsoft.AspNetCore.Diagnostics.ExceptionHandlerMiddleware[1]
      An unhandled exception has occurred while executing the request.
      GeneXus.HttpHandlerFactory.PageNotFoundException: /abcd.php
         at GeneXus.Application.Startup.<>c.<<Configure>b__26_4>d.MoveNext()
      --- End of stack trace from previous location ---
         at Microsoft.AspNetCore.Builder.RouterMiddleware.Invoke(HttpContext httpContext)
         at Microsoft.AspNetCore.Diagnostics.ExceptionHandlerMiddlewareImpl.<Invoke>g__Awaited|10_0(ExceptionHandlerMiddlewareImpl middleware, HttpContext context, Task task)
info: Microsoft.AspNetCore.Hosting.Diagnostics[2]
      Request finished HTTP/1.1 GET https://premios.megatransporte.mx/abcd.php - 404 0 - 1.3289ms
info: Microsoft.AspNetCore.Hosting.Diagnostics[1]
      Request starting HTTP/1.1 GET http://premios.megatransporte.mx/shelp.php - - -
fail: Microsoft.AspNetCore.Diagnostics.ExceptionHandlerMiddleware[1]
      An unhandled exception has occurred while executing the request.
      GeneXus.HttpHandlerFactory.PageNotFoundException: /shelp.php
         at GeneXus.Application.Startup.<>c.<<Configure>b__26_4>d.MoveNext()
      --- End of stack trace from previous location ---
         at Microsoft.AspNetCore.Builder.RouterMiddleware.Invoke(HttpContext httpContext)
         at Microsoft.AspNetCore.Diagnostics.ExceptionHandlerMiddlewareImpl.<Invoke>g__Awaited|10_0(ExceptionHandlerMiddlewareImpl middleware, HttpContext context, Task task)
info: Microsoft.AspNetCore.Hosting.Diagnostics[2]
      Request finished HTTP/1.1 GET https://premios.megatransporte.mx/shelp.php - 404 0 - 1.1957ms
info: Microsoft.AspNetCore.Hosting.Diagnostics[1]
      Request starting HTTP/1.1 GET http://premios.megatransporte.mx/cord.php - - -
fail: Microsoft.AspNetCore.Diagnostics.ExceptionHandlerMiddleware[1]
      An unhandled exception has occurred while executing the request.
      GeneXus.HttpHandlerFactory.PageNotFoundException: /cord.php
         at GeneXus.Application.Startup.<>c.<<Configure>b__26_4>d.MoveNext()
      --- End of stack trace from previous location ---
         at Microsoft.AspNetCore.Builder.RouterMiddleware.Invoke(HttpContext httpContext)
         at Microsoft.AspNetCore.Diagnostics.ExceptionHandlerMiddlewareImpl.<Invoke>g__Awaited|10_0(ExceptionHandlerMiddlewareImpl middleware, HttpContext context, Task task)
info: Microsoft.AspNetCore.Hosting.Diagnostics[2]
      Request finished HTTP/1.1 GET https://premios.megatransporte.mx/cord.php - 404 0 - 1.3359ms
info: Microsoft.AspNetCore.Hosting.Diagnostics[1]
      Request starting HTTP/1.1 GET http://premios.megatransporte.mx/dex.php - - -
fail: Microsoft.AspNetCore.Diagnostics.ExceptionHandlerMiddleware[1]
      An unhandled exception has occurred while executing the request.
      GeneXus.HttpHandlerFactory.PageNotFoundException: /dex.php
         at GeneXus.Application.Startup.<>c.<<Configure>b__26_4>d.MoveNext()
      --- End of stack trace from previous location ---
         at Microsoft.AspNetCore.Builder.RouterMiddleware.Invoke(HttpContext httpContext)
         at Microsoft.AspNetCore.Diagnostics.ExceptionHandlerMiddlewareImpl.<Invoke>g__Awaited|10_0(ExceptionHandlerMiddlewareImpl middleware, HttpContext context, Task task)
info: Microsoft.AspNetCore.Hosting.Diagnostics[2]
      Request finished HTTP/1.1 GET https://premios.megatransporte.mx/dex.php - 404 0 - 1.2636ms
info: Microsoft.AspNetCore.Hosting.Diagnostics[1]
      Request starting HTTP/1.1 GET http://premios.megatransporte.mx/wp-admin/admin-ajax.php - - -
fail: Microsoft.AspNetCore.Diagnostics.ExceptionHandlerMiddleware[1]
      An unhandled exception has occurred while executing the request.
      GeneXus.HttpHandlerFactory.PageNotFoundException: /wp-admin/admin-ajax.php
         at GeneXus.Application.Startup.<>c.<<Configure>b__26_4>d.MoveNext()
      --- End of stack trace from previous location ---
         at Microsoft.AspNetCore.Builder.RouterMiddleware.Invoke(HttpContext httpContext)
         at Microsoft.AspNetCore.Diagnostics.ExceptionHandlerMiddlewareImpl.<Invoke>g__Awaited|10_0(ExceptionHandlerMiddlewareImpl middleware, HttpContext context, Task task)
info: Microsoft.AspNetCore.Hosting.Diagnostics[2]
      Request finished HTTP/1.1 GET https://premios.megatransporte.mx/wp-admin/admin-ajax.php - 404 0 - 1.4484ms
info: Microsoft.AspNetCore.Hosting.Diagnostics[1]
      Request starting HTTP/1.1 GET http://premios.megatransporte.mx/file2.php - - -
fail: Microsoft.AspNetCore.Diagnostics.ExceptionHandlerMiddleware[1]
      An unhandled exception has occurred while executing the request.
      GeneXus.HttpHandlerFactory.PageNotFoundException: /file2.php
         at GeneXus.Application.Startup.<>c.<<Configure>b__26_4>d.MoveNext()
      --- End of stack trace from previous location ---
         at Microsoft.AspNetCore.Builder.RouterMiddleware.Invoke(HttpContext httpContext)
         at Microsoft.AspNetCore.Diagnostics.ExceptionHandlerMiddlewareImpl.<Invoke>g__Awaited|10_0(ExceptionHandlerMiddlewareImpl middleware, HttpContext context, Task task)
info: Microsoft.AspNetCore.Hosting.Diagnostics[2]
      Request finished HTTP/1.1 GET https://premios.megatransporte.mx/file2.php - 404 0 - 1.3226ms
info: Microsoft.AspNetCore.Hosting.Diagnostics[1]
      Request starting HTTP/1.1 GET http://premios.megatransporte.mx/zwso.php - - -
fail: Microsoft.AspNetCore.Diagnostics.ExceptionHandlerMiddleware[1]
      An unhandled exception has occurred while executing the request.
      GeneXus.HttpHandlerFactory.PageNotFoundException: /zwso.php
         at GeneXus.Application.Startup.<>c.<<Configure>b__26_4>d.MoveNext()
      --- End of stack trace from previous location ---
         at Microsoft.AspNetCore.Builder.RouterMiddleware.Invoke(HttpContext httpContext)
         at Microsoft.AspNetCore.Diagnostics.ExceptionHandlerMiddlewareImpl.<Invoke>g__Awaited|10_0(ExceptionHandlerMiddlewareImpl middleware, HttpContext context, Task task)
info: Microsoft.AspNetCore.Hosting.Diagnostics[2]
      Request finished HTTP/1.1 GET https://premios.megatransporte.mx/zwso.php - 404 0 - 1.2020ms
info: Microsoft.AspNetCore.Hosting.Diagnostics[1]
      Request starting HTTP/1.1 GET http://premios.megatransporte.mx/wp-admin/zwso.php - - -
fail: Microsoft.AspNetCore.Diagnostics.ExceptionHandlerMiddleware[1]
      An unhandled exception has occurred while executing the request.
      GeneXus.HttpHandlerFactory.PageNotFoundException: /wp-admin/zwso.php
         at GeneXus.Application.Startup.<>c.<<Configure>b__26_4>d.MoveNext()
      --- End of stack trace from previous location ---
         at Microsoft.AspNetCore.Builder.RouterMiddleware.Invoke(HttpContext httpContext)
         at Microsoft.AspNetCore.Diagnostics.ExceptionHandlerMiddlewareImpl.<Invoke>g__Awaited|10_0(ExceptionHandlerMiddlewareImpl middleware, HttpContext context, Task task)
info: Microsoft.AspNetCore.Hosting.Diagnostics[2]
      Request finished HTTP/1.1 GET https://premios.megatransporte.mx/wp-admin/zwso.php - 404 0 - 1.2674ms
info: Microsoft.AspNetCore.Hosting.Diagnostics[1]
      Request starting HTTP/1.1 GET http://premios.megatransporte.mx/wp-content/plugins/hellopress/wp_mna.php - - -
fail: Microsoft.AspNetCore.Diagnostics.ExceptionHandlerMiddleware[1]
      An unhandled exception has occurred while executing the request.
      GeneXus.HttpHandlerFactory.PageNotFoundException: /wp-content/plugins/hellopress/wp_mna.php
         at GeneXus.Application.Startup.<>c.<<Configure>b__26_4>d.MoveNext()
      --- End of stack trace from previous location ---
         at Microsoft.AspNetCore.Builder.RouterMiddleware.Invoke(HttpContext httpContext)
         at Microsoft.AspNetCore.Diagnostics.ExceptionHandlerMiddlewareImpl.<Invoke>g__Awaited|10_0(ExceptionHandlerMiddlewareImpl middleware, HttpContext context, Task task)
info: Microsoft.AspNetCore.Hosting.Diagnostics[2]
      Request finished HTTP/1.1 GET https://premios.megatransporte.mx/wp-content/plugins/hellopress/wp_mna.php - 404 0 - 1.2143ms
info: Microsoft.AspNetCore.Hosting.Diagnostics[1]
      Request starting HTTP/1.1 GET http://premios.megatransporte.mx/bolt.php - - -
fail: Microsoft.AspNetCore.Diagnostics.ExceptionHandlerMiddleware[1]
      An unhandled exception has occurred while executing the request.
      GeneXus.HttpHandlerFactory.PageNotFoundException: /bolt.php
         at GeneXus.Application.Startup.<>c.<<Configure>b__26_4>d.MoveNext()
      --- End of stack trace from previous location ---
         at Microsoft.AspNetCore.Builder.RouterMiddleware.Invoke(HttpContext httpContext)
         at Microsoft.AspNetCore.Diagnostics.ExceptionHandlerMiddlewareImpl.<Invoke>g__Awaited|10_0(ExceptionHandlerMiddlewareImpl middleware, HttpContext context, Task task)
info: Microsoft.AspNetCore.Hosting.Diagnostics[2]
      Request finished HTTP/1.1 GET https://premios.megatransporte.mx/bolt.php - 404 0 - 1.2346ms
info: Microsoft.AspNetCore.Hosting.Diagnostics[1]
      Request starting HTTP/1.1 GET http://premios.megatransporte.mx/shlo.php - - -
fail: Microsoft.AspNetCore.Diagnostics.ExceptionHandlerMiddleware[1]
      An unhandled exception has occurred while executing the request.
      GeneXus.HttpHandlerFactory.PageNotFoundException: /shlo.php
         at GeneXus.Application.Startup.<>c.<<Configure>b__26_4>d.MoveNext()
      --- End of stack trace from previous location ---
         at Microsoft.AspNetCore.Builder.RouterMiddleware.Invoke(HttpContext httpContext)
         at Microsoft.AspNetCore.Diagnostics.ExceptionHandlerMiddlewareImpl.<Invoke>g__Awaited|10_0(ExceptionHandlerMiddlewareImpl middleware, HttpContext context, Task task)
info: Microsoft.AspNetCore.Hosting.Diagnostics[2]
      Request finished HTTP/1.1 GET https://premios.megatransporte.mx/shlo.php - 404 0 - 1.4060ms
info: Microsoft.AspNetCore.Hosting.Diagnostics[1]
      Request starting HTTP/1.1 GET http://premios.megatransporte.mx/133.php - - -
fail: Microsoft.AspNetCore.Diagnostics.ExceptionHandlerMiddleware[1]
      An unhandled exception has occurred while executing the request.
      GeneXus.HttpHandlerFactory.PageNotFoundException: /133.php
         at GeneXus.Application.Startup.<>c.<<Configure>b__26_4>d.MoveNext()
      --- End of stack trace from previous location ---
         at Microsoft.AspNetCore.Builder.RouterMiddleware.Invoke(HttpContext httpContext)
         at Microsoft.AspNetCore.Diagnostics.ExceptionHandlerMiddlewareImpl.<Invoke>g__Awaited|10_0(ExceptionHandlerMiddlewareImpl middleware, HttpContext context, Task task)
info: Microsoft.AspNetCore.Hosting.Diagnostics[2]
      Request finished HTTP/1.1 GET https://premios.megatransporte.mx/133.php - 404 0 - 1.1412ms
info: Microsoft.AspNetCore.Hosting.Diagnostics[1]
      Request starting HTTP/1.1 GET http://premios.megatransporte.mx/ahax.php - - -
fail: Microsoft.AspNetCore.Diagnostics.ExceptionHandlerMiddleware[1]
      An unhandled exception has occurred while executing the request.
      GeneXus.HttpHandlerFactory.PageNotFoundException: /ahax.php
         at GeneXus.Application.Startup.<>c.<<Configure>b__26_4>d.MoveNext()
      --- End of stack trace from previous location ---
         at Microsoft.AspNetCore.Builder.RouterMiddleware.Invoke(HttpContext httpContext)
         at Microsoft.AspNetCore.Diagnostics.ExceptionHandlerMiddlewareImpl.<Invoke>g__Awaited|10_0(ExceptionHandlerMiddlewareImpl middleware, HttpContext context, Task task)
info: Microsoft.AspNetCore.Hosting.Diagnostics[2]
      Request finished HTTP/1.1 GET https://premios.megatransporte.mx/ahax.php - 404 0 - 1.2326ms
info: Microsoft.AspNetCore.Hosting.Diagnostics[1]
      Request starting HTTP/1.1 GET http://premios.megatransporte.mx/php8.php - - -
fail: Microsoft.AspNetCore.Diagnostics.ExceptionHandlerMiddleware[1]
      An unhandled exception has occurred while executing the request.
      GeneXus.HttpHandlerFactory.PageNotFoundException: /php8.php
         at GeneXus.Application.Startup.<>c.<<Configure>b__26_4>d.MoveNext()
      --- End of stack trace from previous location ---
         at Microsoft.AspNetCore.Builder.RouterMiddleware.Invoke(HttpContext httpContext)
         at Microsoft.AspNetCore.Diagnostics.ExceptionHandlerMiddlewareImpl.<Invoke>g__Awaited|10_0(ExceptionHandlerMiddlewareImpl middleware, HttpContext context, Task task)
info: Microsoft.AspNetCore.Hosting.Diagnostics[2]
      Request finished HTTP/1.1 GET https://premios.megatransporte.mx/php8.php - 404 0 - 1.2117ms
info: Microsoft.AspNetCore.Hosting.Diagnostics[1]
      Request starting HTTP/1.1 GET http://premios.megatransporte.mx/lufix1.php - - -
fail: Microsoft.AspNetCore.Diagnostics.ExceptionHandlerMiddleware[1]
      An unhandled exception has occurred while executing the request.
      GeneXus.HttpHandlerFactory.PageNotFoundException: /lufix1.php
         at GeneXus.Application.Startup.<>c.<<Configure>b__26_4>d.MoveNext()
      --- End of stack trace from previous location ---
         at Microsoft.AspNetCore.Builder.RouterMiddleware.Invoke(HttpContext httpContext)
         at Microsoft.AspNetCore.Diagnostics.ExceptionHandlerMiddlewareImpl.<Invoke>g__Awaited|10_0(ExceptionHandlerMiddlewareImpl middleware, HttpContext context, Task task)
info: Microsoft.AspNetCore.Hosting.Diagnostics[2]
      Request finished HTTP/1.1 GET https://premios.megatransporte.mx/lufix1.php - 404 0 - 1.1766ms
info: Microsoft.AspNetCore.Hosting.Diagnostics[1]
      Request starting HTTP/1.1 GET http://premios.megatransporte.mx/witmm.php - - -
fail: Microsoft.AspNetCore.Diagnostics.ExceptionHandlerMiddleware[1]
      An unhandled exception has occurred while executing the request.
      GeneXus.HttpHandlerFactory.PageNotFoundException: /witmm.php
         at GeneXus.Application.Startup.<>c.<<Configure>b__26_4>d.MoveNext()
      --- End of stack trace from previous location ---
         at Microsoft.AspNetCore.Builder.RouterMiddleware.Invoke(HttpContext httpContext)
         at Microsoft.AspNetCore.Diagnostics.ExceptionHandlerMiddlewareImpl.<Invoke>g__Awaited|10_0(ExceptionHandlerMiddlewareImpl middleware, HttpContext context, Task task)
info: Microsoft.AspNetCore.Hosting.Diagnostics[2]
      Request finished HTTP/1.1 GET https://premios.megatransporte.mx/witmm.php - 404 0 - 1.3598ms
info: Microsoft.AspNetCore.Hosting.Diagnostics[1]
      Request starting HTTP/1.1 GET http://premios.megatransporte.mx/wp-admin/css/index.php - - -
fail: Microsoft.AspNetCore.Diagnostics.ExceptionHandlerMiddleware[1]
      An unhandled exception has occurred while executing the request.
      GeneXus.HttpHandlerFactory.PageNotFoundException: /wp-admin/css/index.php
         at GeneXus.Application.Startup.<>c.<<Configure>b__26_4>d.MoveNext()
      --- End of stack trace from previous location ---
         at Microsoft.AspNetCore.Builder.RouterMiddleware.Invoke(HttpContext httpContext)
         at Microsoft.AspNetCore.Diagnostics.ExceptionHandlerMiddlewareImpl.<Invoke>g__Awaited|10_0(ExceptionHandlerMiddlewareImpl middleware, HttpContext context, Task task)
info: Microsoft.AspNetCore.Hosting.Diagnostics[2]
      Request finished HTTP/1.1 GET https://premios.megatransporte.mx/wp-admin/css/index.php - 404 0 - 1.0124ms
info: Microsoft.AspNetCore.Hosting.Diagnostics[1]
      Request starting HTTP/1.1 GET http://premios.megatransporte.mx/wp-content/plugins/index.php - - -
fail: Microsoft.AspNetCore.Diagnostics.ExceptionHandlerMiddleware[1]
      An unhandled exception has occurred while executing the request.
      GeneXus.HttpHandlerFactory.PageNotFoundException: /wp-content/plugins/index.php
         at GeneXus.Application.Startup.<>c.<<Configure>b__26_4>d.MoveNext()
      --- End of stack trace from previous location ---
         at Microsoft.AspNetCore.Builder.RouterMiddleware.Invoke(HttpContext httpContext)
         at Microsoft.AspNetCore.Diagnostics.ExceptionHandlerMiddlewareImpl.<Invoke>g__Awaited|10_0(ExceptionHandlerMiddlewareImpl middleware, HttpContext context, Task task)
info: Microsoft.AspNetCore.Hosting.Diagnostics[2]
      Request finished HTTP/1.1 GET https://premios.megatransporte.mx/wp-content/plugins/index.php - 404 0 - 1.3174ms
info: Microsoft.AspNetCore.Hosting.Diagnostics[1]
      Request starting HTTP/1.1 GET http://premios.megatransporte.mx/wp-content/index.php - - -
fail: Microsoft.AspNetCore.Diagnostics.ExceptionHandlerMiddleware[1]
      An unhandled exception has occurred while executing the request.
      GeneXus.HttpHandlerFactory.PageNotFoundException: /wp-content/index.php
         at GeneXus.Application.Startup.<>c.<<Configure>b__26_4>d.MoveNext()
      --- End of stack trace from previous location ---
         at Microsoft.AspNetCore.Builder.RouterMiddleware.Invoke(HttpContext httpContext)
         at Microsoft.AspNetCore.Diagnostics.ExceptionHandlerMiddlewareImpl.<Invoke>g__Awaited|10_0(ExceptionHandlerMiddlewareImpl middleware, HttpContext context, Task task)
info: Microsoft.AspNetCore.Hosting.Diagnostics[2]
      Request finished HTTP/1.1 GET https://premios.megatransporte.mx/wp-content/index.php - 404 0 - 1.0806ms
info: Microsoft.AspNetCore.Hosting.Diagnostics[1]
      Request starting HTTP/1.1 GET http://premios.megatransporte.mx/ioxi-o.php - - -
fail: Microsoft.AspNetCore.Diagnostics.ExceptionHandlerMiddleware[1]
      An unhandled exception has occurred while executing the request.
      GeneXus.HttpHandlerFactory.PageNotFoundException: /ioxi-o.php
         at GeneXus.Application.Startup.<>c.<<Configure>b__26_4>d.MoveNext()
      --- End of stack trace from previous location ---
         at Microsoft.AspNetCore.Builder.RouterMiddleware.Invoke(HttpContext httpContext)
         at Microsoft.AspNetCore.Diagnostics.ExceptionHandlerMiddlewareImpl.<Invoke>g__Awaited|10_0(ExceptionHandlerMiddlewareImpl middleware, HttpContext context, Task task)
info: Microsoft.AspNetCore.Hosting.Diagnostics[2]
      Request finished HTTP/1.1 GET https://premios.megatransporte.mx/ioxi-o.php - 404 0 - 0.9902ms
info: Microsoft.AspNetCore.Hosting.Diagnostics[1]
      Request starting HTTP/1.1 GET http://premios.megatransporte.mx/222.php - - -
fail: Microsoft.AspNetCore.Diagnostics.ExceptionHandlerMiddleware[1]
      An unhandled exception has occurred while executing the request.
      GeneXus.HttpHandlerFactory.PageNotFoundException: /222.php
         at GeneXus.Application.Startup.<>c.<<Configure>b__26_4>d.MoveNext()
      --- End of stack trace from previous location ---
         at Microsoft.AspNetCore.Builder.RouterMiddleware.Invoke(HttpContext httpContext)
         at Microsoft.AspNetCore.Diagnostics.ExceptionHandlerMiddlewareImpl.<Invoke>g__Awaited|10_0(ExceptionHandlerMiddlewareImpl middleware, HttpContext context, Task task)
info: Microsoft.AspNetCore.Hosting.Diagnostics[2]
      Request finished HTTP/1.1 GET https://premios.megatransporte.mx/222.php - 404 0 - 0.8074ms
info: Microsoft.AspNetCore.Hosting.Diagnostics[1]
      Request starting HTTP/1.1 GET http://premios.megatransporte.mx/files.php - - -
fail: Microsoft.AspNetCore.Diagnostics.ExceptionHandlerMiddleware[1]
      An unhandled exception has occurred while executing the request.
      GeneXus.HttpHandlerFactory.PageNotFoundException: /files.php
         at GeneXus.Application.Startup.<>c.<<Configure>b__26_4>d.MoveNext()
      --- End of stack trace from previous location ---
         at Microsoft.AspNetCore.Builder.RouterMiddleware.Invoke(HttpContext httpContext)
         at Microsoft.AspNetCore.Diagnostics.ExceptionHandlerMiddlewareImpl.<Invoke>g__Awaited|10_0(ExceptionHandlerMiddlewareImpl middleware, HttpContext context, Task task)
info: Microsoft.AspNetCore.Hosting.Diagnostics[2]
      Request finished HTTP/1.1 GET https://premios.megatransporte.mx/files.php - 404 0 - 0.9784ms
info: Microsoft.AspNetCore.Hosting.Diagnostics[1]
      Request starting HTTP/1.1 GET http://premios.megatransporte.mx/wp-editor.php - - -
fail: Microsoft.AspNetCore.Diagnostics.ExceptionHandlerMiddleware[1]
      An unhandled exception has occurred while executing the request.
      GeneXus.HttpHandlerFactory.PageNotFoundException: /wp-editor.php
         at GeneXus.Application.Startup.<>c.<<Configure>b__26_4>d.MoveNext()
      --- End of stack trace from previous location ---
         at Microsoft.AspNetCore.Builder.RouterMiddleware.Invoke(HttpContext httpContext)
         at Microsoft.AspNetCore.Diagnostics.ExceptionHandlerMiddlewareImpl.<Invoke>g__Awaited|10_0(ExceptionHandlerMiddlewareImpl middleware, HttpContext context, Task task)
info: Microsoft.AspNetCore.Hosting.Diagnostics[2]
      Request finished HTTP/1.1 GET https://premios.megatransporte.mx/wp-editor.php - 404 0 - 1.2842ms
info: Microsoft.AspNetCore.Hosting.Diagnostics[1]
      Request starting HTTP/1.1 GET http://premios.megatransporte.mx/txets.php - - -
fail: Microsoft.AspNetCore.Diagnostics.ExceptionHandlerMiddleware[1]
      An unhandled exception has occurred while executing the request.
      GeneXus.HttpHandlerFactory.PageNotFoundException: /txets.php
         at GeneXus.Application.Startup.<>c.<<Configure>b__26_4>d.MoveNext()
      --- End of stack trace from previous location ---
         at Microsoft.AspNetCore.Builder.RouterMiddleware.Invoke(HttpContext httpContext)
         at Microsoft.AspNetCore.Diagnostics.ExceptionHandlerMiddlewareImpl.<Invoke>g__Awaited|10_0(ExceptionHandlerMiddlewareImpl middleware, HttpContext context, Task task)
info: Microsoft.AspNetCore.Hosting.Diagnostics[2]
      Request finished HTTP/1.1 GET https://premios.megatransporte.mx/txets.php - 404 0 - 0.9906ms
info: Microsoft.AspNetCore.Hosting.Diagnostics[1]
      Request starting HTTP/1.1 GET http://premios.megatransporte.mx/wp-content/txets.php - - -
fail: Microsoft.AspNetCore.Diagnostics.ExceptionHandlerMiddleware[1]
      An unhandled exception has occurred while executing the request.
      GeneXus.HttpHandlerFactory.PageNotFoundException: /wp-content/txets.php
         at GeneXus.Application.Startup.<>c.<<Configure>b__26_4>d.MoveNext()
      --- End of stack trace from previous location ---
         at Microsoft.AspNetCore.Builder.RouterMiddleware.Invoke(HttpContext httpContext)
         at Microsoft.AspNetCore.Diagnostics.ExceptionHandlerMiddlewareImpl.<Invoke>g__Awaited|10_0(ExceptionHandlerMiddlewareImpl middleware, HttpContext context, Task task)
info: Microsoft.AspNetCore.Hosting.Diagnostics[2]
      Request finished HTTP/1.1 GET https://premios.megatransporte.mx/wp-content/txets.php - 404 0 - 1.0115ms
info: Microsoft.AspNetCore.Hosting.Diagnostics[1]
      Request starting HTTP/1.1 GET http://premios.megatransporte.mx/wp-admin/txets.php - - -
fail: Microsoft.AspNetCore.Diagnostics.ExceptionHandlerMiddleware[1]
      An unhandled exception has occurred while executing the request.
      GeneXus.HttpHandlerFactory.PageNotFoundException: /wp-admin/txets.php
         at GeneXus.Application.Startup.<>c.<<Configure>b__26_4>d.MoveNext()
      --- End of stack trace from previous location ---
         at Microsoft.AspNetCore.Builder.RouterMiddleware.Invoke(HttpContext httpContext)
         at Microsoft.AspNetCore.Diagnostics.ExceptionHandlerMiddlewareImpl.<Invoke>g__Awaited|10_0(ExceptionHandlerMiddlewareImpl middleware, HttpContext context, Task task)
info: Microsoft.AspNetCore.Hosting.Diagnostics[2]
      Request finished HTTP/1.1 GET https://premios.megatransporte.mx/wp-admin/txets.php - 404 0 - 1.4081ms
info: Microsoft.AspNetCore.Hosting.Diagnostics[1]
      Request starting HTTP/1.1 GET http://premios.megatransporte.mx/postnews.php - - -
fail: Microsoft.AspNetCore.Diagnostics.ExceptionHandlerMiddleware[1]
      An unhandled exception has occurred while executing the request.
      GeneXus.HttpHandlerFactory.PageNotFoundException: /postnews.php
         at GeneXus.Application.Startup.<>c.<<Configure>b__26_4>d.MoveNext()
      --- End of stack trace from previous location ---
         at Microsoft.AspNetCore.Builder.RouterMiddleware.Invoke(HttpContext httpContext)
         at Microsoft.AspNetCore.Diagnostics.ExceptionHandlerMiddlewareImpl.<Invoke>g__Awaited|10_0(ExceptionHandlerMiddlewareImpl middleware, HttpContext context, Task task)
info: Microsoft.AspNetCore.Hosting.Diagnostics[2]
      Request finished HTTP/1.1 GET https://premios.megatransporte.mx/postnews.php - 404 0 - 1.1036ms
info: Microsoft.AspNetCore.Hosting.Diagnostics[1]
      Request starting HTTP/1.1 GET http://premios.megatransporte.mx/wp-content/postnews.php - - -
fail: Microsoft.AspNetCore.Diagnostics.ExceptionHandlerMiddleware[1]
      An unhandled exception has occurred while executing the request.
      GeneXus.HttpHandlerFactory.PageNotFoundException: /wp-content/postnews.php
         at GeneXus.Application.Startup.<>c.<<Configure>b__26_4>d.MoveNext()
      --- End of stack trace from previous location ---
         at Microsoft.AspNetCore.Builder.RouterMiddleware.Invoke(HttpContext httpContext)
         at Microsoft.AspNetCore.Diagnostics.ExceptionHandlerMiddlewareImpl.<Invoke>g__Awaited|10_0(ExceptionHandlerMiddlewareImpl middleware, HttpContext context, Task task)
info: Microsoft.AspNetCore.Hosting.Diagnostics[2]
      Request finished HTTP/1.1 GET https://premios.megatransporte.mx/wp-content/postnews.php - 404 0 - 1.1779ms
info: Microsoft.AspNetCore.Hosting.Diagnostics[1]
      Request starting HTTP/1.1 GET http://premios.megatransporte.mx/wp-admin/postnews.php - - -
fail: Microsoft.AspNetCore.Diagnostics.ExceptionHandlerMiddleware[1]
      An unhandled exception has occurred while executing the request.
      GeneXus.HttpHandlerFactory.PageNotFoundException: /wp-admin/postnews.php
         at GeneXus.Application.Startup.<>c.<<Configure>b__26_4>d.MoveNext()
      --- End of stack trace from previous location ---
         at Microsoft.AspNetCore.Builder.RouterMiddleware.Invoke(HttpContext httpContext)
         at Microsoft.AspNetCore.Diagnostics.ExceptionHandlerMiddlewareImpl.<Invoke>g__Awaited|10_0(ExceptionHandlerMiddlewareImpl middleware, HttpContext context, Task task)
info: Microsoft.AspNetCore.Hosting.Diagnostics[2]
      Request finished HTTP/1.1 GET https://premios.megatransporte.mx/wp-admin/postnews.php - 404 0 - 1.3175ms
info: Microsoft.AspNetCore.Hosting.Diagnostics[1]
      Request starting HTTP/1.1 GET http://premios.megatransporte.mx/ - - -
info: Microsoft.AspNetCore.Mvc.Infrastructure.ControllerActionInvoker[102]
      Route matched with {action = "Index", controller = "Home"}. Executing controller action with signature Microsoft.AspNetCore.Mvc.IActionResult Index() on controller GeneXus.Application.HomeController (GxNetCoreStartup).
info: Microsoft.AspNetCore.Mvc.Infrastructure.RedirectResultExecutor[1]
      Executing RedirectResult, redirecting to default.htm.
info: Microsoft.AspNetCore.Mvc.Infrastructure.ControllerActionInvoker[105]
      Executed action GeneXus.Application.HomeController.Index (GxNetCoreStartup) in 4.5366ms
info: Microsoft.AspNetCore.Hosting.Diagnostics[2]
      Request finished HTTP/1.1 GET https://premios.megatransporte.mx/ - 302 0 - 74.0148ms
info: Microsoft.AspNetCore.Hosting.Diagnostics[1]
      Request starting HTTP/1.1 GET http://premios.megatransporte.mx/default.htm - - -
fail: Microsoft.AspNetCore.Diagnostics.ExceptionHandlerMiddleware[1]
      An unhandled exception has occurred while executing the request.
      GeneXus.HttpHandlerFactory.PageNotFoundException: /default.htm
         at GeneXus.Application.Startup.<>c.<<Configure>b__26_4>d.MoveNext()
      --- End of stack trace from previous location ---
         at Microsoft.AspNetCore.Builder.RouterMiddleware.Invoke(HttpContext httpContext)
         at Microsoft.AspNetCore.Diagnostics.ExceptionHandlerMiddlewareImpl.<Invoke>g__Awaited|10_0(ExceptionHandlerMiddlewareImpl middleware, HttpContext context, Task task)
info: Microsoft.AspNetCore.Hosting.Diagnostics[2]
      Request finished HTTP/1.1 GET https://premios.megatransporte.mx/default.htm - 404 0 - 2.1411ms
info: Microsoft.AspNetCore.Hosting.Diagnostics[1]
      Request starting HTTP/1.1 POST http://127.0.0.1:44342/iisintegration - - 0
info: Microsoft.AspNetCore.Hosting.Diagnostics[2]
      Request finished HTTP/1.1 POST http://127.0.0.1:44342/iisintegration - 202 0 - 0.3683ms
