warn: Microsoft.AspNetCore.DataProtection.Repositories.EphemeralXmlRepository[50]
      Using an in-memory repository. Keys will not be persisted to storage.
warn: Microsoft.AspNetCore.DataProtection.KeyManagement.XmlKeyManager[59]
      Neither user profile nor HKLM registry available. Using an ephemeral key repository. Protected data will be unavailable when application exits.
warn: Microsoft.AspNetCore.StaticFiles.StaticFileMiddleware[16]
      The WebRootPath was not found: C:\Inetpub\vhosts\megatransporte.mx\premios.megatransporte.mx\wwwroot. Static files may be unavailable.
info: Microsoft.AspNetCore.DataProtection.KeyManagement.XmlKeyManager[58]
      Creating key {a272a1cd-d22b-4b0c-8e89-4d71d517394b} with creation date 2026-01-26 20:12:37Z, activation date 2026-01-26 20:12:37Z, and expiration date 2026-04-26 20:12:37Z.
warn: Microsoft.AspNetCore.DataProtection.KeyManagement.XmlKeyManager[35]
      No XML encryptor configured. Key {a272a1cd-d22b-4b0c-8e89-4d71d517394b} may be persisted to storage in unencrypted form.
Hosting environment: Production
Content root path: C:\Inetpub\vhosts\megatransporte.mx\premios.megatransporte.mx
Now listening on: http://127.0.0.1:42779
Application started. Press Ctrl+C to shut down.
info: Microsoft.AspNetCore.Hosting.Diagnostics[1]
      Request starting HTTP/1.1 GET http://premios.megatransporte.mx/ - - -
info: Microsoft.AspNetCore.Mvc.Infrastructure.ControllerActionInvoker[102]
      Route matched with {action = "Index", controller = "Home"}. Executing controller action with signature Microsoft.AspNetCore.Mvc.IActionResult Index() on controller GeneXus.Application.HomeController (GxNetCoreStartup).
info: Microsoft.AspNetCore.Mvc.Infrastructure.RedirectResultExecutor[1]
      Executing RedirectResult, redirecting to default.htm.
info: Microsoft.AspNetCore.Mvc.Infrastructure.ControllerActionInvoker[105]
      Executed action GeneXus.Application.HomeController.Index (GxNetCoreStartup) in 6.5799ms
info: Microsoft.AspNetCore.Hosting.Diagnostics[2]
      Request finished HTTP/1.1 GET https://premios.megatransporte.mx/ - 302 0 - 162.5326ms
info: Microsoft.AspNetCore.Hosting.Diagnostics[1]
      Request starting HTTP/1.1 POST http://127.0.0.1:42779/iisintegration - - 0
info: Microsoft.AspNetCore.Hosting.Diagnostics[2]
      Request finished HTTP/1.1 POST http://127.0.0.1:42779/iisintegration - 202 0 - 1.1126ms
