warn: Microsoft.AspNetCore.DataProtection.Repositories.EphemeralXmlRepository[50]
      Using an in-memory repository. Keys will not be persisted to storage.
warn: Microsoft.AspNetCore.DataProtection.KeyManagement.XmlKeyManager[59]
      Neither user profile nor HKLM registry available. Using an ephemeral key repository. Protected data will be unavailable when application exits.
warn: Microsoft.AspNetCore.StaticFiles.StaticFileMiddleware[16]
      The WebRootPath was not found: C:\Inetpub\vhosts\megatransporte.mx\premios.megatransporte.mx\wwwroot. Static files may be unavailable.
info: Microsoft.AspNetCore.DataProtection.KeyManagement.XmlKeyManager[58]
      Creating key {c1e4030d-06d2-47f1-b7bf-c62a85992829} with creation date 2025-12-31 09:33:37Z, activation date 2025-12-31 09:33:37Z, and expiration date 2026-03-31 09:33:37Z.
warn: Microsoft.AspNetCore.DataProtection.KeyManagement.XmlKeyManager[35]
      No XML encryptor configured. Key {c1e4030d-06d2-47f1-b7bf-c62a85992829} may be persisted to storage in unencrypted form.
Hosting environment: Production
Content root path: C:\Inetpub\vhosts\megatransporte.mx\premios.megatransporte.mx
Now listening on: http://127.0.0.1:19788
Application started. Press Ctrl+C to shut down.
info: Microsoft.AspNetCore.Hosting.Diagnostics[1]
      Request starting HTTP/1.1 POST http://premios.megatransporte.mx/ - multipart/form-data;+boundary=------------------------bissa_cve_boundary 8828
info: Microsoft.AspNetCore.Mvc.Infrastructure.ControllerActionInvoker[102]
      Route matched with {action = "Index", controller = "Home"}. Executing controller action with signature Microsoft.AspNetCore.Mvc.IActionResult Index() on controller GeneXus.Application.HomeController (GxNetCoreStartup).
info: Microsoft.AspNetCore.Mvc.Infrastructure.RedirectResultExecutor[1]
      Executing RedirectResult, redirecting to default.htm.
info: Microsoft.AspNetCore.Mvc.Infrastructure.ControllerActionInvoker[105]
      Executed action GeneXus.Application.HomeController.Index (GxNetCoreStartup) in 5.485ms
info: Microsoft.AspNetCore.Hosting.Diagnostics[2]
      Request finished HTTP/1.1 POST https://premios.megatransporte.mx/ - 302 0 - 109.9253ms
info: Microsoft.AspNetCore.Hosting.Diagnostics[1]
      Request starting HTTP/1.1 POST http://127.0.0.1:19788/iisintegration - - 0
info: Microsoft.AspNetCore.Hosting.Diagnostics[2]
      Request finished HTTP/1.1 POST http://127.0.0.1:19788/iisintegration - 202 0 - 0.9128ms
