warn: Microsoft.AspNetCore.DataProtection.Repositories.EphemeralXmlRepository[50]
      Using an in-memory repository. Keys will not be persisted to storage.
warn: Microsoft.AspNetCore.DataProtection.KeyManagement.XmlKeyManager[59]
      Neither user profile nor HKLM registry available. Using an ephemeral key repository. Protected data will be unavailable when application exits.
warn: Microsoft.AspNetCore.StaticFiles.StaticFileMiddleware[16]
      The WebRootPath was not found: C:\Inetpub\vhosts\megatransporte.mx\premios.megatransporte.mx\wwwroot. Static files may be unavailable.
info: Microsoft.AspNetCore.DataProtection.KeyManagement.XmlKeyManager[58]
      Creating key {c302b13c-3b1a-4bf7-a8ba-8f07a3c6de0d} with creation date 2026-05-22 14:11:59Z, activation date 2026-05-22 14:11:59Z, and expiration date 2026-08-20 14:11:59Z.
warn: Microsoft.AspNetCore.DataProtection.KeyManagement.XmlKeyManager[35]
      No XML encryptor configured. Key {c302b13c-3b1a-4bf7-a8ba-8f07a3c6de0d} may be persisted to storage in unencrypted form.
Hosting environment: Production
Content root path: C:\Inetpub\vhosts\megatransporte.mx\premios.megatransporte.mx
Now listening on: http://127.0.0.1:42486
Application started. Press Ctrl+C to shut down.
info: Microsoft.AspNetCore.Hosting.Diagnostics[1]
      Request starting HTTP/1.1 POST http://premios.megatransporte.mx/ - multipart/form-data;+boundary=----WebKitFormBoundaryx8jO2oVc6SWP3Sad 338
info: Microsoft.AspNetCore.Mvc.Infrastructure.ControllerActionInvoker[102]
      Route matched with {action = "Index", controller = "Home"}. Executing controller action with signature Microsoft.AspNetCore.Mvc.IActionResult Index() on controller GeneXus.Application.HomeController (GxNetCoreStartup).
info: Microsoft.AspNetCore.Mvc.Infrastructure.RedirectResultExecutor[1]
      Executing RedirectResult, redirecting to default.htm.
info: Microsoft.AspNetCore.Mvc.Infrastructure.ControllerActionInvoker[105]
      Executed action GeneXus.Application.HomeController.Index (GxNetCoreStartup) in 5.7475ms
info: Microsoft.AspNetCore.Hosting.Diagnostics[2]
      Request finished HTTP/1.1 POST https://premios.megatransporte.mx/ - 302 0 - 113.4341ms
info: Microsoft.AspNetCore.Hosting.Diagnostics[1]
      Request starting HTTP/1.1 POST http://premios.megatransporte.mx/ - multipart/form-data;+boundary=----WebKitFormBoundaryx8jO2oVc6SWP3Sad 343
info: Microsoft.AspNetCore.Mvc.Infrastructure.ControllerActionInvoker[102]
      Route matched with {action = "Index", controller = "Home"}. Executing controller action with signature Microsoft.AspNetCore.Mvc.IActionResult Index() on controller GeneXus.Application.HomeController (GxNetCoreStartup).
info: Microsoft.AspNetCore.Mvc.Infrastructure.RedirectResultExecutor[1]
      Executing RedirectResult, redirecting to default.htm.
info: Microsoft.AspNetCore.Mvc.Infrastructure.ControllerActionInvoker[105]
      Executed action GeneXus.Application.HomeController.Index (GxNetCoreStartup) in 1.2587ms
info: Microsoft.AspNetCore.Hosting.Diagnostics[2]
      Request finished HTTP/1.1 POST https://premios.megatransporte.mx/ - 302 0 - 4.5185ms
info: Microsoft.AspNetCore.Server.Kestrel[32]
      Connection id "0HNLO1GBF5RJS", Request id "0HNLO1GBF5RJS:00000002": the application completed without reading the entire request body.
info: Microsoft.AspNetCore.Hosting.Diagnostics[1]
      Request starting HTTP/1.1 POST http://127.0.0.1:42486/iisintegration - - 0
info: Microsoft.AspNetCore.Hosting.Diagnostics[2]
      Request finished HTTP/1.1 POST http://127.0.0.1:42486/iisintegration - 202 0 - 0.6439ms
