warn: Microsoft.AspNetCore.DataProtection.Repositories.EphemeralXmlRepository[50]
      Using an in-memory repository. Keys will not be persisted to storage.
warn: Microsoft.AspNetCore.DataProtection.KeyManagement.XmlKeyManager[59]
      Neither user profile nor HKLM registry available. Using an ephemeral key repository. Protected data will be unavailable when application exits.
warn: Microsoft.AspNetCore.StaticFiles.StaticFileMiddleware[16]
      The WebRootPath was not found: C:\Inetpub\vhosts\megatransporte.mx\premios.megatransporte.mx\wwwroot. Static files may be unavailable.
info: Microsoft.AspNetCore.DataProtection.KeyManagement.XmlKeyManager[58]
      Creating key {6b1fc659-9097-45d2-a3f0-5ae9e1d0428d} with creation date 2026-05-13 19:11:44Z, activation date 2026-05-13 19:11:44Z, and expiration date 2026-08-11 19:11:44Z.
warn: Microsoft.AspNetCore.DataProtection.KeyManagement.XmlKeyManager[35]
      No XML encryptor configured. Key {6b1fc659-9097-45d2-a3f0-5ae9e1d0428d} may be persisted to storage in unencrypted form.
Hosting environment: Production
Content root path: C:\Inetpub\vhosts\megatransporte.mx\premios.megatransporte.mx
Now listening on: http://127.0.0.1:20794
Application started. Press Ctrl+C to shut down.
info: Microsoft.AspNetCore.Hosting.Diagnostics[1]
      Request starting HTTP/1.1 POST http://premios.megatransporte.mx/wpmodelo.aspx?c01d04b1610243d2a2af23e7952e8b180bfd8e6c1d737d6bea0440094a9c24e8,gx-no-cache=1778699503031 - application/json 180
warn: Microsoft.AspNetCore.Session.SessionMiddleware[7]
      Error unprotecting the session cookie.
      System.Security.Cryptography.CryptographicException: The key {8e14e747-68b3-4eae-8eda-5ff04bade473} was not found in the key ring. For more information go to https://aka.ms/aspnet/dataprotectionwarning
         at Microsoft.AspNetCore.DataProtection.KeyManagement.KeyRingBasedDataProtector.UnprotectCore(Byte[] protectedData, Boolean allowOperationsOnRevokedKeys, UnprotectStatus& status)
         at Microsoft.AspNetCore.DataProtection.KeyManagement.KeyRingBasedDataProtector.Unprotect(Byte[] protectedData)
         at Microsoft.AspNetCore.Session.CookieProtection.Unprotect(IDataProtector protector, String protectedText, ILogger logger)
info: Microsoft.AspNetCore.Session.DistributedSession[3]
      Session started; Key:197f519d-a8f3-7a6a-f87c-5b18a382d211, Id:cd92e2ed-2454-169b-9525-c8e447643632
info: Microsoft.AspNetCore.Hosting.Diagnostics[2]
      Request finished HTTP/1.1 POST https://premios.megatransporte.mx/wpmodelo.aspx?c01d04b1610243d2a2af23e7952e8b180bfd8e6c1d737d6bea0440094a9c24e8,gx-no-cache=1778699503031 - 200 - application/json 575.0103ms
info: Microsoft.AspNetCore.Hosting.Diagnostics[1]
      Request starting HTTP/1.1 GET http://premios.megatransporte.mx/inicio.aspx - - -
info: Microsoft.AspNetCore.Hosting.Diagnostics[2]
      Request finished HTTP/1.1 GET https://premios.megatransporte.mx/inicio.aspx - 200 - application/json 105.0005ms
info: Microsoft.AspNetCore.Hosting.Diagnostics[1]
      Request starting HTTP/1.1 GET http://premios.megatransporte.mx/login.aspx - - -
info: Microsoft.AspNetCore.Hosting.Diagnostics[2]
      Request finished HTTP/1.1 GET https://premios.megatransporte.mx/login.aspx - 200 - text/html 272.4297ms
info: Microsoft.AspNetCore.Hosting.Diagnostics[1]
      Request starting HTTP/1.1 POST http://premios.megatransporte.mx/login.aspx?c01d04b1610243d2a2af23e7952e8b180bfd8e6c1d737d6bea0440094a9c24e8,gx-no-cache=1778699529404 - application/json 171
info: Microsoft.AspNetCore.Hosting.Diagnostics[2]
      Request finished HTTP/1.1 POST https://premios.megatransporte.mx/login.aspx?c01d04b1610243d2a2af23e7952e8b180bfd8e6c1d737d6bea0440094a9c24e8,gx-no-cache=1778699529404 - 200 - application/json 718.6803ms
info: Microsoft.AspNetCore.Hosting.Diagnostics[1]
      Request starting HTTP/1.1 GET http://premios.megatransporte.mx/inicio.aspx - - -
info: Microsoft.AspNetCore.Hosting.Diagnostics[2]
      Request finished HTTP/1.1 GET https://premios.megatransporte.mx/inicio.aspx - 200 - text/html 157.1934ms
info: Microsoft.AspNetCore.Hosting.Diagnostics[1]
      Request starting HTTP/1.1 POST http://premios.megatransporte.mx/agxpl_get.aspx?recordsetcachekey,1778699530546 - application/x-www-form-urlencoded 212
info: Microsoft.AspNetCore.Hosting.Diagnostics[1]
      Request starting HTTP/1.1 POST http://premios.megatransporte.mx/agxpl_get.aspx?recordsetcachekey,1778699530547 - application/x-www-form-urlencoded 205
info: Microsoft.AspNetCore.Hosting.Diagnostics[1]
      Request starting HTTP/1.1 POST http://premios.megatransporte.mx/agxpl_get.aspx?recordsetcachekey,1778699530547 - application/x-www-form-urlencoded 211
info: Microsoft.AspNetCore.Hosting.Diagnostics[2]
      Request finished HTTP/1.1 POST https://premios.megatransporte.mx/agxpl_get.aspx?recordsetcachekey,1778699530546 - 200 - text/plain;+charset=utf-8 34.4056ms
info: Microsoft.AspNetCore.Hosting.Diagnostics[2]
      Request finished HTTP/1.1 POST https://premios.megatransporte.mx/agxpl_get.aspx?recordsetcachekey,1778699530547 - 200 - text/plain;+charset=utf-8 22.3494ms
info: Microsoft.AspNetCore.Hosting.Diagnostics[2]
      Request finished HTTP/1.1 POST https://premios.megatransporte.mx/agxpl_get.aspx?recordsetcachekey,1778699530547 - 200 - text/plain;+charset=utf-8 22.3613ms
info: Microsoft.AspNetCore.Hosting.Diagnostics[1]
      Request starting HTTP/1.1 POST http://premios.megatransporte.mx/agxpl_get.aspx?metadata,1778699530779 - application/x-www-form-urlencoded 594
info: Microsoft.AspNetCore.Hosting.Diagnostics[1]
      Request starting HTTP/1.1 POST http://premios.megatransporte.mx/agxpl_get.aspx?metadata,1778699530780 - application/x-www-form-urlencoded 588
info: Microsoft.AspNetCore.Hosting.Diagnostics[1]
      Request starting HTTP/1.1 POST http://premios.megatransporte.mx/agxpl_get.aspx?metadata,1778699530780 - application/x-www-form-urlencoded 595
info: Microsoft.AspNetCore.Hosting.Diagnostics[2]
      Request finished HTTP/1.1 POST https://premios.megatransporte.mx/agxpl_get.aspx?metadata,1778699530780 - 200 - text/xml;+charset=utf-8 116.6667ms
info: Microsoft.AspNetCore.Hosting.Diagnostics[2]
      Request finished HTTP/1.1 POST https://premios.megatransporte.mx/agxpl_get.aspx?metadata,1778699530779 - 200 - text/xml;+charset=utf-8 139.3290ms
info: Microsoft.AspNetCore.Hosting.Diagnostics[2]
      Request finished HTTP/1.1 POST https://premios.megatransporte.mx/agxpl_get.aspx?metadata,1778699530780 - 200 - text/xml;+charset=utf-8 116.1132ms
info: Microsoft.AspNetCore.Hosting.Diagnostics[1]
      Request starting HTTP/1.1 POST http://premios.megatransporte.mx/agxpl_get.aspx?data,1778699531093 - application/x-www-form-urlencoded 567
info: Microsoft.AspNetCore.Hosting.Diagnostics[1]
      Request starting HTTP/1.1 POST http://premios.megatransporte.mx/agxpl_get.aspx?data,1778699531095 - application/x-www-form-urlencoded 560
info: Microsoft.AspNetCore.Hosting.Diagnostics[1]
      Request starting HTTP/1.1 POST http://premios.megatransporte.mx/agxpl_get.aspx?data,1778699531096 - application/x-www-form-urlencoded 566
info: Microsoft.AspNetCore.Hosting.Diagnostics[2]
      Request finished HTTP/1.1 POST https://premios.megatransporte.mx/agxpl_get.aspx?data,1778699531095 - 200 - text/xml;+charset=utf-8 222.6963ms
info: Microsoft.AspNetCore.Hosting.Diagnostics[2]
      Request finished HTTP/1.1 POST https://premios.megatransporte.mx/agxpl_get.aspx?data,1778699531096 - 200 - text/xml;+charset=utf-8 222.6966ms
info: Microsoft.AspNetCore.Hosting.Diagnostics[2]
      Request finished HTTP/1.1 POST https://premios.megatransporte.mx/agxpl_get.aspx?data,1778699531093 - 200 - text/xml;+charset=utf-8 242.7287ms
info: Microsoft.AspNetCore.Hosting.Diagnostics[1]
      Request starting HTTP/1.1 GET http://premios.megatransporte.mx/wpmodelo.aspx - - -
info: Microsoft.AspNetCore.Hosting.Diagnostics[2]
      Request finished HTTP/1.1 GET https://premios.megatransporte.mx/wpmodelo.aspx - 200 - text/html 270.8072ms
info: Microsoft.AspNetCore.Hosting.Diagnostics[1]
      Request starting HTTP/1.1 POST http://premios.megatransporte.mx/wpmodelo.aspx?c01d04b1610243d2a2af23e7952e8b180bfd8e6c1d737d6bea0440094a9c24e8,gx-no-cache=1778699543515 - application/json 780
info: Microsoft.AspNetCore.Hosting.Diagnostics[2]
      Request finished HTTP/1.1 POST https://premios.megatransporte.mx/wpmodelo.aspx?c01d04b1610243d2a2af23e7952e8b180bfd8e6c1d737d6bea0440094a9c24e8,gx-no-cache=1778699543515 - 200 - application/json 48.9499ms
info: Microsoft.AspNetCore.Hosting.Diagnostics[1]
      Request starting HTTP/1.1 POST http://premios.megatransporte.mx/wpmodelo.aspx?c01d04b1610243d2a2af23e7952e8b180bfd8e6c1d737d6bea0440094a9c24e8,gx-no-cache=1778699546602 - application/json 750
info: Microsoft.AspNetCore.Hosting.Diagnostics[2]
      Request finished HTTP/1.1 POST https://premios.megatransporte.mx/wpmodelo.aspx?c01d04b1610243d2a2af23e7952e8b180bfd8e6c1d737d6bea0440094a9c24e8,gx-no-cache=1778699546602 - 200 - application/json 30.7853ms
info: Microsoft.AspNetCore.Hosting.Diagnostics[1]
      Request starting HTTP/1.1 POST http://premios.megatransporte.mx/wpmodelo.aspx?c01d04b1610243d2a2af23e7952e8b180bfd8e6c1d737d6bea0440094a9c24e8,gx-no-cache=1778699552050 - application/json 1189
info: Microsoft.AspNetCore.Hosting.Diagnostics[2]
      Request finished HTTP/1.1 POST https://premios.megatransporte.mx/wpmodelo.aspx?c01d04b1610243d2a2af23e7952e8b180bfd8e6c1d737d6bea0440094a9c24e8,gx-no-cache=1778699552050 - 200 - application/json 89.4798ms
info: Microsoft.AspNetCore.Hosting.Diagnostics[1]
      Request starting HTTP/1.1 GET http://premios.megatransporte.mx/wpagregarmodelo.aspx?yUOsiUcCXM_ORuyCYaGPehZFGMWQL2gMLm6sFA4dHy2ke3L7UsPDhbe_6yRm4DS6,gxPopupLevel%3D0%3B - - -
info: Microsoft.AspNetCore.Hosting.Diagnostics[2]
      Request finished HTTP/1.1 GET https://premios.megatransporte.mx/wpagregarmodelo.aspx?yUOsiUcCXM_ORuyCYaGPehZFGMWQL2gMLm6sFA4dHy2ke3L7UsPDhbe_6yRm4DS6,gxPopupLevel%3D0%3B - 200 - text/html 58.7827ms
info: Microsoft.AspNetCore.Hosting.Diagnostics[1]
      Request starting HTTP/1.1 POST http://premios.megatransporte.mx/wpagregarmodelo.aspx?c01d04b1610243d2a2af23e7952e8b180bfd8e6c1d737d6bea0440094a9c24e8,yUOsiUcCXM_ORuyCYaGPehZFGMWQL2gMLm6sFA4dHy2ke3L7UsPDhbe_6yRm4DS6,gxPopupLevel%3D0%3B,gx-no-cache=1778699558483 - application/json 699
info: Microsoft.AspNetCore.Hosting.Diagnostics[2]
      Request finished HTTP/1.1 POST https://premios.megatransporte.mx/wpagregarmodelo.aspx?c01d04b1610243d2a2af23e7952e8b180bfd8e6c1d737d6bea0440094a9c24e8,yUOsiUcCXM_ORuyCYaGPehZFGMWQL2gMLm6sFA4dHy2ke3L7UsPDhbe_6yRm4DS6,gxPopupLevel%3D0%3B,gx-no-cache=1778699558483 - 200 - application/json 37.7039ms
info: Microsoft.AspNetCore.Hosting.Diagnostics[1]
      Request starting HTTP/1.1 POST http://premios.megatransporte.mx/wpmodelo.aspx?c01d04b1610243d2a2af23e7952e8b180bfd8e6c1d737d6bea0440094a9c24e8,gx-no-cache=1778699558657 - application/json 717
info: Microsoft.AspNetCore.Hosting.Diagnostics[2]
      Request finished HTTP/1.1 POST https://premios.megatransporte.mx/wpmodelo.aspx?c01d04b1610243d2a2af23e7952e8b180bfd8e6c1d737d6bea0440094a9c24e8,gx-no-cache=1778699558657 - 200 - application/json 49.9636ms
info: Microsoft.AspNetCore.Hosting.Diagnostics[1]
      Request starting HTTP/1.1 POST http://premios.megatransporte.mx/wpmodelo.aspx?c01d04b1610243d2a2af23e7952e8b180bfd8e6c1d737d6bea0440094a9c24e8,gx-no-cache=1778699562153 - application/json 1189
info: Microsoft.AspNetCore.Hosting.Diagnostics[2]
      Request finished HTTP/1.1 POST https://premios.megatransporte.mx/wpmodelo.aspx?c01d04b1610243d2a2af23e7952e8b180bfd8e6c1d737d6bea0440094a9c24e8,gx-no-cache=1778699562153 - 200 - application/json 6.4670ms
info: Microsoft.AspNetCore.Hosting.Diagnostics[1]
      Request starting HTTP/1.1 GET http://premios.megatransporte.mx/wpagregarmodelo.aspx?yUOsiUcCXM_ORuyCYaGPenrjfrrkVxap9qXi_nN_x1pgqDXv7oKXsNsN_3SeXQGG,gxPopupLevel%3D0%3B - - -
info: Microsoft.AspNetCore.Hosting.Diagnostics[2]
      Request finished HTTP/1.1 GET https://premios.megatransporte.mx/wpagregarmodelo.aspx?yUOsiUcCXM_ORuyCYaGPenrjfrrkVxap9qXi_nN_x1pgqDXv7oKXsNsN_3SeXQGG,gxPopupLevel%3D0%3B - 200 - text/html 10.0704ms
info: Microsoft.AspNetCore.Hosting.Diagnostics[1]
      Request starting HTTP/1.1 POST http://premios.megatransporte.mx/wpagregarmodelo.aspx?c01d04b1610243d2a2af23e7952e8b180bfd8e6c1d737d6bea0440094a9c24e8,yUOsiUcCXM_ORuyCYaGPenrjfrrkVxap9qXi_nN_x1pgqDXv7oKXsNsN_3SeXQGG,gxPopupLevel%3D0%3B,gx-no-cache=1778699567948 - application/json 699
info: Microsoft.AspNetCore.Hosting.Diagnostics[2]
      Request finished HTTP/1.1 POST https://premios.megatransporte.mx/wpagregarmodelo.aspx?c01d04b1610243d2a2af23e7952e8b180bfd8e6c1d737d6bea0440094a9c24e8,yUOsiUcCXM_ORuyCYaGPenrjfrrkVxap9qXi_nN_x1pgqDXv7oKXsNsN_3SeXQGG,gxPopupLevel%3D0%3B,gx-no-cache=1778699567948 - 200 - application/json 13.7374ms
info: Microsoft.AspNetCore.Hosting.Diagnostics[1]
      Request starting HTTP/1.1 POST http://premios.megatransporte.mx/wpmodelo.aspx?c01d04b1610243d2a2af23e7952e8b180bfd8e6c1d737d6bea0440094a9c24e8,gx-no-cache=1778699568108 - application/json 717
info: Microsoft.AspNetCore.Hosting.Diagnostics[2]
      Request finished HTTP/1.1 POST https://premios.megatransporte.mx/wpmodelo.aspx?c01d04b1610243d2a2af23e7952e8b180bfd8e6c1d737d6bea0440094a9c24e8,gx-no-cache=1778699568108 - 200 - application/json 28.8378ms
info: Microsoft.AspNetCore.Hosting.Diagnostics[1]
      Request starting HTTP/1.1 GET http://premios.megatransporte.mx/wppromocion.aspx - - -
info: Microsoft.AspNetCore.Hosting.Diagnostics[2]
      Request finished HTTP/1.1 GET https://premios.megatransporte.mx/wppromocion.aspx - 200 - text/html 3762.6442ms
info: Microsoft.AspNetCore.Hosting.Diagnostics[1]
      Request starting HTTP/1.1 GET http://premios.megatransporte.mx/wppromociongridview.js?202651111305422 - - -
info: Microsoft.AspNetCore.StaticFiles.StaticFileMiddleware[2]
      Sending file. Request path: '/wppromociongridview.js'. Physical path: 'C:\Inetpub\vhosts\megatransporte.mx\premios.megatransporte.mx\wppromociongridview.js'
info: Microsoft.AspNetCore.Hosting.Diagnostics[2]
      Request finished HTTP/1.1 GET https://premios.megatransporte.mx/wppromociongridview.js?202651111305422 - 200 30828 text/javascript 102.5917ms
info: Microsoft.AspNetCore.Hosting.Diagnostics[1]
      Request starting HTTP/1.1 GET http://premios.megatransporte.mx/wppromocion.js?20265111131343 - - -
info: Microsoft.AspNetCore.StaticFiles.StaticFileMiddleware[2]
      Sending file. Request path: '/wppromocion.js'. Physical path: 'C:\Inetpub\vhosts\megatransporte.mx\premios.megatransporte.mx\wppromocion.js'
info: Microsoft.AspNetCore.Hosting.Diagnostics[2]
      Request finished HTTP/1.1 GET https://premios.megatransporte.mx/wppromocion.js?20265111131343 - 200 18852 text/javascript 79.9441ms
info: Microsoft.AspNetCore.Hosting.Diagnostics[1]
      Request starting HTTP/1.1 POST http://premios.megatransporte.mx/wppromocion.aspx?c01d04b1610243d2a2af23e7952e8b180bfd8e6c1d737d6bea0440094a9c24e8,gx-no-cache=1778699588642 - application/json 399
info: Microsoft.AspNetCore.Hosting.Diagnostics[2]
      Request finished HTTP/1.1 POST https://premios.megatransporte.mx/wppromocion.aspx?c01d04b1610243d2a2af23e7952e8b180bfd8e6c1d737d6bea0440094a9c24e8,gx-no-cache=1778699588642 - 200 - application/json 21.4895ms
info: Microsoft.AspNetCore.Hosting.Diagnostics[1]
      Request starting HTTP/1.1 POST http://premios.megatransporte.mx/wppromocion.aspx?c01d04b1610243d2a2af23e7952e8b180bfd8e6c1d737d6bea0440094a9c24e8,gx-no-cache=1778699592798 - application/json 595
info: Microsoft.AspNetCore.Hosting.Diagnostics[2]
      Request finished HTTP/1.1 POST https://premios.megatransporte.mx/wppromocion.aspx?c01d04b1610243d2a2af23e7952e8b180bfd8e6c1d737d6bea0440094a9c24e8,gx-no-cache=1778699592798 - 200 - application/json 5.9019ms
info: Microsoft.AspNetCore.Hosting.Diagnostics[1]
      Request starting HTTP/1.1 GET http://premios.megatransporte.mx/wpwizardpromo.aspx?V_0qdai610V8G9xohF7wIHbo5i6b-zVQluYnhRzTVmk,gxPopupLevel%3D0%3B - - -
info: Microsoft.AspNetCore.Hosting.Diagnostics[2]
      Request finished HTTP/1.1 GET https://premios.megatransporte.mx/wpwizardpromo.aspx?V_0qdai610V8G9xohF7wIHbo5i6b-zVQluYnhRzTVmk,gxPopupLevel%3D0%3B - 200 - text/html 3924.1939ms
info: Microsoft.AspNetCore.Hosting.Diagnostics[1]
      Request starting HTTP/1.1 GET http://premios.megatransporte.mx/wwpbaseobjects/wizardstepsbulletwc.js?202651111305024 - - -
info: Microsoft.AspNetCore.Hosting.Diagnostics[1]
      Request starting HTTP/1.1 GET http://premios.megatransporte.mx/wpwizardpromoinfogeneral.js?2025102815461644 - - -
info: Microsoft.AspNetCore.Hosting.Diagnostics[1]
      Request starting HTTP/1.1 GET http://premios.megatransporte.mx/UserControls/WWP_IconButtonRender.js?20265111632385 - - -
info: Microsoft.AspNetCore.Hosting.Diagnostics[1]
      Request starting HTTP/1.1 GET http://premios.megatransporte.mx/wpwizardpromo.js?2025102815462432 - - -
info: Microsoft.AspNetCore.StaticFiles.StaticFileMiddleware[2]
      Sending file. Request path: '/UserControls/WWP_IconButtonRender.js'. Physical path: 'C:\Inetpub\vhosts\megatransporte.mx\premios.megatransporte.mx\UserControls\WWP_IconButtonRender.js'
info: Microsoft.AspNetCore.Hosting.Diagnostics[2]
      Request finished HTTP/1.1 GET https://premios.megatransporte.mx/UserControls/WWP_IconButtonRender.js?20265111632385 - 200 1330 text/javascript 10.6275ms
info: Microsoft.AspNetCore.StaticFiles.StaticFileMiddleware[2]
      Sending file. Request path: '/wwpbaseobjects/wizardstepsbulletwc.js'. Physical path: 'C:\Inetpub\vhosts\megatransporte.mx\premios.megatransporte.mx\wwpbaseobjects\wizardstepsbulletwc.js'
info: Microsoft.AspNetCore.Hosting.Diagnostics[2]
      Request finished HTTP/1.1 GET https://premios.megatransporte.mx/wwpbaseobjects/wizardstepsbulletwc.js?202651111305024 - 200 12000 text/javascript 41.1884ms
info: Microsoft.AspNetCore.StaticFiles.StaticFileMiddleware[2]
      Sending file. Request path: '/wpwizardpromoinfogeneral.js'. Physical path: 'C:\Inetpub\vhosts\megatransporte.mx\premios.megatransporte.mx\wpwizardpromoinfogeneral.js'
info: Microsoft.AspNetCore.Hosting.Diagnostics[2]
      Request finished HTTP/1.1 GET https://premios.megatransporte.mx/wpwizardpromoinfogeneral.js?2025102815461644 - 200 17824 text/javascript 53.4243ms
info: Microsoft.AspNetCore.StaticFiles.StaticFileMiddleware[2]
      Sending file. Request path: '/wpwizardpromo.js'. Physical path: 'C:\Inetpub\vhosts\megatransporte.mx\premios.megatransporte.mx\wpwizardpromo.js'
info: Microsoft.AspNetCore.Hosting.Diagnostics[2]
      Request finished HTTP/1.1 GET https://premios.megatransporte.mx/wpwizardpromo.js?2025102815462432 - 200 2360 text/javascript 52.9797ms
info: Microsoft.AspNetCore.Hosting.Diagnostics[1]
      Request starting HTTP/1.1 GET http://premios.megatransporte.mx/Resources/prompt.png - - -
info: Microsoft.AspNetCore.StaticFiles.StaticFileMiddleware[2]
      Sending file. Request path: '/prompt.png'. Physical path: 'C:\Inetpub\vhosts\megatransporte.mx\premios.megatransporte.mx\Resources\prompt.png'
info: Microsoft.AspNetCore.Hosting.Diagnostics[2]
      Request finished HTTP/1.1 GET https://premios.megatransporte.mx/Resources/prompt.png - 200 684 image/png 18.5276ms
info: Microsoft.AspNetCore.Hosting.Diagnostics[1]
      Request starting HTTP/1.1 POST http://premios.megatransporte.mx/wpwizardpromo.aspx?c01d04b1610243d2a2af23e7952e8b180bfd8e6c1d737d6bea0440094a9c24e8,V_0qdai610V8G9xohF7wIHbo5i6b-zVQluYnhRzTVmk,gxPopupLevel%3D0%3B - multipart/form-data;+boundary=----WebKitFormBoundary4P7q97AylpbZcQes 526599
info: Microsoft.AspNetCore.Hosting.Diagnostics[2]
      Request finished HTTP/1.1 POST https://premios.megatransporte.mx/wpwizardpromo.aspx?c01d04b1610243d2a2af23e7952e8b180bfd8e6c1d737d6bea0440094a9c24e8,V_0qdai610V8G9xohF7wIHbo5i6b-zVQluYnhRzTVmk,gxPopupLevel%3D0%3B - 200 - text/html 288.9803ms
info: Microsoft.AspNetCore.Hosting.Diagnostics[1]
      Request starting HTTP/1.1 POST http://premios.megatransporte.mx/wpwizardpromo.aspx?c01d04b1610243d2a2af23e7952e8b180bfd8e6c1d737d6bea0440094a9c24e8,V_0qdai610V8G9xohF7wIHbo5i6b-zVQluYnhRzTVmk,gxPopupLevel%3D0%3B - multipart/form-data;+boundary=----WebKitFormBoundarylFUAaMCp241481kc 613214
info: Microsoft.AspNetCore.Hosting.Diagnostics[2]
      Request finished HTTP/1.1 POST https://premios.megatransporte.mx/wpwizardpromo.aspx?c01d04b1610243d2a2af23e7952e8b180bfd8e6c1d737d6bea0440094a9c24e8,V_0qdai610V8G9xohF7wIHbo5i6b-zVQluYnhRzTVmk,gxPopupLevel%3D0%3B - 200 - text/html 99.7276ms
info: Microsoft.AspNetCore.Hosting.Diagnostics[1]
      Request starting HTTP/1.1 GET http://premios.megatransporte.mx/wpwizardpromo.aspx?V_0qdai610V8G9xohF7wIPS4yjRKD0Aou7N5iCQIAhSdy5wMOOifaMumBl9R1upKFRBxLFFvKbvsgA9PiZUdHw,gxPopupLevel%3D0%3B - - -
info: Microsoft.AspNetCore.Hosting.Diagnostics[2]
      Request finished HTTP/1.1 GET https://premios.megatransporte.mx/wpwizardpromo.aspx?V_0qdai610V8G9xohF7wIPS4yjRKD0Aou7N5iCQIAhSdy5wMOOifaMumBl9R1upKFRBxLFFvKbvsgA9PiZUdHw,gxPopupLevel%3D0%3B - 200 - text/html 1561.2981ms
info: Microsoft.AspNetCore.Hosting.Diagnostics[1]
      Request starting HTTP/1.1 GET http://premios.megatransporte.mx/wpwizardpromosegmentos.js?202510281546165 - - -
info: Microsoft.AspNetCore.StaticFiles.StaticFileMiddleware[2]
      Sending file. Request path: '/wpwizardpromosegmentos.js'. Physical path: 'C:\Inetpub\vhosts\megatransporte.mx\premios.megatransporte.mx\wpwizardpromosegmentos.js'
info: Microsoft.AspNetCore.Hosting.Diagnostics[2]
      Request finished HTTP/1.1 GET https://premios.megatransporte.mx/wpwizardpromosegmentos.js?202510281546165 - 200 13430 text/javascript 71.5736ms
info: Microsoft.AspNetCore.Hosting.Diagnostics[1]
      Request starting HTTP/1.1 GET http://premios.megatransporte.mx/Resources/WizardStepChecked.png - - -
info: Microsoft.AspNetCore.StaticFiles.StaticFileMiddleware[2]
      Sending file. Request path: '/WizardStepChecked.png'. Physical path: 'C:\Inetpub\vhosts\megatransporte.mx\premios.megatransporte.mx\Resources\WizardStepChecked.png'
info: Microsoft.AspNetCore.Hosting.Diagnostics[2]
      Request finished HTTP/1.1 GET https://premios.megatransporte.mx/Resources/WizardStepChecked.png - 200 382 image/png 18.8113ms
info: Microsoft.AspNetCore.Hosting.Diagnostics[1]
      Request starting HTTP/1.1 POST http://premios.megatransporte.mx/wpwizardpromo.aspx?c01d04b1610243d2a2af23e7952e8b180bfd8e6c1d737d6bea0440094a9c24e8,V_0qdai610V8G9xohF7wIPS4yjRKD0Aou7N5iCQIAhSdy5wMOOifaMumBl9R1upKFRBxLFFvKbvsgA9PiZUdHw,gxPopupLevel%3D0%3B,gx-no-cache=1778699802916 - application/json 14985
info: Microsoft.AspNetCore.Hosting.Diagnostics[2]
      Request finished HTTP/1.1 POST https://premios.megatransporte.mx/wpwizardpromo.aspx?c01d04b1610243d2a2af23e7952e8b180bfd8e6c1d737d6bea0440094a9c24e8,V_0qdai610V8G9xohF7wIPS4yjRKD0Aou7N5iCQIAhSdy5wMOOifaMumBl9R1upKFRBxLFFvKbvsgA9PiZUdHw,gxPopupLevel%3D0%3B,gx-no-cache=1778699802916 - 200 - application/json 15.0699ms
info: Microsoft.AspNetCore.Hosting.Diagnostics[1]
      Request starting HTTP/1.1 GET http://premios.megatransporte.mx/wpwizardpromo.aspx?V_0qdai610V8G9xohF7wICd6qBhD379_CpiUvQFcwFfuDGEKmotz_B1nkwHzgTSa,gxPopupLevel%3D0%3B - - -
info: Microsoft.AspNetCore.Hosting.Diagnostics[2]
      Request finished HTTP/1.1 GET https://premios.megatransporte.mx/wpwizardpromo.aspx?V_0qdai610V8G9xohF7wICd6qBhD379_CpiUvQFcwFfuDGEKmotz_B1nkwHzgTSa,gxPopupLevel%3D0%3B - 200 - text/html 1779.2095ms
info: Microsoft.AspNetCore.Hosting.Diagnostics[1]
      Request starting HTTP/1.1 GET http://premios.megatransporte.mx/wpwizardpromomodelos.js?2025102815461817 - - -
info: Microsoft.AspNetCore.StaticFiles.StaticFileMiddleware[2]
      Sending file. Request path: '/wpwizardpromomodelos.js'. Physical path: 'C:\Inetpub\vhosts\megatransporte.mx\premios.megatransporte.mx\wpwizardpromomodelos.js'
info: Microsoft.AspNetCore.Hosting.Diagnostics[2]
      Request finished HTTP/1.1 GET https://premios.megatransporte.mx/wpwizardpromomodelos.js?2025102815461817 - 200 17817 text/javascript 55.0704ms
info: Microsoft.AspNetCore.Hosting.Diagnostics[1]
      Request starting HTTP/1.1 POST http://premios.megatransporte.mx/wpwizardpromo.aspx?c01d04b1610243d2a2af23e7952e8b180bfd8e6c1d737d6bea0440094a9c24e8,V_0qdai610V8G9xohF7wICd6qBhD379_CpiUvQFcwFfuDGEKmotz_B1nkwHzgTSa,gxPopupLevel%3D0%3B,gx-no-cache=1778699825130 - application/json 41248
info: Microsoft.AspNetCore.Hosting.Diagnostics[2]
      Request finished HTTP/1.1 POST https://premios.megatransporte.mx/wpwizardpromo.aspx?c01d04b1610243d2a2af23e7952e8b180bfd8e6c1d737d6bea0440094a9c24e8,V_0qdai610V8G9xohF7wICd6qBhD379_CpiUvQFcwFfuDGEKmotz_B1nkwHzgTSa,gxPopupLevel%3D0%3B,gx-no-cache=1778699825130 - 200 - application/json 72.9696ms
info: Microsoft.AspNetCore.Hosting.Diagnostics[1]
      Request starting HTTP/1.1 GET http://premios.megatransporte.mx/wpwizardpromo.aspx?V_0qdai610V8G9xohF7wIHg_OF76KxuWh-LaGMmAKGBiyxzDgWDglwIDoYv8lgT9,gxPopupLevel%3D0%3B - - -
info: Microsoft.AspNetCore.Hosting.Diagnostics[2]
      Request finished HTTP/1.1 GET https://premios.megatransporte.mx/wpwizardpromo.aspx?V_0qdai610V8G9xohF7wIHg_OF76KxuWh-LaGMmAKGBiyxzDgWDglwIDoYv8lgT9,gxPopupLevel%3D0%3B - 200 - text/html 1042.5657ms
info: Microsoft.AspNetCore.Hosting.Diagnostics[1]
      Request starting HTTP/1.1 GET http://premios.megatransporte.mx/wpwizardpromoresumen.js?2025102815461676 - - -
info: Microsoft.AspNetCore.StaticFiles.StaticFileMiddleware[2]
      Sending file. Request path: '/wpwizardpromoresumen.js'. Physical path: 'C:\Inetpub\vhosts\megatransporte.mx\premios.megatransporte.mx\wpwizardpromoresumen.js'
info: Microsoft.AspNetCore.Hosting.Diagnostics[2]
      Request finished HTTP/1.1 GET https://premios.megatransporte.mx/wpwizardpromoresumen.js?2025102815461676 - 200 26927 text/javascript 101.8070ms
info: Microsoft.AspNetCore.Hosting.Diagnostics[1]
      Request starting HTTP/1.1 POST http://premios.megatransporte.mx/wpwizardpromo.aspx?c01d04b1610243d2a2af23e7952e8b180bfd8e6c1d737d6bea0440094a9c24e8,V_0qdai610V8G9xohF7wIHg_OF76KxuWh-LaGMmAKGBiyxzDgWDglwIDoYv8lgT9,gxPopupLevel%3D0%3B,gx-no-cache=1778699835371 - application/json 13393
info: Microsoft.AspNetCore.Hosting.Diagnostics[2]
      Request finished HTTP/1.1 POST https://premios.megatransporte.mx/wpwizardpromo.aspx?c01d04b1610243d2a2af23e7952e8b180bfd8e6c1d737d6bea0440094a9c24e8,V_0qdai610V8G9xohF7wIHg_OF76KxuWh-LaGMmAKGBiyxzDgWDglwIDoYv8lgT9,gxPopupLevel%3D0%3B,gx-no-cache=1778699835371 - 200 - application/json 9907.4992ms
info: Microsoft.AspNetCore.Hosting.Diagnostics[1]
      Request starting HTTP/1.1 POST http://premios.megatransporte.mx/wppromocion.aspx?c01d04b1610243d2a2af23e7952e8b180bfd8e6c1d737d6bea0440094a9c24e8,gx-no-cache=1778699845426 - application/json 587
info: Microsoft.AspNetCore.Hosting.Diagnostics[2]
      Request finished HTTP/1.1 POST https://premios.megatransporte.mx/wppromocion.aspx?c01d04b1610243d2a2af23e7952e8b180bfd8e6c1d737d6bea0440094a9c24e8,gx-no-cache=1778699845426 - 200 - application/json 6.7941ms
info: Microsoft.AspNetCore.Hosting.Diagnostics[1]
      Request starting HTTP/1.1 POST http://premios.megatransporte.mx/wppromocion.aspx?c01d04b1610243d2a2af23e7952e8b180bfd8e6c1d737d6bea0440094a9c24e8,gx-no-cache=1778699845574 - application/json 399
info: Microsoft.AspNetCore.Hosting.Diagnostics[2]
      Request finished HTTP/1.1 POST https://premios.megatransporte.mx/wppromocion.aspx?c01d04b1610243d2a2af23e7952e8b180bfd8e6c1d737d6bea0440094a9c24e8,gx-no-cache=1778699845574 - 200 - application/json 21.9638ms
info: Microsoft.AspNetCore.Hosting.Diagnostics[1]
      Request starting HTTP/1.1 GET http://premios.megatransporte.mx/wpusuario.aspx - - -
info: Microsoft.AspNetCore.Hosting.Diagnostics[2]
      Request finished HTTP/1.1 GET https://premios.megatransporte.mx/wpusuario.aspx - 200 - text/html 4701.7048ms
info: Microsoft.AspNetCore.Hosting.Diagnostics[1]
      Request starting HTTP/1.1 GET http://premios.megatransporte.mx/wpusuario.js?20265111131240 - - -
info: Microsoft.AspNetCore.StaticFiles.StaticFileMiddleware[2]
      Sending file. Request path: '/wpusuario.js'. Physical path: 'C:\Inetpub\vhosts\megatransporte.mx\premios.megatransporte.mx\wpusuario.js'
info: Microsoft.AspNetCore.Hosting.Diagnostics[2]
      Request finished HTTP/1.1 GET https://premios.megatransporte.mx/wpusuario.js?20265111131240 - 200 76101 text/javascript 120.0992ms
info: Microsoft.AspNetCore.Hosting.Diagnostics[1]
      Request starting HTTP/1.1 POST http://premios.megatransporte.mx/wpusuario.aspx?c01d04b1610243d2a2af23e7952e8b180bfd8e6c1d737d6bea0440094a9c24e8,gx-no-cache=1778699893265 - application/json 3061
info: Microsoft.AspNetCore.Hosting.Diagnostics[2]
      Request finished HTTP/1.1 POST https://premios.megatransporte.mx/wpusuario.aspx?c01d04b1610243d2a2af23e7952e8b180bfd8e6c1d737d6bea0440094a9c24e8,gx-no-cache=1778699893265 - 200 - application/json 15.7156ms
info: Microsoft.AspNetCore.Hosting.Diagnostics[1]
      Request starting HTTP/1.1 GET http://premios.megatransporte.mx/wpusuariodetalle.aspx?YZ86H9hRphPKMcHnmoOpF3dCdUt-74qEjnT-U1YRrRM - - -
info: Microsoft.AspNetCore.Hosting.Diagnostics[2]
      Request finished HTTP/1.1 GET https://premios.megatransporte.mx/wpusuariodetalle.aspx?YZ86H9hRphPKMcHnmoOpF3dCdUt-74qEjnT-U1YRrRM - 200 - text/html 10803.7468ms
info: Microsoft.AspNetCore.Hosting.Diagnostics[1]
      Request starting HTTP/1.1 GET http://premios.megatransporte.mx/wcdetalleusuariocol.js?202651111305271 - - -
info: Microsoft.AspNetCore.StaticFiles.StaticFileMiddleware[2]
      Sending file. Request path: '/wcdetalleusuariocol.js'. Physical path: 'C:\Inetpub\vhosts\megatransporte.mx\premios.megatransporte.mx\wcdetalleusuariocol.js'
info: Microsoft.AspNetCore.Hosting.Diagnostics[2]
      Request finished HTTP/1.1 GET https://premios.megatransporte.mx/wcdetalleusuariocol.js?202651111305271 - 200 32455 text/javascript 94.9225ms
info: Microsoft.AspNetCore.Hosting.Diagnostics[1]
      Request starting HTTP/1.1 GET http://premios.megatransporte.mx/wpusuariodetalledistribuidoresusuariowc.js?20265111130595 - - -
info: Microsoft.AspNetCore.StaticFiles.StaticFileMiddleware[2]
      Sending file. Request path: '/wpusuariodetalledistribuidoresusuariowc.js'. Physical path: 'C:\Inetpub\vhosts\megatransporte.mx\premios.megatransporte.mx\wpusuariodetalledistribuidoresusuariowc.js'
info: Microsoft.AspNetCore.Hosting.Diagnostics[2]
      Request finished HTTP/1.1 GET https://premios.megatransporte.mx/wpusuariodetalledistribuidoresusuariowc.js?20265111130595 - 200 31901 text/javascript 87.5979ms
info: Microsoft.AspNetCore.Hosting.Diagnostics[1]
      Request starting HTTP/1.1 GET http://premios.megatransporte.mx/DVelop/DateRangePicker/DateRangePickerRender.js?20265111632385 - - -
info: Microsoft.AspNetCore.StaticFiles.StaticFileMiddleware[2]
      Sending file. Request path: '/DVelop/DateRangePicker/DateRangePickerRender.js'. Physical path: 'C:\Inetpub\vhosts\megatransporte.mx\premios.megatransporte.mx\DVelop\DateRangePicker\DateRangePickerRender.js'
info: Microsoft.AspNetCore.Hosting.Diagnostics[2]
      Request finished HTTP/1.1 GET https://premios.megatransporte.mx/DVelop/DateRangePicker/DateRangePickerRender.js?20265111632385 - 200 3180 text/javascript 14.6110ms
info: Microsoft.AspNetCore.Hosting.Diagnostics[1]
      Request starting HTTP/1.1 GET http://premios.megatransporte.mx/wpusuariodetallefacturawc.js?202651111305699 - - -
info: Microsoft.AspNetCore.StaticFiles.StaticFileMiddleware[2]
      Sending file. Request path: '/wpusuariodetallefacturawc.js'. Physical path: 'C:\Inetpub\vhosts\megatransporte.mx\premios.megatransporte.mx\wpusuariodetallefacturawc.js'
info: Microsoft.AspNetCore.Hosting.Diagnostics[2]
      Request finished HTTP/1.1 GET https://premios.megatransporte.mx/wpusuariodetallefacturawc.js?202651111305699 - 200 60080 text/javascript 114.5244ms
info: Microsoft.AspNetCore.Hosting.Diagnostics[1]
      Request starting HTTP/1.1 GET http://premios.megatransporte.mx/wpusuariodetalle.js?20265111131275 - - -
info: Microsoft.AspNetCore.StaticFiles.StaticFileMiddleware[2]
      Sending file. Request path: '/wpusuariodetalle.js'. Physical path: 'C:\Inetpub\vhosts\megatransporte.mx\premios.megatransporte.mx\wpusuariodetalle.js'
info: Microsoft.AspNetCore.Hosting.Diagnostics[2]
      Request finished HTTP/1.1 GET https://premios.megatransporte.mx/wpusuariodetalle.js?20265111131275 - 200 5548 text/javascript 62.5714ms
info: Microsoft.AspNetCore.Hosting.Diagnostics[1]
      Request starting HTTP/1.1 POST http://premios.megatransporte.mx/wpusuariodetalle.aspx?c01d04b1610243d2a2af23e7952e8b180bfd8e6c1d737d6bea0440094a9c24e8,YZ86H9hRphPKMcHnmoOpF3dCdUt-74qEjnT-U1YRrRM,gx-no-cache=1778699910720 - application/json 1009
info: Microsoft.AspNetCore.Hosting.Diagnostics[2]
      Request finished HTTP/1.1 POST https://premios.megatransporte.mx/wpusuariodetalle.aspx?c01d04b1610243d2a2af23e7952e8b180bfd8e6c1d737d6bea0440094a9c24e8,YZ86H9hRphPKMcHnmoOpF3dCdUt-74qEjnT-U1YRrRM,gx-no-cache=1778699910720 - 200 - application/json 5.4014ms
info: Microsoft.AspNetCore.Hosting.Diagnostics[1]
      Request starting HTTP/1.1 GET http://premios.megatransporte.mx/wpasignardistribuidorusuario.aspx?B2G_wI7c186cAMIk2jCxr59JVamRLrfBcI60n-7BpjRbVYz6lIYINSRlrkSJgnir,gxPopupLevel%3D0%3B - - -
info: Microsoft.AspNetCore.Hosting.Diagnostics[2]
      Request finished HTTP/1.1 GET https://premios.megatransporte.mx/wpasignardistribuidorusuario.aspx?B2G_wI7c186cAMIk2jCxr59JVamRLrfBcI60n-7BpjRbVYz6lIYINSRlrkSJgnir,gxPopupLevel%3D0%3B - 200 - text/html 5653.3016ms
info: Microsoft.AspNetCore.Hosting.Diagnostics[1]
      Request starting HTTP/1.1 GET http://premios.megatransporte.mx/wpasignardistribuidorusuario.js?202510281546272 - - -
info: Microsoft.AspNetCore.StaticFiles.StaticFileMiddleware[2]
      Sending file. Request path: '/wpasignardistribuidorusuario.js'. Physical path: 'C:\Inetpub\vhosts\megatransporte.mx\premios.megatransporte.mx\wpasignardistribuidorusuario.js'
info: Microsoft.AspNetCore.Hosting.Diagnostics[2]
      Request finished HTTP/1.1 GET https://premios.megatransporte.mx/wpasignardistribuidorusuario.js?202510281546272 - 200 10514 text/javascript 53.7638ms
info: Microsoft.AspNetCore.Hosting.Diagnostics[1]
      Request starting HTTP/1.1 POST http://premios.megatransporte.mx/wpasignardistribuidorusuario.aspx?c01d04b1610243d2a2af23e7952e8b180bfd8e6c1d737d6bea0440094a9c24e8,B2G_wI7c186cAMIk2jCxr59JVamRLrfBcI60n-7BpjRbVYz6lIYINSRlrkSJgnir,gxPopupLevel%3D0%3B,gx-no-cache=1778699927720 - application/json 1846
info: Microsoft.AspNetCore.Hosting.Diagnostics[2]
      Request finished HTTP/1.1 POST https://premios.megatransporte.mx/wpasignardistribuidorusuario.aspx?c01d04b1610243d2a2af23e7952e8b180bfd8e6c1d737d6bea0440094a9c24e8,B2G_wI7c186cAMIk2jCxr59JVamRLrfBcI60n-7BpjRbVYz6lIYINSRlrkSJgnir,gxPopupLevel%3D0%3B,gx-no-cache=1778699927720 - 200 - application/json 8.8478ms
info: Microsoft.AspNetCore.Hosting.Diagnostics[1]
      Request starting HTTP/1.1 POST http://premios.megatransporte.mx/wpasignardistribuidorusuario.aspx?c01d04b1610243d2a2af23e7952e8b180bfd8e6c1d737d6bea0440094a9c24e8,B2G_wI7c186cAMIk2jCxr59JVamRLrfBcI60n-7BpjRbVYz6lIYINSRlrkSJgnir,gxPopupLevel%3D0%3B,gx-no-cache=1778699931353 - application/json 2505
info: Microsoft.AspNetCore.Hosting.Diagnostics[2]
      Request finished HTTP/1.1 POST https://premios.megatransporte.mx/wpasignardistribuidorusuario.aspx?c01d04b1610243d2a2af23e7952e8b180bfd8e6c1d737d6bea0440094a9c24e8,B2G_wI7c186cAMIk2jCxr59JVamRLrfBcI60n-7BpjRbVYz6lIYINSRlrkSJgnir,gxPopupLevel%3D0%3B,gx-no-cache=1778699931353 - 200 - application/json 115.0814ms
info: Microsoft.AspNetCore.Hosting.Diagnostics[1]
      Request starting HTTP/1.1 POST http://premios.megatransporte.mx/wpusuariodetalle.aspx?c01d04b1610243d2a2af23e7952e8b180bfd8e6c1d737d6bea0440094a9c24e8,YZ86H9hRphPKMcHnmoOpF3dCdUt-74qEjnT-U1YRrRM,gx-no-cache=1778699931605 - application/json 1001
info: Microsoft.AspNetCore.Hosting.Diagnostics[2]
      Request finished HTTP/1.1 POST https://premios.megatransporte.mx/wpusuariodetalle.aspx?c01d04b1610243d2a2af23e7952e8b180bfd8e6c1d737d6bea0440094a9c24e8,YZ86H9hRphPKMcHnmoOpF3dCdUt-74qEjnT-U1YRrRM,gx-no-cache=1778699931605 - 200 - application/json 21.3135ms
info: Microsoft.AspNetCore.Hosting.Diagnostics[1]
      Request starting HTTP/1.1 GET http://premios.megatransporte.mx/wpusuario.aspx - - -
info: Microsoft.AspNetCore.Hosting.Diagnostics[2]
      Request finished HTTP/1.1 GET https://premios.megatransporte.mx/wpusuario.aspx - 200 - text/html 520.0207ms
info: Microsoft.AspNetCore.Hosting.Diagnostics[1]
      Request starting HTTP/1.1 POST http://premios.megatransporte.mx/wpusuario.aspx?c01d04b1610243d2a2af23e7952e8b180bfd8e6c1d737d6bea0440094a9c24e8,gx-no-cache=1778699947648 - application/json 3060
info: Microsoft.AspNetCore.Hosting.Diagnostics[2]
      Request finished HTTP/1.1 POST https://premios.megatransporte.mx/wpusuario.aspx?c01d04b1610243d2a2af23e7952e8b180bfd8e6c1d737d6bea0440094a9c24e8,gx-no-cache=1778699947648 - 200 - application/json 8.1226ms
info: Microsoft.AspNetCore.Hosting.Diagnostics[1]
      Request starting HTTP/1.1 GET http://premios.megatransporte.mx/wpagregarusuario.aspx?vCUzpXUxrY5Gu4Gz5fvw9QMH_DkHRzPVWN3h_tnCP8tD_qySeoDQaLA5CEZMGWP5,gxPopupLevel%3D0%3B - - -
info: Microsoft.AspNetCore.Hosting.Diagnostics[2]
      Request finished HTTP/1.1 GET https://premios.megatransporte.mx/wpagregarusuario.aspx?vCUzpXUxrY5Gu4Gz5fvw9QMH_DkHRzPVWN3h_tnCP8tD_qySeoDQaLA5CEZMGWP5,gxPopupLevel%3D0%3B - 200 - text/html 4046.6614ms
info: Microsoft.AspNetCore.Hosting.Diagnostics[1]
      Request starting HTTP/1.1 GET http://premios.megatransporte.mx/wpagregarusuario.js?20265111131393 - - -
info: Microsoft.AspNetCore.StaticFiles.StaticFileMiddleware[2]
      Sending file. Request path: '/wpagregarusuario.js'. Physical path: 'C:\Inetpub\vhosts\megatransporte.mx\premios.megatransporte.mx\wpagregarusuario.js'
info: Microsoft.AspNetCore.Hosting.Diagnostics[2]
      Request finished HTTP/1.1 GET https://premios.megatransporte.mx/wpagregarusuario.js?20265111131393 - 200 57990 text/javascript 75.2064ms
info: Microsoft.AspNetCore.Hosting.Diagnostics[1]
      Request starting HTTP/1.1 POST http://premios.megatransporte.mx/wpagregarusuario.aspx?c01d04b1610243d2a2af23e7952e8b180bfd8e6c1d737d6bea0440094a9c24e8,vCUzpXUxrY5Gu4Gz5fvw9QMH_DkHRzPVWN3h_tnCP8tD_qySeoDQaLA5CEZMGWP5,gxPopupLevel%3D0%3B,gx-no-cache=1778699963763 - application/json 3987
info: Microsoft.AspNetCore.Hosting.Diagnostics[2]
      Request finished HTTP/1.1 POST https://premios.megatransporte.mx/wpagregarusuario.aspx?c01d04b1610243d2a2af23e7952e8b180bfd8e6c1d737d6bea0440094a9c24e8,vCUzpXUxrY5Gu4Gz5fvw9QMH_DkHRzPVWN3h_tnCP8tD_qySeoDQaLA5CEZMGWP5,gxPopupLevel%3D0%3B,gx-no-cache=1778699963763 - 200 - application/json 19.6929ms
info: Microsoft.AspNetCore.Hosting.Diagnostics[1]
      Request starting HTTP/1.1 GET http://premios.megatransporte.mx/Resources/WarningIcon.png - - -
info: Microsoft.AspNetCore.StaticFiles.StaticFileMiddleware[2]
      Sending file. Request path: '/WarningIcon.png'. Physical path: 'C:\Inetpub\vhosts\megatransporte.mx\premios.megatransporte.mx\Resources\WarningIcon.png'
info: Microsoft.AspNetCore.Hosting.Diagnostics[2]
      Request finished HTTP/1.1 GET https://premios.megatransporte.mx/Resources/WarningIcon.png - 200 1399 image/png 25.6400ms
info: Microsoft.AspNetCore.Hosting.Diagnostics[1]
      Request starting HTTP/1.1 POST http://premios.megatransporte.mx/wpagregarusuario.aspx?c01d04b1610243d2a2af23e7952e8b180bfd8e6c1d737d6bea0440094a9c24e8,vCUzpXUxrY5Gu4Gz5fvw9QMH_DkHRzPVWN3h_tnCP8tD_qySeoDQaLA5CEZMGWP5,gxPopupLevel%3D0%3B,gx-no-cache=1778700000607 - application/json 4019
info: Microsoft.AspNetCore.Hosting.Diagnostics[2]
      Request finished HTTP/1.1 POST https://premios.megatransporte.mx/wpagregarusuario.aspx?c01d04b1610243d2a2af23e7952e8b180bfd8e6c1d737d6bea0440094a9c24e8,vCUzpXUxrY5Gu4Gz5fvw9QMH_DkHRzPVWN3h_tnCP8tD_qySeoDQaLA5CEZMGWP5,gxPopupLevel%3D0%3B,gx-no-cache=1778700000607 - 200 - application/json 92.4790ms
info: Microsoft.AspNetCore.Hosting.Diagnostics[1]
      Request starting HTTP/1.1 POST http://premios.megatransporte.mx/wpusuario.aspx?c01d04b1610243d2a2af23e7952e8b180bfd8e6c1d737d6bea0440094a9c24e8,gx-no-cache=1778700000842 - application/json 2064
info: Microsoft.AspNetCore.Hosting.Diagnostics[2]
      Request finished HTTP/1.1 POST https://premios.megatransporte.mx/wpusuario.aspx?c01d04b1610243d2a2af23e7952e8b180bfd8e6c1d737d6bea0440094a9c24e8,gx-no-cache=1778700000842 - 200 - application/json 640.1095ms
info: Microsoft.AspNetCore.Hosting.Diagnostics[1]
      Request starting HTTP/1.1 POST http://premios.megatransporte.mx/wpusuario.aspx?c01d04b1610243d2a2af23e7952e8b180bfd8e6c1d737d6bea0440094a9c24e8,gx-no-cache=1778700013279 - application/json 190
info: Microsoft.AspNetCore.Hosting.Diagnostics[2]
      Request finished HTTP/1.1 POST https://premios.megatransporte.mx/wpusuario.aspx?c01d04b1610243d2a2af23e7952e8b180bfd8e6c1d737d6bea0440094a9c24e8,gx-no-cache=1778700013279 - 200 - application/json 827.6458ms
info: Microsoft.AspNetCore.Hosting.Diagnostics[1]
      Request starting HTTP/1.1 GET http://premios.megatransporte.mx/wwpbaseobjects/wwp_masterpagetopactionswc.js?202651111304987 - - -
info: Microsoft.AspNetCore.StaticFiles.StaticFileMiddleware[2]
      Sending file. Request path: '/wwpbaseobjects/wwp_masterpagetopactionswc.js'. Physical path: 'C:\Inetpub\vhosts\megatransporte.mx\premios.megatransporte.mx\wwpbaseobjects\wwp_masterpagetopactionswc.js'
info: Microsoft.AspNetCore.Hosting.Diagnostics[2]
      Request finished HTTP/1.1 GET https://premios.megatransporte.mx/wwpbaseobjects/wwp_masterpagetopactionswc.js?202651111304987 - 200 6294 text/javascript 11.6161ms
info: Microsoft.AspNetCore.Hosting.Diagnostics[1]
      Request starting HTTP/1.1 POST http://premios.megatransporte.mx/wpusuario.aspx?c01d04b1610243d2a2af23e7952e8b180bfd8e6c1d737d6bea0440094a9c24e8,gx-no-cache=1778700015696 - application/json 173
info: Microsoft.AspNetCore.Hosting.Diagnostics[2]
      Request finished HTTP/1.1 POST https://premios.megatransporte.mx/wpusuario.aspx?c01d04b1610243d2a2af23e7952e8b180bfd8e6c1d737d6bea0440094a9c24e8,gx-no-cache=1778700015696 - 200 - application/json 5.0642ms
info: Microsoft.AspNetCore.Hosting.Diagnostics[1]
      Request starting HTTP/1.1 GET http://premios.megatransporte.mx/login.aspx - - -
info: Microsoft.AspNetCore.Hosting.Diagnostics[2]
      Request finished HTTP/1.1 GET https://premios.megatransporte.mx/login.aspx - 200 - text/html 7.6285ms
info: Microsoft.AspNetCore.Hosting.Diagnostics[1]
      Request starting HTTP/1.1 POST http://premios.megatransporte.mx/login.aspx?c01d04b1610243d2a2af23e7952e8b18ccf1ace8cccda7702dd5098af72d56aa,gx-no-cache=1778700021683 - application/json 180
info: Microsoft.AspNetCore.Hosting.Diagnostics[2]
      Request finished HTTP/1.1 POST https://premios.megatransporte.mx/login.aspx?c01d04b1610243d2a2af23e7952e8b18ccf1ace8cccda7702dd5098af72d56aa,gx-no-cache=1778700021683 - 200 - application/json 70.5352ms
info: Microsoft.AspNetCore.Hosting.Diagnostics[1]
      Request starting HTTP/1.1 GET http://premios.megatransporte.mx/wpavisoprivacidad.aspx?rEgIdRC-uZGXtcX89e0013A3_W9o1on1oL712nvh8gAzcjyAjvu-uNGb-CNgSqsf,gxPopupLevel%3D0%3B - - -
info: Microsoft.AspNetCore.Hosting.Diagnostics[2]
      Request finished HTTP/1.1 GET https://premios.megatransporte.mx/wpavisoprivacidad.aspx?rEgIdRC-uZGXtcX89e0013A3_W9o1on1oL712nvh8gAzcjyAjvu-uNGb-CNgSqsf,gxPopupLevel%3D0%3B - 200 - text/html 1943.6072ms
info: Microsoft.AspNetCore.Hosting.Diagnostics[1]
      Request starting HTTP/1.1 GET http://premios.megatransporte.mx/wpavisoprivacidad.js?20265111131977 - - -
info: Microsoft.AspNetCore.Hosting.Diagnostics[1]
      Request starting HTTP/1.1 GET http://premios.megatransporte.mx/wwpbaseobjects/workwithplusmasterpagenoauth.js?20265111131103 - - -
info: Microsoft.AspNetCore.StaticFiles.StaticFileMiddleware[2]
      Sending file. Request path: '/wpavisoprivacidad.js'. Physical path: 'C:\Inetpub\vhosts\megatransporte.mx\premios.megatransporte.mx\wpavisoprivacidad.js'
info: Microsoft.AspNetCore.Hosting.Diagnostics[2]
      Request finished HTTP/1.1 GET https://premios.megatransporte.mx/wpavisoprivacidad.js?20265111131977 - 200 13529 text/javascript 60.7148ms
info: Microsoft.AspNetCore.StaticFiles.StaticFileMiddleware[2]
      Sending file. Request path: '/wwpbaseobjects/workwithplusmasterpagenoauth.js'. Physical path: 'C:\Inetpub\vhosts\megatransporte.mx\premios.megatransporte.mx\wwpbaseobjects\workwithplusmasterpagenoauth.js'
info: Microsoft.AspNetCore.Hosting.Diagnostics[2]
      Request finished HTTP/1.1 GET https://premios.megatransporte.mx/wwpbaseobjects/workwithplusmasterpagenoauth.js?20265111131103 - 200 12427 text/javascript 64.5762ms
info: Microsoft.AspNetCore.Hosting.Diagnostics[1]
      Request starting HTTP/1.1 POST http://premios.megatransporte.mx/wpavisoprivacidad.aspx?c01d04b1610243d2a2af23e7952e8b18ccf1ace8cccda7702dd5098af72d56aa,rEgIdRC-uZGXtcX89e0013A3_W9o1on1oL712nvh8gAzcjyAjvu-uNGb-CNgSqsf,gxPopupLevel%3D0%3B,gx-no-cache=1778700028292 - application/json 137
info: Microsoft.AspNetCore.Hosting.Diagnostics[2]
      Request finished HTTP/1.1 POST https://premios.megatransporte.mx/wpavisoprivacidad.aspx?c01d04b1610243d2a2af23e7952e8b18ccf1ace8cccda7702dd5098af72d56aa,rEgIdRC-uZGXtcX89e0013A3_W9o1on1oL712nvh8gAzcjyAjvu-uNGb-CNgSqsf,gxPopupLevel%3D0%3B,gx-no-cache=1778700028292 - 200 - application/json 3.6517ms
info: Microsoft.AspNetCore.Hosting.Diagnostics[1]
      Request starting HTTP/1.1 POST http://premios.megatransporte.mx/login.aspx?c01d04b1610243d2a2af23e7952e8b18ccf1ace8cccda7702dd5098af72d56aa,gx-no-cache=1778700028428 - application/json 180
info: Microsoft.AspNetCore.Hosting.Diagnostics[2]
      Request finished HTTP/1.1 POST https://premios.megatransporte.mx/login.aspx?c01d04b1610243d2a2af23e7952e8b18ccf1ace8cccda7702dd5098af72d56aa,gx-no-cache=1778700028428 - 200 - application/json 39.5892ms
info: Microsoft.AspNetCore.Hosting.Diagnostics[1]
      Request starting HTTP/1.1 GET http://premios.megatransporte.mx/inicio.aspx - - -
info: Microsoft.AspNetCore.Hosting.Diagnostics[2]
      Request finished HTTP/1.1 GET https://premios.megatransporte.mx/inicio.aspx - 200 - text/html 1942.6037ms
info: Microsoft.AspNetCore.Hosting.Diagnostics[1]
      Request starting HTTP/1.1 GET http://premios.megatransporte.mx/wplistapromocionesact.js?202651111305322 - - -
info: Microsoft.AspNetCore.StaticFiles.StaticFileMiddleware[2]
      Sending file. Request path: '/wplistapromocionesact.js'. Physical path: 'C:\Inetpub\vhosts\megatransporte.mx\premios.megatransporte.mx\wplistapromocionesact.js'
info: Microsoft.AspNetCore.Hosting.Diagnostics[2]
      Request finished HTTP/1.1 GET https://premios.megatransporte.mx/wplistapromocionesact.js?202651111305322 - 200 15151 text/javascript 57.2120ms
info: Microsoft.AspNetCore.Hosting.Diagnostics[1]
      Request starting HTTP/1.1 GET http://premios.megatransporte.mx/PublicTempStorage/multimedia/AUTO MAYO 2025_d1b256219c744dc6abcd0aa6f60a8176.jpg - - -
info: Microsoft.AspNetCore.StaticFiles.StaticFileMiddleware[2]
      Sending file. Request path: '/PublicTempStorage/multimedia/AUTO MAYO 2025_d1b256219c744dc6abcd0aa6f60a8176.jpg'. Physical path: 'C:\Inetpub\vhosts\megatransporte.mx\premios.megatransporte.mx\PublicTempStorage\multimedia\AUTO MAYO 2025_d1b256219c744dc6abcd0aa6f60a8176.jpg'
info: Microsoft.AspNetCore.Hosting.Diagnostics[2]
      Request finished HTTP/1.1 GET https://premios.megatransporte.mx/PublicTempStorage/multimedia/AUTO MAYO 2025_d1b256219c744dc6abcd0aa6f60a8176.jpg - 200 469328 image/jpeg 49.7139ms
info: Microsoft.AspNetCore.Hosting.Diagnostics[1]
      Request starting HTTP/1.1 GET http://premios.megatransporte.mx/wpfacturaspart.aspx - - -
info: Microsoft.AspNetCore.Hosting.Diagnostics[2]
      Request finished HTTP/1.1 GET https://premios.megatransporte.mx/wpfacturaspart.aspx - 200 - text/html 5443.0465ms
info: Microsoft.AspNetCore.Hosting.Diagnostics[1]
      Request starting HTTP/1.1 GET http://premios.megatransporte.mx/Window/InNewWindowRender.js?20265111632385 - - -
info: Microsoft.AspNetCore.StaticFiles.StaticFileMiddleware[2]
      Sending file. Request path: '/Window/InNewWindowRender.js'. Physical path: 'C:\Inetpub\vhosts\megatransporte.mx\premios.megatransporte.mx\Window\InNewWindowRender.js'
info: Microsoft.AspNetCore.Hosting.Diagnostics[2]
      Request finished HTTP/1.1 GET https://premios.megatransporte.mx/Window/InNewWindowRender.js?20265111632385 - 200 1714 text/javascript 13.2034ms
info: Microsoft.AspNetCore.Hosting.Diagnostics[1]
      Request starting HTTP/1.1 GET http://premios.megatransporte.mx/DVelop/Popover/WWPPopoverRender.js?20265111632385 - - -
info: Microsoft.AspNetCore.StaticFiles.StaticFileMiddleware[2]
      Sending file. Request path: '/DVelop/Popover/WWPPopoverRender.js'. Physical path: 'C:\Inetpub\vhosts\megatransporte.mx\premios.megatransporte.mx\DVelop\Popover\WWPPopoverRender.js'
info: Microsoft.AspNetCore.Hosting.Diagnostics[2]
      Request finished HTTP/1.1 GET https://premios.megatransporte.mx/DVelop/Popover/WWPPopoverRender.js?20265111632385 - 200 12194 text/javascript 90.9658ms
info: Microsoft.AspNetCore.Hosting.Diagnostics[1]
      Request starting HTTP/1.1 GET http://premios.megatransporte.mx/DVelop/Bootstrap/ConfirmPanel/BootstrapConfirmPanelRender.js?20265111632385 - - -
info: Microsoft.AspNetCore.StaticFiles.StaticFileMiddleware[2]
      Sending file. Request path: '/DVelop/Bootstrap/ConfirmPanel/BootstrapConfirmPanelRender.js'. Physical path: 'C:\Inetpub\vhosts\megatransporte.mx\premios.megatransporte.mx\DVelop\Bootstrap\ConfirmPanel\BootstrapConfirmPanelRender.js'
info: Microsoft.AspNetCore.Hosting.Diagnostics[2]
      Request finished HTTP/1.1 GET https://premios.megatransporte.mx/DVelop/Bootstrap/ConfirmPanel/BootstrapConfirmPanelRender.js?20265111632385 - 200 644 text/javascript 13.2022ms
info: Microsoft.AspNetCore.Hosting.Diagnostics[1]
      Request starting HTTP/1.1 GET http://premios.megatransporte.mx/wpfacturaspart.js?20265111131152 - - -
info: Microsoft.AspNetCore.StaticFiles.StaticFileMiddleware[2]
      Sending file. Request path: '/wpfacturaspart.js'. Physical path: 'C:\Inetpub\vhosts\megatransporte.mx\premios.megatransporte.mx\wpfacturaspart.js'
info: Microsoft.AspNetCore.Hosting.Diagnostics[2]
      Request finished HTTP/1.1 GET https://premios.megatransporte.mx/wpfacturaspart.js?20265111131152 - 200 106068 text/javascript 106.4669ms
info: Microsoft.AspNetCore.Hosting.Diagnostics[1]
      Request starting HTTP/1.1 POST http://premios.megatransporte.mx/agxpl_get.aspx?recordsetcachekey,1778700042762 - application/x-www-form-urlencoded 150
info: Microsoft.AspNetCore.Hosting.Diagnostics[1]
      Request starting HTTP/1.1 POST http://premios.megatransporte.mx/agxpl_get.aspx?recordsetcachekey,1778700042762 - application/x-www-form-urlencoded 143
info: Microsoft.AspNetCore.Hosting.Diagnostics[2]
      Request finished HTTP/1.1 POST https://premios.megatransporte.mx/agxpl_get.aspx?recordsetcachekey,1778700042762 - 200 - text/plain;+charset=utf-8 2.5103ms
info: Microsoft.AspNetCore.Hosting.Diagnostics[2]
      Request finished HTTP/1.1 POST https://premios.megatransporte.mx/agxpl_get.aspx?recordsetcachekey,1778700042762 - 200 - text/plain;+charset=utf-8 3.3330ms
info: Microsoft.AspNetCore.Hosting.Diagnostics[1]
      Request starting HTTP/1.1 POST http://premios.megatransporte.mx/agxpl_get.aspx?metadata,1778700042931 - application/x-www-form-urlencoded 688
info: Microsoft.AspNetCore.Hosting.Diagnostics[1]
      Request starting HTTP/1.1 POST http://premios.megatransporte.mx/agxpl_get.aspx?metadata,1778700042930 - application/x-www-form-urlencoded 695
info: Microsoft.AspNetCore.Hosting.Diagnostics[2]
      Request finished HTTP/1.1 POST https://premios.megatransporte.mx/agxpl_get.aspx?metadata,1778700042931 - 200 - text/xml;+charset=utf-8 16.0840ms
info: Microsoft.AspNetCore.Hosting.Diagnostics[2]
      Request finished HTTP/1.1 POST https://premios.megatransporte.mx/agxpl_get.aspx?metadata,1778700042930 - 200 - text/xml;+charset=utf-8 18.1485ms
info: Microsoft.AspNetCore.Hosting.Diagnostics[1]
      Request starting HTTP/1.1 POST http://premios.megatransporte.mx/agxpl_get.aspx?data,1778700043109 - application/x-www-form-urlencoded 660
info: Microsoft.AspNetCore.Hosting.Diagnostics[1]
      Request starting HTTP/1.1 POST http://premios.megatransporte.mx/agxpl_get.aspx?data,1778700043115 - application/x-www-form-urlencoded 667
info: Microsoft.AspNetCore.Hosting.Diagnostics[2]
      Request finished HTTP/1.1 POST https://premios.megatransporte.mx/agxpl_get.aspx?data,1778700043115 - 200 - text/xml;+charset=utf-8 328.6169ms
info: Microsoft.AspNetCore.Hosting.Diagnostics[2]
      Request finished HTTP/1.1 POST https://premios.megatransporte.mx/agxpl_get.aspx?data,1778700043109 - 200 - text/xml;+charset=utf-8 396.9767ms
info: Microsoft.AspNetCore.Hosting.Diagnostics[1]
      Request starting HTTP/1.1 POST http://premios.megatransporte.mx/wpfacturaspart.aspx?c01d04b1610243d2a2af23e7952e8b18ccf1ace8cccda7702dd5098af72d56aa,gx-no-cache=1778700048551 - application/json 2234
info: Microsoft.AspNetCore.Hosting.Diagnostics[2]
      Request finished HTTP/1.1 POST https://premios.megatransporte.mx/wpfacturaspart.aspx?c01d04b1610243d2a2af23e7952e8b18ccf1ace8cccda7702dd5098af72d56aa,gx-no-cache=1778700048551 - 200 - application/json 12.5945ms
info: Microsoft.AspNetCore.Hosting.Diagnostics[1]
      Request starting HTTP/1.1 GET http://premios.megatransporte.mx/wpfacturawizard.aspx?kAx2519x7ZNQt0zVHC4VODkpCPqAEoso2LkulCDG7uOke3L7UsPDhbe_6yRm4DS6 - - -
info: Microsoft.AspNetCore.Hosting.Diagnostics[2]
      Request finished HTTP/1.1 GET https://premios.megatransporte.mx/wpfacturawizard.aspx?kAx2519x7ZNQt0zVHC4VODkpCPqAEoso2LkulCDG7uOke3L7UsPDhbe_6yRm4DS6 - 200 - text/html 3605.4456ms
info: Microsoft.AspNetCore.Hosting.Diagnostics[1]
      Request starting HTTP/1.1 GET http://premios.megatransporte.mx/FileUpload/fileupload.min.js?20265111632385 - - -
info: Microsoft.AspNetCore.StaticFiles.StaticFileMiddleware[2]
      Sending file. Request path: '/FileUpload/fileupload.min.js'. Physical path: 'C:\Inetpub\vhosts\megatransporte.mx\premios.megatransporte.mx\FileUpload\fileupload.min.js'
info: Microsoft.AspNetCore.Hosting.Diagnostics[2]
      Request finished HTTP/1.1 GET https://premios.megatransporte.mx/FileUpload/fileupload.min.js?20265111632385 - 200 89136 text/javascript 314.8073ms
info: Microsoft.AspNetCore.Hosting.Diagnostics[1]
      Request starting HTTP/1.1 GET http://premios.megatransporte.mx/wpfacturawizardselecpromo.js?202651111305831 - - -
info: Microsoft.AspNetCore.StaticFiles.StaticFileMiddleware[2]
      Sending file. Request path: '/wpfacturawizardselecpromo.js'. Physical path: 'C:\Inetpub\vhosts\megatransporte.mx\premios.megatransporte.mx\wpfacturawizardselecpromo.js'
info: Microsoft.AspNetCore.Hosting.Diagnostics[2]
      Request finished HTTP/1.1 GET https://premios.megatransporte.mx/wpfacturawizardselecpromo.js?202651111305831 - 200 29432 text/javascript 72.5362ms
info: Microsoft.AspNetCore.Hosting.Diagnostics[1]
      Request starting HTTP/1.1 GET http://premios.megatransporte.mx/wpfacturawizard.js?2025102815462520 - - -
info: Microsoft.AspNetCore.StaticFiles.StaticFileMiddleware[2]
      Sending file. Request path: '/wpfacturawizard.js'. Physical path: 'C:\Inetpub\vhosts\megatransporte.mx\premios.megatransporte.mx\wpfacturawizard.js'
info: Microsoft.AspNetCore.Hosting.Diagnostics[2]
      Request finished HTTP/1.1 GET https://premios.megatransporte.mx/wpfacturawizard.js?2025102815462520 - 200 2368 text/javascript 16.1542ms
info: Microsoft.AspNetCore.Hosting.Diagnostics[1]
      Request starting HTTP/1.1 GET http://premios.megatransporte.mx/FileUpload/fileupload.min.css?20265111632385 - - -
info: Microsoft.AspNetCore.StaticFiles.StaticFileMiddleware[2]
      Sending file. Request path: '/FileUpload/fileupload.min.css'. Physical path: 'C:\Inetpub\vhosts\megatransporte.mx\premios.megatransporte.mx\FileUpload\fileupload.min.css'
info: Microsoft.AspNetCore.Hosting.Diagnostics[2]
      Request finished HTTP/1.1 GET https://premios.megatransporte.mx/FileUpload/fileupload.min.css?20265111632385 - 200 - text/css 12.6591ms
info: Microsoft.AspNetCore.Hosting.Diagnostics[1]
      Request starting HTTP/1.1 POST http://premios.megatransporte.mx/wpfacturawizard.aspx?c01d04b1610243d2a2af23e7952e8b18ccf1ace8cccda7702dd5098af72d56aa,kAx2519x7ZNQt0zVHC4VODkpCPqAEoso2LkulCDG7uOke3L7UsPDhbe_6yRm4DS6,gx-no-cache=1778700057503 - application/json 243
info: Microsoft.AspNetCore.Hosting.Diagnostics[2]
      Request finished HTTP/1.1 POST https://premios.megatransporte.mx/wpfacturawizard.aspx?c01d04b1610243d2a2af23e7952e8b18ccf1ace8cccda7702dd5098af72d56aa,kAx2519x7ZNQt0zVHC4VODkpCPqAEoso2LkulCDG7uOke3L7UsPDhbe_6yRm4DS6,gx-no-cache=1778700057503 - 200 - application/json 14.9429ms
info: Microsoft.AspNetCore.Hosting.Diagnostics[1]
      Request starting HTTP/1.1 POST http://premios.megatransporte.mx/rest/WPFacturaWizardLoadDVCombo - application/json 113
info: Microsoft.AspNetCore.Hosting.Diagnostics[2]
      Request finished HTTP/1.1 POST https://premios.megatransporte.mx/rest/WPFacturaWizardLoadDVCombo - 200 - application/json;+charset=utf-8 224.4773ms
info: Microsoft.AspNetCore.Hosting.Diagnostics[1]
      Request starting HTTP/1.1 POST http://premios.megatransporte.mx/wpfacturawizard.aspx?c01d04b1610243d2a2af23e7952e8b18ccf1ace8cccda7702dd5098af72d56aa,kAx2519x7ZNQt0zVHC4VODkpCPqAEoso2LkulCDG7uOke3L7UsPDhbe_6yRm4DS6 - multipart/form-data;+boundary=----WebKitFormBoundaryBc6cgbifqdMqhNW2 180122
info: Microsoft.AspNetCore.Hosting.Diagnostics[2]
      Request finished HTTP/1.1 POST https://premios.megatransporte.mx/wpfacturawizard.aspx?c01d04b1610243d2a2af23e7952e8b18ccf1ace8cccda7702dd5098af72d56aa,kAx2519x7ZNQt0zVHC4VODkpCPqAEoso2LkulCDG7uOke3L7UsPDhbe_6yRm4DS6 - 200 - text/html 20.8034ms
info: Microsoft.AspNetCore.Hosting.Diagnostics[1]
      Request starting HTTP/1.1 POST http://premios.megatransporte.mx/wpfacturawizard.aspx?c01d04b1610243d2a2af23e7952e8b18ccf1ace8cccda7702dd5098af72d56aa,kAx2519x7ZNQt0zVHC4VODkpCPqAEoso2LkulCDG7uOke3L7UsPDhbe_6yRm4DS6 - multipart/form-data;+boundary=----WebKitFormBoundaryNLOrXvUX91grJ5wc 183752
info: Microsoft.AspNetCore.Hosting.Diagnostics[2]
      Request finished HTTP/1.1 POST https://premios.megatransporte.mx/wpfacturawizard.aspx?c01d04b1610243d2a2af23e7952e8b18ccf1ace8cccda7702dd5098af72d56aa,kAx2519x7ZNQt0zVHC4VODkpCPqAEoso2LkulCDG7uOke3L7UsPDhbe_6yRm4DS6 - 200 - text/html 4469.6161ms
info: Microsoft.AspNetCore.Hosting.Diagnostics[1]
      Request starting HTTP/1.1 GET http://premios.megatransporte.mx/wpfacturawizard.aspx?kAx2519x7ZNQt0zVHC4VOEXPbDturEZ1Fm4YcsA_2_Ytp74tLC0Ky3ok4bWiyoplOuZySyT0LY8pTFde46T_uw - - -
info: Microsoft.AspNetCore.Hosting.Diagnostics[2]
      Request finished HTTP/1.1 GET https://premios.megatransporte.mx/wpfacturawizard.aspx?kAx2519x7ZNQt0zVHC4VOEXPbDturEZ1Fm4YcsA_2_Ytp74tLC0Ky3ok4bWiyoplOuZySyT0LY8pTFde46T_uw - 200 - text/html 9727.5575ms
info: Microsoft.AspNetCore.Hosting.Diagnostics[1]
      Request starting HTTP/1.1 GET http://premios.megatransporte.mx/wpfacturawizardselecmedidas.js?202651111305719 - - -
info: Microsoft.AspNetCore.StaticFiles.StaticFileMiddleware[2]
      Sending file. Request path: '/wpfacturawizardselecmedidas.js'. Physical path: 'C:\Inetpub\vhosts\megatransporte.mx\premios.megatransporte.mx\wpfacturawizardselecmedidas.js'
info: Microsoft.AspNetCore.Hosting.Diagnostics[2]
      Request finished HTTP/1.1 GET https://premios.megatransporte.mx/wpfacturawizardselecmedidas.js?202651111305719 - 200 21725 text/javascript 60.8459ms
info: Microsoft.AspNetCore.Hosting.Diagnostics[1]
      Request starting HTTP/1.1 POST http://premios.megatransporte.mx/wpfacturawizard.aspx?c01d04b1610243d2a2af23e7952e8b18ccf1ace8cccda7702dd5098af72d56aa,kAx2519x7ZNQt0zVHC4VOEXPbDturEZ1Fm4YcsA_2_Ytp74tLC0Ky3ok4bWiyoplOuZySyT0LY8pTFde46T_uw,gx-no-cache=1778700139384 - application/json 1651
info: Microsoft.AspNetCore.Hosting.Diagnostics[2]
      Request finished HTTP/1.1 POST https://premios.megatransporte.mx/wpfacturawizard.aspx?c01d04b1610243d2a2af23e7952e8b18ccf1ace8cccda7702dd5098af72d56aa,kAx2519x7ZNQt0zVHC4VOEXPbDturEZ1Fm4YcsA_2_Ytp74tLC0Ky3ok4bWiyoplOuZySyT0LY8pTFde46T_uw,gx-no-cache=1778700139384 - 200 - application/json 153.4220ms
info: Microsoft.AspNetCore.Hosting.Diagnostics[1]
      Request starting HTTP/1.1 GET http://premios.megatransporte.mx/wpfacturawizard.aspx?kAx2519x7ZNQt0zVHC4VOEbCX_jwOA5IgWmqlKhN5KlOADA2mQgWXQNixTFJ1IsvkHYwHofkD2I9UfhdG-856Q - - -
info: Microsoft.AspNetCore.Hosting.Diagnostics[2]
      Request finished HTTP/1.1 GET https://premios.megatransporte.mx/wpfacturawizard.aspx?kAx2519x7ZNQt0zVHC4VOEbCX_jwOA5IgWmqlKhN5KlOADA2mQgWXQNixTFJ1IsvkHYwHofkD2I9UfhdG-856Q - 200 - text/html 3042.5705ms
info: Microsoft.AspNetCore.Hosting.Diagnostics[1]
      Request starting HTTP/1.1 GET http://premios.megatransporte.mx/wpfacturawizardresumen.js?20265111130587 - - -
info: Microsoft.AspNetCore.StaticFiles.StaticFileMiddleware[2]
      Sending file. Request path: '/wpfacturawizardresumen.js'. Physical path: 'C:\Inetpub\vhosts\megatransporte.mx\premios.megatransporte.mx\wpfacturawizardresumen.js'
info: Microsoft.AspNetCore.Hosting.Diagnostics[2]
      Request finished HTTP/1.1 GET https://premios.megatransporte.mx/wpfacturawizardresumen.js?20265111130587 - 200 25131 text/javascript 67.2266ms
info: Microsoft.AspNetCore.Hosting.Diagnostics[1]
      Request starting HTTP/1.1 POST http://premios.megatransporte.mx/wpfacturawizard.aspx?c01d04b1610243d2a2af23e7952e8b18ccf1ace8cccda7702dd5098af72d56aa,kAx2519x7ZNQt0zVHC4VOEbCX_jwOA5IgWmqlKhN5KlOADA2mQgWXQNixTFJ1IsvkHYwHofkD2I9UfhdG-856Q,gx-no-cache=1778700160000 - application/json 231
info: Microsoft.AspNetCore.Hosting.Diagnostics[2]
      Request finished HTTP/1.1 POST https://premios.megatransporte.mx/wpfacturawizard.aspx?c01d04b1610243d2a2af23e7952e8b18ccf1ace8cccda7702dd5098af72d56aa,kAx2519x7ZNQt0zVHC4VOEbCX_jwOA5IgWmqlKhN5KlOADA2mQgWXQNixTFJ1IsvkHYwHofkD2I9UfhdG-856Q,gx-no-cache=1778700160000 - 200 - application/json 7.5609ms
info: Microsoft.AspNetCore.Hosting.Diagnostics[1]
      Request starting HTTP/1.1 GET http://premios.megatransporte.mx/wpfacturawizard.aspx?kAx2519x7ZNQt0zVHC4VOOtrSu_ihkB58vylkw1_ypjSEl_-KB8oIdMq4ziq5mj5KUsYYnfxN_aAlgdKGJBh7A - - -
info: Microsoft.AspNetCore.Hosting.Diagnostics[2]
      Request finished HTTP/1.1 GET https://premios.megatransporte.mx/wpfacturawizard.aspx?kAx2519x7ZNQt0zVHC4VOOtrSu_ihkB58vylkw1_ypjSEl_-KB8oIdMq4ziq5mj5KUsYYnfxN_aAlgdKGJBh7A - 200 - text/html 55.4388ms
info: Microsoft.AspNetCore.Hosting.Diagnostics[1]
      Request starting HTTP/1.1 POST http://premios.megatransporte.mx/wpfacturawizard.aspx?c01d04b1610243d2a2af23e7952e8b18ccf1ace8cccda7702dd5098af72d56aa,kAx2519x7ZNQt0zVHC4VOOtrSu_ihkB58vylkw1_ypjSEl_-KB8oIdMq4ziq5mj5KUsYYnfxN_aAlgdKGJBh7A,gx-no-cache=1778700162351 - application/json 1724
info: Microsoft.AspNetCore.Hosting.Diagnostics[2]
      Request finished HTTP/1.1 POST https://premios.megatransporte.mx/wpfacturawizard.aspx?c01d04b1610243d2a2af23e7952e8b18ccf1ace8cccda7702dd5098af72d56aa,kAx2519x7ZNQt0zVHC4VOOtrSu_ihkB58vylkw1_ypjSEl_-KB8oIdMq4ziq5mj5KUsYYnfxN_aAlgdKGJBh7A,gx-no-cache=1778700162351 - 200 - application/json 155.4176ms
info: Microsoft.AspNetCore.Hosting.Diagnostics[1]
      Request starting HTTP/1.1 GET http://premios.megatransporte.mx/wpfacturawizard.aspx?kAx2519x7ZNQt0zVHC4VOEbCX_jwOA5IgWmqlKhN5KlOADA2mQgWXQNixTFJ1IsvkHYwHofkD2I9UfhdG-856Q - - -
info: Microsoft.AspNetCore.Hosting.Diagnostics[2]
      Request finished HTTP/1.1 GET https://premios.megatransporte.mx/wpfacturawizard.aspx?kAx2519x7ZNQt0zVHC4VOEbCX_jwOA5IgWmqlKhN5KlOADA2mQgWXQNixTFJ1IsvkHYwHofkD2I9UfhdG-856Q - 200 - text/html 18.9007ms
info: Microsoft.AspNetCore.Hosting.Diagnostics[1]
      Request starting HTTP/1.1 POST http://premios.megatransporte.mx/wpfacturawizard.aspx?c01d04b1610243d2a2af23e7952e8b18ccf1ace8cccda7702dd5098af72d56aa,kAx2519x7ZNQt0zVHC4VOEbCX_jwOA5IgWmqlKhN5KlOADA2mQgWXQNixTFJ1IsvkHYwHofkD2I9UfhdG-856Q,gx-no-cache=1778700164906 - application/json 240
info: Microsoft.AspNetCore.Hosting.Diagnostics[2]
      Request finished HTTP/1.1 POST https://premios.megatransporte.mx/wpfacturawizard.aspx?c01d04b1610243d2a2af23e7952e8b18ccf1ace8cccda7702dd5098af72d56aa,kAx2519x7ZNQt0zVHC4VOEbCX_jwOA5IgWmqlKhN5KlOADA2mQgWXQNixTFJ1IsvkHYwHofkD2I9UfhdG-856Q,gx-no-cache=1778700164906 - 200 - application/json 3.9997ms
info: Microsoft.AspNetCore.Hosting.Diagnostics[1]
      Request starting HTTP/1.1 GET http://premios.megatransporte.mx/wpfacturawizard.aspx?kAx2519x7ZNQt0zVHC4VOOtrSu_ihkB58vylkw1_ypjSEl_-KB8oIdMq4ziq5mj5KUsYYnfxN_aAlgdKGJBh7A - - -
info: Microsoft.AspNetCore.Hosting.Diagnostics[2]
      Request finished HTTP/1.1 GET https://premios.megatransporte.mx/wpfacturawizard.aspx?kAx2519x7ZNQt0zVHC4VOOtrSu_ihkB58vylkw1_ypjSEl_-KB8oIdMq4ziq5mj5KUsYYnfxN_aAlgdKGJBh7A - 200 - text/html 28.3780ms
info: Microsoft.AspNetCore.Hosting.Diagnostics[1]
      Request starting HTTP/1.1 POST http://premios.megatransporte.mx/wpfacturawizard.aspx?c01d04b1610243d2a2af23e7952e8b18ccf1ace8cccda7702dd5098af72d56aa,kAx2519x7ZNQt0zVHC4VOOtrSu_ihkB58vylkw1_ypjSEl_-KB8oIdMq4ziq5mj5KUsYYnfxN_aAlgdKGJBh7A,gx-no-cache=1778700169015 - application/json 1717
info: Microsoft.AspNetCore.Hosting.Diagnostics[2]
      Request finished HTTP/1.1 POST https://premios.megatransporte.mx/wpfacturawizard.aspx?c01d04b1610243d2a2af23e7952e8b18ccf1ace8cccda7702dd5098af72d56aa,kAx2519x7ZNQt0zVHC4VOOtrSu_ihkB58vylkw1_ypjSEl_-KB8oIdMq4ziq5mj5KUsYYnfxN_aAlgdKGJBh7A,gx-no-cache=1778700169015 - 200 - application/json 4.4727ms
info: Microsoft.AspNetCore.Hosting.Diagnostics[1]
      Request starting HTTP/1.1 GET http://premios.megatransporte.mx/wpfacturawizard.aspx?kAx2519x7ZNQt0zVHC4VOEbCX_jwOA5IgWmqlKhN5Kn1wtwocwt8GhVBV_yROuV7OY6gZvHt3PXoF4vzOMdWrQ - - -
info: Microsoft.AspNetCore.Hosting.Diagnostics[2]
      Request finished HTTP/1.1 GET https://premios.megatransporte.mx/wpfacturawizard.aspx?kAx2519x7ZNQt0zVHC4VOEbCX_jwOA5IgWmqlKhN5Kn1wtwocwt8GhVBV_yROuV7OY6gZvHt3PXoF4vzOMdWrQ - 200 - text/html 74.1128ms
info: Microsoft.AspNetCore.Hosting.Diagnostics[1]
      Request starting HTTP/1.1 POST http://premios.megatransporte.mx/rest/WPFacturaWizardLoadDVCombo - application/json 113
info: Microsoft.AspNetCore.Hosting.Diagnostics[2]
      Request finished HTTP/1.1 POST https://premios.megatransporte.mx/rest/WPFacturaWizardLoadDVCombo - 200 - application/json;+charset=utf-8 19.2693ms
info: Microsoft.AspNetCore.Hosting.Diagnostics[1]
      Request starting HTTP/1.1 POST http://premios.megatransporte.mx/wpfacturawizard.aspx?c01d04b1610243d2a2af23e7952e8b18ccf1ace8cccda7702dd5098af72d56aa,kAx2519x7ZNQt0zVHC4VOEbCX_jwOA5IgWmqlKhN5Kn1wtwocwt8GhVBV_yROuV7OY6gZvHt3PXoF4vzOMdWrQ,gx-no-cache=1778700181831 - application/json 3886
info: Microsoft.AspNetCore.Hosting.Diagnostics[2]
      Request finished HTTP/1.1 POST https://premios.megatransporte.mx/wpfacturawizard.aspx?c01d04b1610243d2a2af23e7952e8b18ccf1ace8cccda7702dd5098af72d56aa,kAx2519x7ZNQt0zVHC4VOEbCX_jwOA5IgWmqlKhN5Kn1wtwocwt8GhVBV_yROuV7OY6gZvHt3PXoF4vzOMdWrQ,gx-no-cache=1778700181831 - 200 - application/json 5.7548ms
info: Microsoft.AspNetCore.Hosting.Diagnostics[1]
      Request starting HTTP/1.1 POST http://premios.megatransporte.mx/wpfacturawizard.aspx?c01d04b1610243d2a2af23e7952e8b18ccf1ace8cccda7702dd5098af72d56aa,kAx2519x7ZNQt0zVHC4VOEbCX_jwOA5IgWmqlKhN5Kn1wtwocwt8GhVBV_yROuV7OY6gZvHt3PXoF4vzOMdWrQ - multipart/form-data;+boundary=----WebKitFormBoundaryRjkzuuAuoBC6Gxzd 107242
info: Microsoft.AspNetCore.Hosting.Diagnostics[2]
      Request finished HTTP/1.1 POST https://premios.megatransporte.mx/wpfacturawizard.aspx?c01d04b1610243d2a2af23e7952e8b18ccf1ace8cccda7702dd5098af72d56aa,kAx2519x7ZNQt0zVHC4VOEbCX_jwOA5IgWmqlKhN5Kn1wtwocwt8GhVBV_yROuV7OY6gZvHt3PXoF4vzOMdWrQ - 200 - text/html 54.5580ms
info: Microsoft.AspNetCore.Hosting.Diagnostics[1]
      Request starting HTTP/1.1 POST http://premios.megatransporte.mx/wpfacturawizard.aspx?c01d04b1610243d2a2af23e7952e8b18ccf1ace8cccda7702dd5098af72d56aa,kAx2519x7ZNQt0zVHC4VOEbCX_jwOA5IgWmqlKhN5Kn1wtwocwt8GhVBV_yROuV7OY6gZvHt3PXoF4vzOMdWrQ - multipart/form-data;+boundary=----WebKitFormBoundarys0vLklcpplO3I08x 110921
info: Microsoft.AspNetCore.Hosting.Diagnostics[2]
      Request finished HTTP/1.1 POST https://premios.megatransporte.mx/wpfacturawizard.aspx?c01d04b1610243d2a2af23e7952e8b18ccf1ace8cccda7702dd5098af72d56aa,kAx2519x7ZNQt0zVHC4VOEbCX_jwOA5IgWmqlKhN5Kn1wtwocwt8GhVBV_yROuV7OY6gZvHt3PXoF4vzOMdWrQ - 200 - text/html 111.2624ms
info: Microsoft.AspNetCore.Hosting.Diagnostics[1]
      Request starting HTTP/1.1 GET http://premios.megatransporte.mx/wpfacturawizard.aspx?kAx2519x7ZNQt0zVHC4VOEXPbDturEZ1Fm4YcsA_2_Ytp74tLC0Ky3ok4bWiyoplOuZySyT0LY8pTFde46T_uw - - -
info: Microsoft.AspNetCore.Hosting.Diagnostics[2]
      Request finished HTTP/1.1 GET https://premios.megatransporte.mx/wpfacturawizard.aspx?kAx2519x7ZNQt0zVHC4VOEXPbDturEZ1Fm4YcsA_2_Ytp74tLC0Ky3ok4bWiyoplOuZySyT0LY8pTFde46T_uw - 200 - text/html 78.8377ms
info: Microsoft.AspNetCore.Hosting.Diagnostics[1]
      Request starting HTTP/1.1 POST http://premios.megatransporte.mx/wpfacturawizard.aspx?c01d04b1610243d2a2af23e7952e8b18ccf1ace8cccda7702dd5098af72d56aa,kAx2519x7ZNQt0zVHC4VOEXPbDturEZ1Fm4YcsA_2_Ytp74tLC0Ky3ok4bWiyoplOuZySyT0LY8pTFde46T_uw,gx-no-cache=1778700217130 - application/json 2441
info: Microsoft.AspNetCore.Hosting.Diagnostics[2]
      Request finished HTTP/1.1 POST https://premios.megatransporte.mx/wpfacturawizard.aspx?c01d04b1610243d2a2af23e7952e8b18ccf1ace8cccda7702dd5098af72d56aa,kAx2519x7ZNQt0zVHC4VOEXPbDturEZ1Fm4YcsA_2_Ytp74tLC0Ky3ok4bWiyoplOuZySyT0LY8pTFde46T_uw,gx-no-cache=1778700217130 - 200 - application/json 105.3513ms
info: Microsoft.AspNetCore.Hosting.Diagnostics[1]
      Request starting HTTP/1.1 GET http://premios.megatransporte.mx/wpfacturawizard.aspx?kAx2519x7ZNQt0zVHC4VOEbCX_jwOA5IgWmqlKhN5KlOADA2mQgWXQNixTFJ1IsvkHYwHofkD2I9UfhdG-856Q - - -
info: Microsoft.AspNetCore.Hosting.Diagnostics[2]
      Request finished HTTP/1.1 GET https://premios.megatransporte.mx/wpfacturawizard.aspx?kAx2519x7ZNQt0zVHC4VOEbCX_jwOA5IgWmqlKhN5KlOADA2mQgWXQNixTFJ1IsvkHYwHofkD2I9UfhdG-856Q - 200 - text/html 21.1172ms
info: Microsoft.AspNetCore.Hosting.Diagnostics[1]
      Request starting HTTP/1.1 POST http://premios.megatransporte.mx/wpfacturawizard.aspx?c01d04b1610243d2a2af23e7952e8b18ccf1ace8cccda7702dd5098af72d56aa,kAx2519x7ZNQt0zVHC4VOEbCX_jwOA5IgWmqlKhN5KlOADA2mQgWXQNixTFJ1IsvkHYwHofkD2I9UfhdG-856Q,gx-no-cache=1778700220071 - application/json 550
info: Microsoft.AspNetCore.Hosting.Diagnostics[2]
      Request finished HTTP/1.1 POST https://premios.megatransporte.mx/wpfacturawizard.aspx?c01d04b1610243d2a2af23e7952e8b18ccf1ace8cccda7702dd5098af72d56aa,kAx2519x7ZNQt0zVHC4VOEbCX_jwOA5IgWmqlKhN5KlOADA2mQgWXQNixTFJ1IsvkHYwHofkD2I9UfhdG-856Q,gx-no-cache=1778700220071 - 200 - application/json 89.4085ms
info: Microsoft.AspNetCore.Hosting.Diagnostics[1]
      Request starting HTTP/1.1 GET http://premios.megatransporte.mx/wpfacturaspart.aspx - - -
info: Microsoft.AspNetCore.Hosting.Diagnostics[2]
      Request finished HTTP/1.1 GET https://premios.megatransporte.mx/wpfacturaspart.aspx - 200 - text/html 57.8538ms
info: Microsoft.AspNetCore.Hosting.Diagnostics[1]
      Request starting HTTP/1.1 POST http://premios.megatransporte.mx/agxpl_get.aspx?recordsetcachekey,1778700220398 - application/x-www-form-urlencoded 143
info: Microsoft.AspNetCore.Hosting.Diagnostics[1]
      Request starting HTTP/1.1 POST http://premios.megatransporte.mx/agxpl_get.aspx?recordsetcachekey,1778700220399 - application/x-www-form-urlencoded 150
info: Microsoft.AspNetCore.Hosting.Diagnostics[2]
      Request finished HTTP/1.1 POST https://premios.megatransporte.mx/agxpl_get.aspx?recordsetcachekey,1778700220398 - 200 - text/plain;+charset=utf-8 1.3939ms
info: Microsoft.AspNetCore.Hosting.Diagnostics[2]
      Request finished HTTP/1.1 POST https://premios.megatransporte.mx/agxpl_get.aspx?recordsetcachekey,1778700220399 - 200 - text/plain;+charset=utf-8 8.8103ms
info: Microsoft.AspNetCore.Hosting.Diagnostics[1]
      Request starting HTTP/1.1 POST http://premios.megatransporte.mx/agxpl_get.aspx?metadata,1778700220564 - application/x-www-form-urlencoded 695
info: Microsoft.AspNetCore.Hosting.Diagnostics[1]
      Request starting HTTP/1.1 POST http://premios.megatransporte.mx/agxpl_get.aspx?metadata,1778700220562 - application/x-www-form-urlencoded 688
info: Microsoft.AspNetCore.Hosting.Diagnostics[2]
      Request finished HTTP/1.1 POST https://premios.megatransporte.mx/agxpl_get.aspx?metadata,1778700220562 - 200 - text/xml;+charset=utf-8 17.4155ms
info: Microsoft.AspNetCore.Hosting.Diagnostics[2]
      Request finished HTTP/1.1 POST https://premios.megatransporte.mx/agxpl_get.aspx?metadata,1778700220564 - 200 - text/xml;+charset=utf-8 17.4156ms
info: Microsoft.AspNetCore.Hosting.Diagnostics[1]
      Request starting HTTP/1.1 POST http://premios.megatransporte.mx/agxpl_get.aspx?data,1778700220734 - application/x-www-form-urlencoded 667
info: Microsoft.AspNetCore.Hosting.Diagnostics[1]
      Request starting HTTP/1.1 POST http://premios.megatransporte.mx/agxpl_get.aspx?data,1778700220733 - application/x-www-form-urlencoded 660
info: Microsoft.AspNetCore.Hosting.Diagnostics[2]
      Request finished HTTP/1.1 POST https://premios.megatransporte.mx/agxpl_get.aspx?data,1778700220734 - 200 - text/xml;+charset=utf-8 34.3094ms
info: Microsoft.AspNetCore.Hosting.Diagnostics[2]
      Request finished HTTP/1.1 POST https://premios.megatransporte.mx/agxpl_get.aspx?data,1778700220733 - 200 - text/xml;+charset=utf-8 36.6381ms
info: Microsoft.AspNetCore.Hosting.Diagnostics[1]
      Request starting HTTP/1.1 GET http://premios.megatransporte.mx/wpdetallefactura.aspx?NEyxXtkXWV1hu4OZq4ae71-pme9yz159_wK7vP7tI24 - - -
info: Microsoft.AspNetCore.Hosting.Diagnostics[2]
      Request finished HTTP/1.1 GET https://premios.megatransporte.mx/wpdetallefactura.aspx?NEyxXtkXWV1hu4OZq4ae71-pme9yz159_wK7vP7tI24 - 200 - text/html 5675.9425ms
info: Microsoft.AspNetCore.Hosting.Diagnostics[1]
      Request starting HTTP/1.1 GET http://premios.megatransporte.mx/wcpartidasfactura.js?202651111305827 - - -
info: Microsoft.AspNetCore.StaticFiles.StaticFileMiddleware[2]
      Sending file. Request path: '/wcpartidasfactura.js'. Physical path: 'C:\Inetpub\vhosts\megatransporte.mx\premios.megatransporte.mx\wcpartidasfactura.js'
info: Microsoft.AspNetCore.Hosting.Diagnostics[2]
      Request finished HTTP/1.1 GET https://premios.megatransporte.mx/wcpartidasfactura.js?202651111305827 - 200 39273 text/javascript 80.6270ms
info: Microsoft.AspNetCore.Hosting.Diagnostics[1]
      Request starting HTTP/1.1 GET http://premios.megatransporte.mx/wpdetallefactura.js?20265111131543 - - -
info: Microsoft.AspNetCore.StaticFiles.StaticFileMiddleware[2]
      Sending file. Request path: '/wpdetallefactura.js'. Physical path: 'C:\Inetpub\vhosts\megatransporte.mx\premios.megatransporte.mx\wpdetallefactura.js'
info: Microsoft.AspNetCore.Hosting.Diagnostics[2]
      Request finished HTTP/1.1 GET https://premios.megatransporte.mx/wpdetallefactura.js?20265111131543 - 200 27344 text/javascript 57.3816ms
info: Microsoft.AspNetCore.Hosting.Diagnostics[1]
      Request starting HTTP/1.1 GET http://premios.megatransporte.mx/inicio.aspx - - -
info: Microsoft.AspNetCore.Hosting.Diagnostics[2]
      Request finished HTTP/1.1 GET https://premios.megatransporte.mx/inicio.aspx - 200 - text/html 81.2686ms
info: Microsoft.AspNetCore.Hosting.Diagnostics[1]
      Request starting HTTP/1.1 POST http://premios.megatransporte.mx/inicio.aspx?c01d04b1610243d2a2af23e7952e8b18ccf1ace8cccda7702dd5098af72d56aa,gx-no-cache=1778700284274 - application/json 190
info: Microsoft.AspNetCore.Hosting.Diagnostics[2]
      Request finished HTTP/1.1 POST https://premios.megatransporte.mx/inicio.aspx?c01d04b1610243d2a2af23e7952e8b18ccf1ace8cccda7702dd5098af72d56aa,gx-no-cache=1778700284274 - 200 - application/json 5.3668ms
info: Microsoft.AspNetCore.Hosting.Diagnostics[1]
      Request starting HTTP/1.1 POST http://premios.megatransporte.mx/inicio.aspx?c01d04b1610243d2a2af23e7952e8b18ccf1ace8cccda7702dd5098af72d56aa,gx-no-cache=1778700285694 - application/json 173
info: Microsoft.AspNetCore.Hosting.Diagnostics[2]
      Request finished HTTP/1.1 POST https://premios.megatransporte.mx/inicio.aspx?c01d04b1610243d2a2af23e7952e8b18ccf1ace8cccda7702dd5098af72d56aa,gx-no-cache=1778700285694 - 200 - application/json 2.5892ms
info: Microsoft.AspNetCore.Hosting.Diagnostics[1]
      Request starting HTTP/1.1 GET http://premios.megatransporte.mx/login.aspx - - -
info: Microsoft.AspNetCore.Hosting.Diagnostics[2]
      Request finished HTTP/1.1 GET https://premios.megatransporte.mx/login.aspx - 200 - text/html 5.8741ms
info: Microsoft.AspNetCore.Hosting.Diagnostics[1]
      Request starting HTTP/1.1 POST http://premios.megatransporte.mx/login.aspx?c01d04b1610243d2a2af23e7952e8b18287696509088ab5eda879a24b4757647,gx-no-cache=1778700303574 - application/json 171
info: Microsoft.AspNetCore.Hosting.Diagnostics[2]
      Request finished HTTP/1.1 POST https://premios.megatransporte.mx/login.aspx?c01d04b1610243d2a2af23e7952e8b18287696509088ab5eda879a24b4757647,gx-no-cache=1778700303574 - 200 - application/json 301.4334ms
info: Microsoft.AspNetCore.Hosting.Diagnostics[1]
      Request starting HTTP/1.1 GET http://premios.megatransporte.mx/inicio.aspx - - -
info: Microsoft.AspNetCore.Hosting.Diagnostics[2]
      Request finished HTTP/1.1 GET https://premios.megatransporte.mx/inicio.aspx - 200 - text/html 14.0277ms
info: Microsoft.AspNetCore.Hosting.Diagnostics[1]
      Request starting HTTP/1.1 POST http://premios.megatransporte.mx/agxpl_get.aspx?recordsetcachekey,1778700304127 - application/x-www-form-urlencoded 212
info: Microsoft.AspNetCore.Hosting.Diagnostics[2]
      Request finished HTTP/1.1 POST https://premios.megatransporte.mx/agxpl_get.aspx?recordsetcachekey,1778700304127 - 200 - text/plain;+charset=utf-8 1.6111ms
info: Microsoft.AspNetCore.Hosting.Diagnostics[1]
      Request starting HTTP/1.1 POST http://premios.megatransporte.mx/agxpl_get.aspx?recordsetcachekey,1778700304127 - application/x-www-form-urlencoded 211
info: Microsoft.AspNetCore.Hosting.Diagnostics[1]
      Request starting HTTP/1.1 POST http://premios.megatransporte.mx/agxpl_get.aspx?recordsetcachekey,1778700304127 - application/x-www-form-urlencoded 205
info: Microsoft.AspNetCore.Hosting.Diagnostics[2]
      Request finished HTTP/1.1 POST https://premios.megatransporte.mx/agxpl_get.aspx?recordsetcachekey,1778700304127 - 200 - text/plain;+charset=utf-8 1.2809ms
info: Microsoft.AspNetCore.Hosting.Diagnostics[2]
      Request finished HTTP/1.1 POST https://premios.megatransporte.mx/agxpl_get.aspx?recordsetcachekey,1778700304127 - 200 - text/plain;+charset=utf-8 1.6671ms
info: Microsoft.AspNetCore.Hosting.Diagnostics[1]
      Request starting HTTP/1.1 POST http://premios.megatransporte.mx/agxpl_get.aspx?metadata,1778700304334 - application/x-www-form-urlencoded 595
info: Microsoft.AspNetCore.Hosting.Diagnostics[2]
      Request finished HTTP/1.1 POST https://premios.megatransporte.mx/agxpl_get.aspx?metadata,1778700304334 - 200 - text/xml;+charset=utf-8 4.0233ms
info: Microsoft.AspNetCore.Hosting.Diagnostics[1]
      Request starting HTTP/1.1 POST http://premios.megatransporte.mx/agxpl_get.aspx?metadata,1778700304346 - application/x-www-form-urlencoded 594
info: Microsoft.AspNetCore.Hosting.Diagnostics[1]
      Request starting HTTP/1.1 POST http://premios.megatransporte.mx/agxpl_get.aspx?metadata,1778700304350 - application/x-www-form-urlencoded 588
info: Microsoft.AspNetCore.Hosting.Diagnostics[2]
      Request finished HTTP/1.1 POST https://premios.megatransporte.mx/agxpl_get.aspx?metadata,1778700304346 - 200 - text/xml;+charset=utf-8 2.3271ms
info: Microsoft.AspNetCore.Hosting.Diagnostics[2]
      Request finished HTTP/1.1 POST https://premios.megatransporte.mx/agxpl_get.aspx?metadata,1778700304350 - 200 - text/xml;+charset=utf-8 2.4560ms
info: Microsoft.AspNetCore.Hosting.Diagnostics[1]
      Request starting HTTP/1.1 POST http://premios.megatransporte.mx/agxpl_get.aspx?data,1778700304447 - application/x-www-form-urlencoded 567
info: Microsoft.AspNetCore.Hosting.Diagnostics[2]
      Request finished HTTP/1.1 POST https://premios.megatransporte.mx/agxpl_get.aspx?data,1778700304447 - 200 - text/xml;+charset=utf-8 30.7220ms
info: Microsoft.AspNetCore.Hosting.Diagnostics[1]
      Request starting HTTP/1.1 POST http://premios.megatransporte.mx/agxpl_get.aspx?data,1778700304488 - application/x-www-form-urlencoded 560
info: Microsoft.AspNetCore.Hosting.Diagnostics[1]
      Request starting HTTP/1.1 POST http://premios.megatransporte.mx/agxpl_get.aspx?data,1778700304485 - application/x-www-form-urlencoded 566
info: Microsoft.AspNetCore.Hosting.Diagnostics[2]
      Request finished HTTP/1.1 POST https://premios.megatransporte.mx/agxpl_get.aspx?data,1778700304488 - 200 - text/xml;+charset=utf-8 6.6615ms
info: Microsoft.AspNetCore.Hosting.Diagnostics[2]
      Request finished HTTP/1.1 POST https://premios.megatransporte.mx/agxpl_get.aspx?data,1778700304485 - 200 - text/xml;+charset=utf-8 30.4854ms
info: Microsoft.AspNetCore.Hosting.Diagnostics[1]
      Request starting HTTP/1.1 GET http://premios.megatransporte.mx/wpmodelo.aspx - - -
info: Microsoft.AspNetCore.Hosting.Diagnostics[2]
      Request finished HTTP/1.1 GET https://premios.megatransporte.mx/wpmodelo.aspx - 200 - text/html 20.1935ms
info: Microsoft.AspNetCore.Hosting.Diagnostics[1]
      Request starting HTTP/1.1 POST http://premios.megatransporte.mx/wpmodelo.aspx?c01d04b1610243d2a2af23e7952e8b18287696509088ab5eda879a24b4757647,gx-no-cache=1778700312905 - application/json 780
info: Microsoft.AspNetCore.Hosting.Diagnostics[2]
      Request finished HTTP/1.1 POST https://premios.megatransporte.mx/wpmodelo.aspx?c01d04b1610243d2a2af23e7952e8b18287696509088ab5eda879a24b4757647,gx-no-cache=1778700312905 - 200 - application/json 20.6064ms
info: Microsoft.AspNetCore.Hosting.Diagnostics[1]
      Request starting HTTP/1.1 POST http://premios.megatransporte.mx/wpmodelo.aspx?c01d04b1610243d2a2af23e7952e8b18287696509088ab5eda879a24b4757647,gx-no-cache=1778700315952 - application/json 750
info: Microsoft.AspNetCore.Hosting.Diagnostics[2]
      Request finished HTTP/1.1 POST https://premios.megatransporte.mx/wpmodelo.aspx?c01d04b1610243d2a2af23e7952e8b18287696509088ab5eda879a24b4757647,gx-no-cache=1778700315952 - 200 - application/json 26.4769ms
info: Microsoft.AspNetCore.Hosting.Diagnostics[1]
      Request starting HTTP/1.1 POST http://premios.megatransporte.mx/wpmodelo.aspx?c01d04b1610243d2a2af23e7952e8b18287696509088ab5eda879a24b4757647,gx-no-cache=1778700320953 - application/json 1188
info: Microsoft.AspNetCore.Hosting.Diagnostics[2]
      Request finished HTTP/1.1 POST https://premios.megatransporte.mx/wpmodelo.aspx?c01d04b1610243d2a2af23e7952e8b18287696509088ab5eda879a24b4757647,gx-no-cache=1778700320953 - 200 - application/json 5.8416ms
info: Microsoft.AspNetCore.Hosting.Diagnostics[1]
      Request starting HTTP/1.1 GET http://premios.megatransporte.mx/wpmedidamodelo.aspx?WF2YmCuKT8lPFgDwJJ1SbdjoZwjMIw8vyF-NJRgTcpc - - -
info: Microsoft.AspNetCore.Hosting.Diagnostics[2]
      Request finished HTTP/1.1 GET https://premios.megatransporte.mx/wpmedidamodelo.aspx?WF2YmCuKT8lPFgDwJJ1SbdjoZwjMIw8vyF-NJRgTcpc - 200 - text/html 98.1212ms
info: Microsoft.AspNetCore.Hosting.Diagnostics[1]
      Request starting HTTP/1.1 GET http://premios.megatransporte.mx/wpmodelo.aspx - - -
info: Microsoft.AspNetCore.Hosting.Diagnostics[2]
      Request finished HTTP/1.1 GET https://premios.megatransporte.mx/wpmodelo.aspx - 200 - text/html 31.4059ms
info: Microsoft.AspNetCore.Hosting.Diagnostics[1]
      Request starting HTTP/1.1 POST http://127.0.0.1:20794/iisintegration - - 0
info: Microsoft.AspNetCore.Hosting.Diagnostics[2]
      Request finished HTTP/1.1 POST http://127.0.0.1:20794/iisintegration - 202 0 - 0.1944ms
